Log file open, 11/26/18 23:12:21
LogWindows: Failed to load 'aqProf.dll' (GetLastError=126)
LogWindows: File 'aqProf.dll' does not exist
LogWindows: Failed to load 'VSPerf140.dll' (GetLastError=126)
LogWindows: File 'VSPerf140.dll' does not exist
LogWindows: Failed to load 'VtuneApi.dll' (GetLastError=126)
LogWindows: File 'VtuneApi.dll' does not exist
LogWindows: Failed to load 'VtuneApi32e.dll' (GetLastError=126)
LogWindows: File 'VtuneApi32e.dll' does not exist
LogInit: Display: Running engine for game: Bjourn
LogPlatformFile: Not using cached read wrapper
LogTaskGraph: Started task graph with 5 named threads and 17 total threads with 3 sets of task threads.
LogStats: Stats thread started at 0.422461
LogD3D11RHI: Loaded GFSDK_Aftermath_Lib.x64.dll
LogICUInternationalization: Display: ICU TimeZone Detection - Raw Offset: -6:00, Platform Override: ''
LogPluginManager: Mounting plugin Paper2D
LogPluginManager: Mounting plugin AISupport
LogPluginManager: Mounting plugin LightPropagationVolume
LogPluginManager: Mounting plugin CLionSourceCodeAccess
LogPluginManager: Mounting plugin CodeLiteSourceCodeAccess
LogPluginManager: Mounting plugin GitSourceControl
LogPluginManager: Mounting plugin KDevelopSourceCodeAccess
LogPluginManager: Mounting plugin NullSourceCodeAccess
LogPluginManager: Mounting plugin PerforceSourceControl
LogPluginManager: Mounting plugin SubversionSourceControl
LogPluginManager: Mounting plugin UObjectPlugin
LogPluginManager: Mounting plugin VisualStudioCodeSourceCodeAccess
LogPluginManager: Mounting plugin VisualStudioSourceCodeAccess
LogPluginManager: Mounting plugin XCodeSourceCodeAccess
LogPluginManager: Mounting plugin AssetManagerEditor
LogPluginManager: Mounting plugin CryptoKeys
LogPluginManager: Mounting plugin DataValidation
LogPluginManager: Mounting plugin FacialAnimation
LogPluginManager: Mounting plugin GameplayTagsEditor
LogPluginManager: Mounting plugin MacGraphicsSwitching
LogPluginManager: Mounting plugin MeshEditor
LogPluginManager: Mounting plugin MobileLauncherProfileWizard
LogPluginManager: Mounting plugin PluginBrowser
LogPluginManager: Mounting plugin SpeedTreeImporter
LogPluginManager: Mounting plugin DatasmithContent
LogPluginManager: Mounting plugin AlembicImporter
LogPluginManager: Mounting plugin AppleImageUtils
LogPluginManager: Mounting plugin AppleVision
LogPluginManager: Mounting plugin BackChannel
LogPluginManager: Mounting plugin CharacterAI
LogPluginManager: Mounting plugin GeometryCache
LogPluginManager: Mounting plugin HTML5Networking
LogPluginManager: Mounting plugin ProxyLODPlugin
LogPluginManager: Mounting plugin MagicLeap
LogPluginManager: Mounting plugin MagicLeapEmulator
LogPluginManager: Mounting plugin MagicLeapMedia
LogPluginManager: Mounting plugin AndroidMedia
LogPluginManager: Mounting plugin AvfMedia
LogPluginManager: Mounting plugin ImgMedia
LogPluginManager: Mounting plugin LinearTimecode
LogPluginManager: Mounting plugin MediaCompositing
LogPluginManager: Mounting plugin MediaPlayerEditor
LogPluginManager: Mounting plugin WmfMedia
LogPluginManager: Mounting plugin TcpMessaging
LogPluginManager: Mounting plugin UdpMessaging
LogPluginManager: Mounting plugin ActorSequence
LogPluginManager: Mounting plugin LevelSequenceEditor
LogPluginManager: Mounting plugin MatineeToLevelSequence
LogPluginManager: Mounting plugin NetcodeUnitTest
LogPluginManager: Mounting plugin NUTUnrealEngine4
LogPluginManager: Mounting plugin OnlineSubsystemGooglePlay
LogPluginManager: Mounting plugin OnlineSubsystemIOS
LogPluginManager: Mounting plugin OnlineSubsystem
LogPluginManager: Mounting plugin OnlineSubsystemNull
LogPluginManager: Mounting plugin OnlineSubsystemUtils
LogPluginManager: Mounting plugin LauncherChunkInstaller
LogPluginManager: Mounting plugin AndroidDeviceProfileSelector
LogPluginManager: Mounting plugin AndroidMoviePlayer
LogPluginManager: Mounting plugin AndroidPermission
LogPluginManager: Mounting plugin AppleMoviePlayer
LogPluginManager: Mounting plugin ArchVisCharacter
LogPluginManager: Mounting plugin AudioCapture
LogPluginManager: Mounting plugin CableComponent
LogPluginManager: Mounting plugin CustomMeshComponent
LogPluginManager: Mounting plugin EditableMesh
LogPluginManager: Mounting plugin ExampleDeviceProfileSelector
LogPluginManager: Mounting plugin GoogleCloudMessaging
LogPluginManager: Mounting plugin ImmediatePhysics
LogPluginManager: Mounting plugin IOSDeviceProfileSelector
LogPluginManager: Mounting plugin LinuxDeviceProfileSelector
LogPluginManager: Mounting plugin LocationServicesBPLibrary
LogPluginManager: Mounting plugin MobilePatchingUtils
LogPluginManager: Mounting plugin OculusVR
LogPluginManager: Plugin shader directory ../../../Engine/Plugins/Runtime/Oculus/OculusVR/Shaders found
LogPluginManager: Mapping shader source directory ../../../Engine/Plugins/Runtime/Oculus/OculusVR/Shaders to virtual directory /Plugin/OculusVR
LogPluginManager: Mounting plugin PhysXVehicles
LogPluginManager: Mounting plugin ProceduralMeshComponent
LogPluginManager: Mounting plugin RuntimePhysXCooking
LogPluginManager: Mounting plugin SteamVR
LogPluginManager: Mounting plugin WindowsMoviePlayer
LogStreaming: Display: Took  0.233s to configure plugins.
LogInit: Using libcurl 7.55.1-DEV
LogInit:  - built for x86_64-pc-win32
LogInit:  - supports SSL with OpenSSL/1.0.2h
LogInit:  - supports HTTP deflate (compression) using libz 1.2.8
LogInit:  - other features:
LogInit:      CURL_VERSION_SSL
LogInit:      CURL_VERSION_LIBZ
LogInit:      CURL_VERSION_IPV6
LogInit:      CURL_VERSION_ASYNCHDNS
LogInit:      CURL_VERSION_LARGEFILE
LogInit:      CURL_VERSION_IDN
LogInit:  CurlRequestOptions (configurable via config and command line):
LogInit:  - bVerifyPeer = false  - Libcurl will NOT verify peer certificate
LogInit:  - bUseHttpProxy = false  - Libcurl will NOT use HTTP proxy
LogInit:  - bDontReuseConnections = false  - Libcurl will reuse connections
LogInit:  - CertBundlePath = nullptr  - Libcurl will use whatever was configured at build time.
LogInit:  - MaxHostConnections = 16  - Libcurl will limit the number of connections to a host
LogInit:  - LocalHostAddr = Default
LogInit:  - BufferSize = 65536
LogInit: WinSock: version 1.1 (2.2), MaxSocks=32767, MaxUdp=65467
LogInit: Build: ++UE4+Release-4.20-CL-4369336
LogInit: Engine Version: 4.20.3-4369336+++UE4+Release-4.20
LogInit: Compatible Engine Version: 4.20.0-4212847+++UE4+Release-4.20
LogInit: Net CL: 4212847
LogInit: OS: Windows 10 (), CPU: AMD FX(tm)-6120 Six-Core Processor             , GPU: NVIDIA GeForce GTX 660 Ti
LogInit: Compiled (64-bit): Sep 17 2018 12:26:19
LogInit: Compiled with Visual C++: 19.13.26129.00
LogInit: Build Configuration: Development
LogInit: Branch Name: ++UE4+Release-4.20
LogInit: Command Line:  
LogInit: Base Directory: C:/Program Files/Epic Games/UE_4.20/Engine/Binaries/Win64/
LogInit: Installed Engine Build: 1
LogDevObjectVersion: Number of dev versions registered: 20
LogDevObjectVersion:   Dev-Blueprints (B0D832E4-1F89-4F0D-ACCF-7EB736FD4AA2): 10
LogDevObjectVersion:   Dev-Build (E1C64328-A22C-4D53-A36C-8E866417BD8C): 0
LogDevObjectVersion:   Dev-Core (375EC13C-06E4-48FB-B500-84F0262A717E): 2
LogDevObjectVersion:   Dev-Editor (E4B068ED-F494-42E9-A231-DA0B2E46BB41): 24
LogDevObjectVersion:   Dev-Framework (CFFC743F-43B0-4480-9391-14DF171D2073): 34
LogDevObjectVersion:   Dev-Mobile (B02B49B5-BB20-44E9-A304-32B752E40360): 2
LogDevObjectVersion:   Dev-Networking (A4E4105C-59A1-49B5-A7C5-40C4547EDFEE): 0
LogDevObjectVersion:   Dev-Online (39C831C9-5AE6-47DC-9A44-9C173E1C8E7C): 0
LogDevObjectVersion:   Dev-Physics (78F01B33-EBEA-4F98-B9B4-84EACCB95AA2): 0
LogDevObjectVersion:   Dev-Platform (6631380F-2D4D-43E0-8009-CF276956A95A): 0
LogDevObjectVersion:   Dev-Rendering (12F88B9F-8875-4AFC-A67C-D90C383ABD29): 26
LogDevObjectVersion:   Dev-Sequencer (7B5AE74C-D270-4C10-A958-57980B212A5A): 9
LogDevObjectVersion:   Dev-VR (D7296918-1DD6-4BDD-9DE2-64A83CC13884): 2
LogDevObjectVersion:   Dev-LoadTimes (C2A15278-BFE7-4AFE-6C17-90FF531DF755): 1
LogDevObjectVersion:   Private-Geometry (6EACA3D4-40EC-4CC1-B786-8BED09428FC5): 3
LogDevObjectVersion:   Dev-AnimPhys (29E575DD-E0A3-4627-9D10-D276232CDCEA): 17
LogDevObjectVersion:   Dev-ReflectionCapture (6B266CEC-1EC7-4B8F-A30B-E4D90942FC07): 1
LogDevObjectVersion:   Dev-Automation (0DF73D61-A23F-47EA-B727-89E90C41499A): 1
LogDevObjectVersion:   FortniteMain (601D1886-AC64-4F84-AA16-D3DE0DEAC7D6): 12
LogDevObjectVersion:   Dev-Enterprise (9DFFBCD6-494F-0158-E221-12823C92A888): 1
LogStreaming: Display: Took  0.001s to delete old logs.
LogInit: Presizing for max 8388607 objects, including 0 objects not considered by GC, pre-allocating 0 bytes for permanent pool.
LogInit: Object subsystem initialized
[2018.11.27-05.12.22:036][  0]LogInit: Selected Device Profile: [Windows]
[2018.11.27-05.12.22:036][  0]LogInit: Applying CVar settings loaded from the selected device profile: [Windows]
[2018.11.27-05.12.22:094][  0]LogHAL: Display: Platform has ~ 10 GB [10491457536 / 17179869184 / 10], which maps to Default [LargestMinGB=32, LargerMinGB=12, DefaultMinGB=8, SmallerMinGB=6, SmallestMinGB=0)
[2018.11.27-05.12.22:094][  0]LogInit: Setting Device Profile CVar: [[r.Vulkan.UseRealUBs:1]]
[2018.11.27-05.12.22:094][  0]LogInit: Going up to parent DeviceProfile []
[2018.11.27-05.12.22:095][  0]LogInit: Computer: DESKTOP-RPLIV76
[2018.11.27-05.12.22:095][  0]LogInit: User: mytho
[2018.11.27-05.12.22:095][  0]LogInit: CPU Page size=4096, Cores=3
[2018.11.27-05.12.22:095][  0]LogInit: High frequency timer resolution =3.409425 MHz
[2018.11.27-05.12.22:095][  0]LogMemory: Memory total: Physical=9.8GB (10GB approx)
[2018.11.27-05.12.22:095][  0]LogMemory: Platform Memory Stats for Windows
[2018.11.27-05.12.22:095][  0]LogMemory: Process Physical Memory: 101.44 MB used, 101.44 MB peak
[2018.11.27-05.12.22:095][  0]LogMemory: Process Virtual Memory: 85.71 MB used, 85.71 MB peak
[2018.11.27-05.12.22:095][  0]LogMemory: Physical Memory: 3596.07 MB used,  6409.37 MB free, 10005.43 MB total
[2018.11.27-05.12.22:095][  0]LogMemory: Virtual Memory: 4626.99 MB used,  6409.37 MB free, 134217728.00 MB total
[2018.11.27-05.12.22:939][  0]LogInit: Using OS detected language (en-US).
[2018.11.27-05.12.22:939][  0]LogInit: Using OS detected locale (en-US).
[2018.11.27-05.12.22:941][  0]LogTextLocalizationManager: No specific localization for 'en-US' exists, so the 'en' localization will be used.
[2018.11.27-05.12.24:030][  0]LogStreaming: Display: Took  1.091s to InitEngineTextLocalization.
[2018.11.27-05.12.24:031][  0]LogInit: Setting process to per monitor DPI aware
[2018.11.27-05.12.24:243][  0]LogSlate: New Slate User Created.  User Index 0, Is Virtual User: 0
[2018.11.27-05.12.24:243][  0]LogSlate: Slate User Registered.  User Index 0, Is Virtual User: 0
[2018.11.27-05.12.31:407][  0]LogHMD: Failed to initialize OpenVR with code 110
[2018.11.27-05.12.31:407][  0]LogD3D11RHI: D3D11 adapters:
[2018.11.27-05.12.31:486][  0]LogD3D11RHI:    0. 'NVIDIA GeForce GTX 660 Ti' (Feature Level 11_0)
[2018.11.27-05.12.31:486][  0]LogD3D11RHI:       2015/0/5002 MB DedicatedVideo/DedicatedSystem/SharedSystem, Outputs:1, VendorId:0x10de
[2018.11.27-05.12.31:489][  0]LogD3D11RHI:    1. 'Microsoft Basic Render Driver' (Feature Level 11_0)
[2018.11.27-05.12.31:489][  0]LogD3D11RHI:       0/0/5002 MB DedicatedVideo/DedicatedSystem/SharedSystem, Outputs:0, VendorId:0x1414
[2018.11.27-05.12.31:489][  0]LogD3D11RHI: Chosen D3D11 Adapter: 0
[2018.11.27-05.12.31:498][  0]LogD3D11RHI: Creating new Direct3DDevice
[2018.11.27-05.12.31:498][  0]LogD3D11RHI:     GPU DeviceId: 0x1183 (for the marketing name, search the web for "GPU Device Id")
[2018.11.27-05.12.31:498][  0]LogWindows: EnumDisplayDevices:
[2018.11.27-05.12.31:498][  0]LogWindows:    0. 'NVIDIA GeForce GTX 660 Ti' (P:1 D:1)
[2018.11.27-05.12.31:499][  0]LogWindows:    1. 'NVIDIA GeForce GTX 660 Ti' (P:0 D:0)
[2018.11.27-05.12.31:499][  0]LogWindows:    2. 'NVIDIA GeForce GTX 660 Ti' (P:0 D:0)
[2018.11.27-05.12.31:499][  0]LogWindows:    3. 'NVIDIA GeForce GTX 660 Ti' (P:0 D:0)
[2018.11.27-05.12.31:499][  0]LogWindows: DebugString: FoundDriverCount:4 
[2018.11.27-05.12.31:499][  0]LogD3D11RHI:     Adapter Name: NVIDIA GeForce GTX 660 Ti
[2018.11.27-05.12.31:499][  0]LogD3D11RHI:   Driver Version: 388.13 (internal:23.21.13.8813, unified:388.13)
[2018.11.27-05.12.31:499][  0]LogD3D11RHI:      Driver Date: 10-27-2017
[2018.11.27-05.12.31:499][  0]LogRHI: Texture pool is 1410 MB (70% of 2015 MB)
[2018.11.27-05.12.31:545][  0]LogD3D11RHI: Async texture creation enabled
[2018.11.27-05.12.31:564][  0]LogD3D11RHI: GPU Timing Frequency: 1000.000000 (Debug: 2 2)
[2018.11.27-05.12.31:566][  0]LogShaderCompilers: Guid format shader working directory is -1 characters bigger than the processId version (../../../../../../Users/mytho/Documents/Bjourn/Intermediate/Shaders/WorkingDirectory/10052/).
[2018.11.27-05.12.31:566][  0]LogShaderCompilers: Cleaned the shader compiler working directory 'C:/Users/mytho/AppData/Local/Temp/UnrealShaderWorkingDir/EF68776849238F3623E78089A93056E1/'.
[2018.11.27-05.12.32:290][  0]LogTemp: Display: Loaded TP AllDesktopTargetPlatform
[2018.11.27-05.12.32:322][  0]LogTemp: Display: Loaded TP MacClientTargetPlatform
[2018.11.27-05.12.32:350][  0]LogTemp: Display: Loaded TP MacNoEditorTargetPlatform
[2018.11.27-05.12.32:381][  0]LogTemp: Display: Loaded TP MacServerTargetPlatform
[2018.11.27-05.12.32:429][  0]LogTemp: Display: Loaded TP MacTargetPlatform
[2018.11.27-05.12.32:460][  0]LogTemp: Display: Loaded TP WindowsClientTargetPlatform
[2018.11.27-05.12.32:488][  0]LogTemp: Display: Loaded TP WindowsNoEditorTargetPlatform
[2018.11.27-05.12.32:515][  0]LogTemp: Display: Loaded TP WindowsServerTargetPlatform
[2018.11.27-05.12.32:527][  0]LogTemp: Display: Loaded TP WindowsTargetPlatform
[2018.11.27-05.12.32:712][  0]LogTemp: Display: Loaded TP AndroidTargetPlatform
[2018.11.27-05.12.32:712][  0]LogTemp: Display: Loaded TP AndroidTargetPlatform
[2018.11.27-05.12.32:712][  0]LogTemp: Display: Loaded TP AndroidTargetPlatform
[2018.11.27-05.12.32:712][  0]LogTemp: Display: Loaded TP AndroidTargetPlatform
[2018.11.27-05.12.32:712][  0]LogTemp: Display: Loaded TP AndroidTargetPlatform
[2018.11.27-05.12.32:712][  0]LogTemp: Display: Loaded TP AndroidTargetPlatform
[2018.11.27-05.12.32:712][  0]LogTemp: Display: Loaded TP AndroidTargetPlatform
[2018.11.27-05.12.32:712][  0]LogTemp: Display: Loaded TP AndroidTargetPlatform
[2018.11.27-05.12.32:712][  0]LogTemp: Display: Loaded TP AndroidTargetPlatform
[2018.11.27-05.12.32:712][  0]LogTemp: Display: Loaded TP AndroidTargetPlatform
[2018.11.27-05.12.32:712][  0]LogTemp: Display: Loaded TP AndroidTargetPlatform
[2018.11.27-05.12.32:712][  0]LogTemp: Display: Loaded TP AndroidTargetPlatform
[2018.11.27-05.12.32:712][  0]LogTemp: Display: Loaded TP AndroidTargetPlatform
[2018.11.27-05.12.32:712][  0]LogTemp: Display: Loaded TP AndroidTargetPlatform
[2018.11.27-05.12.32:712][  0]LogTemp: Display: Loaded TP AndroidTargetPlatform
[2018.11.27-05.12.32:712][  0]LogTemp: Display: Loaded TP AndroidTargetPlatform
[2018.11.27-05.12.32:712][  0]LogTemp: Display: Loaded TP AndroidTargetPlatform
[2018.11.27-05.12.32:712][  0]LogTemp: Display: Loaded TP AndroidTargetPlatform
[2018.11.27-05.12.32:714][  0]LogTemp: Display: Loaded TP HTML5TargetPlatform
[2018.11.27-05.12.32:900][  0]LogTemp: Display: Loaded TP IOSTargetPlatform
[2018.11.27-05.12.32:900][  0]LogTemp: Display: Loaded TP IOSTargetPlatform
[2018.11.27-05.12.32:950][  0]LogTemp: Display: Loaded TP TVOSTargetPlatform
[2018.11.27-05.12.32:950][  0]LogTemp: Display: Loaded TP TVOSTargetPlatform
[2018.11.27-05.12.32:976][  0]LogTemp: Display: Loaded TP LinuxClientTargetPlatform
[2018.11.27-05.12.33:001][  0]LogTemp: Display: Loaded TP LinuxNoEditorTargetPlatform
[2018.11.27-05.12.33:025][  0]LogTemp: Display: Loaded TP LinuxServerTargetPlatform
[2018.11.27-05.12.33:126][  0]LogTemp: Display: Loaded TP LinuxTargetPlatform
[2018.11.27-05.12.33:146][  0]LogTemp: Display: Loaded TP LuminTargetPlatform
[2018.11.27-05.12.33:146][  0]LogTargetPlatformManager: Display: Building Assets For Windows
[2018.11.27-05.12.33:469][  0]LogXGEController: Cleaning working directory: C:/Users/mytho/AppData/Local/Temp/UnrealXGEWorkingDir/
[2018.11.27-05.12.33:470][  0]LogXGEController: Cannot use XGE Controller as Incredibuild is not installed on this machine.
[2018.11.27-05.12.33:470][  0]LogShaderCompilers: Cannot use XGE Shader Compiler as Incredibuild is not installed on this machine.
[2018.11.27-05.12.33:470][  0]LogShaderCompilers: Display: Using Local Shader Compiler.
[2018.11.27-05.12.38:695][  0]LogDerivedDataCache: Display: Max Cache Size: 512 MB
[2018.11.27-05.12.38:799][  0]LogDerivedDataCache: Loaded boot cache 0.10s 71MB C:/Users/mytho/AppData/Local/UnrealEngine/4.20/DerivedDataCache/Boot.ddc.
[2018.11.27-05.12.38:800][  0]LogDerivedDataCache: Display: Loaded Boot cache: C:/Users/mytho/AppData/Local/UnrealEngine/4.20/DerivedDataCache/Boot.ddc
[2018.11.27-05.12.38:800][  0]LogDerivedDataCache: FDerivedDataBackendGraph:  Pak pak cache file ../../../../../../Users/mytho/Documents/Bjourn/DerivedDataCache/DDC.ddp not found, will not use a pak cache.
[2018.11.27-05.12.38:800][  0]LogDerivedDataCache: Unable to find inner node Pak for hierarchical cache Hierarchy.
[2018.11.27-05.12.38:800][  0]LogDerivedDataCache: FDerivedDataBackendGraph:  CompressedPak pak cache file ../../../../../../Users/mytho/Documents/Bjourn/DerivedDataCache/Compressed.ddp not found, will not use a pak cache.
[2018.11.27-05.12.38:800][  0]LogDerivedDataCache: Unable to find inner node CompressedPak for hierarchical cache Hierarchy.
[2018.11.27-05.12.38:840][  0]LogDerivedDataCache: Display: Pak cache opened for reading ../../../Engine/DerivedDataCache/Compressed.ddp.
[2018.11.27-05.12.38:852][  0]LogDerivedDataCache: Using Local data cache path C:/Users/mytho/AppData/Local/UnrealEngine/Common/DerivedDataCache: Writable
[2018.11.27-05.12.38:852][  0]LogDerivedDataCache: Shared data cache path not found in *engine.ini, will not use an Shared cache.
[2018.11.27-05.12.38:852][  0]LogDerivedDataCache: Unable to find inner node Shared for hierarchical cache Hierarchy.
[2018.11.27-05.12.38:884][  0]LogMaterial: Verifying Global Shaders for PCD3D_SM5
[2018.11.27-05.12.38:885][  0]LogSlate: Using FreeType 2.6.0
[2018.11.27-05.12.38:977][  0]LogSlate: SlateFontServices - WITH_FREETYPE: 1, WITH_HARFBUZZ: 1
[2018.11.27-05.12.40:809][  0]LogAssetRegistry: FAssetRegistry took 0.0311 seconds to start up
[2018.11.27-05.12.41:493][  0]LogInit: Selected Device Profile: [Windows]
[2018.11.27-05.12.42:019][  0]LogSimplygon: Simplygon DLL not present - disabling.
[2018.11.27-05.12.42:026][  0]LogMeshReduction: Using SimplygonSwarm for distributed automatic mesh merging
[2018.11.27-05.12.42:026][  0]LogMeshReduction: Using ProxyLODMeshReduction for automatic mesh merging
[2018.11.27-05.12.42:026][  0]LogMeshReduction: Using QuadricMeshReduction for automatic static mesh reduction
[2018.11.27-05.12.42:026][  0]LogMeshReduction: No automatic skeletal mesh reduction module available
[2018.11.27-05.12.42:054][  0]LogNetVersion: Bjourn 1.0.0, NetCL: 4212847, EngineNetVer: 5, GameNetVer: 0 (Checksum: 2510388400)
[2018.11.27-05.12.42:826][  0]LogPackageLocalizationCache: Processed 11 localized package path(s) for 2 prioritized culture(s) in 0.181543 seconds
[2018.11.27-05.12.42:836][  0]LogUObjectArray: 38425 objects as part of root set at end of initial load.
[2018.11.27-05.12.42:836][  0]LogUObjectAllocator: 6690872 out of 0 bytes used by permanent object pool.
[2018.11.27-05.12.42:836][  0]LogUObjectArray: CloseDisregardForGC: 0/0 objects in disregard for GC pool
[2018.11.27-05.13.02:022][  0]LogTcpMessaging: Initializing TcpMessaging bridge
[2018.11.27-05.13.02:036][  0]LogUdpMessaging: Initializing bridge on interface 0.0.0.0:0 to multicast group 230.0.0.1:6666.
[2018.11.27-05.13.02:558][  0]SourceControl: Source control is disabled
[2018.11.27-05.13.04:697][  0]LogAndroidPermission: UAndroidPermissionCallbackProxy::GetInstance
[2018.11.27-05.13.04:773][  0]LogOcInput: OculusInput pre-init called
[2018.11.27-05.13.04:898][  0]LogEngine: Initializing Engine...
[2018.11.27-05.13.04:900][  0]LogHMD: Failed to initialize OpenVR with code 110
[2018.11.27-05.13.04:902][  0]LogStats: UGameplayTagsManager::ConstructGameplayTagTree: ImportINI prefixes -  0.000 s
[2018.11.27-05.13.04:902][  0]LogStats: UGameplayTagsManager::ConstructGameplayTagTree: Construct from data asset -  0.000 s
[2018.11.27-05.13.04:902][  0]LogStats: UGameplayTagsManager::ConstructGameplayTagTree: ImportINI -  0.000 s
[2018.11.27-05.13.04:902][  0]LogStats: UGameplayTagsManager::ConstructGameplayTagTree: GameplayTagTreeChangedEvent.Broadcast -  0.000 s
[2018.11.27-05.13.05:187][  0]LogInit: Initializing FReadOnlyCVARCache
[2018.11.27-05.13.05:213][  0]LogAIModule: Creating AISystem for world Untitled
[2018.11.27-05.13.05:226][  0]LogInit: XAudio2 using '332-B11-4 (NVIDIA High Definition Audio)' : 2 channels at 48 kHz using 16 bits per sample (channel mask 0x3)
[2018.11.27-05.13.05:255][  0]LogInit: FAudioDevice initialized.
[2018.11.27-05.13.05:256][  0]LogNetVersion: Set ProjectVersion to 1.0.0.0. Version Checksum will be recalculated on next use.
[2018.11.27-05.13.05:609][  0]LogDerivedDataCache: Saved boot cache 0.35s 71MB C:/Users/mytho/AppData/Local/UnrealEngine/4.20/DerivedDataCache/Boot.ddc.
[2018.11.27-05.13.05:630][  0]LogInit: Texture streaming: Enabled
[2018.11.27-05.13.05:672][  0]LogEngineSessionManager: EngineSessionManager initialized
[2018.11.27-05.13.05:696][  0]LogInit: Transaction tracking system initialized
[2018.11.27-05.13.05:747][  0]BlueprintLog: New page: Editor Load
[2018.11.27-05.13.05:942][  0]LocalizationService: Localization service is disabled
[2018.11.27-05.13.06:601][  0]LogCook: Display: Max memory allowance for cook 16384mb min free memory 0mb
[2018.11.27-05.13.06:601][  0]LogCook: Display: Mobile HDR setting 1
[2018.11.27-05.13.06:601][  0]LogGameplayTags: Display: UGameplayTagsManager::DoneAddingNativeTags. DelegateIsBound: 0
[2018.11.27-05.13.06:601][  0]LogStats: UGameplayTagsManager::ConstructGameplayTagTree: ImportINI prefixes -  0.000 s
[2018.11.27-05.13.06:601][  0]LogStats: UGameplayTagsManager::ConstructGameplayTagTree: Construct from data asset -  0.000 s
[2018.11.27-05.13.06:602][  0]LogStats: UGameplayTagsManager::ConstructGameplayTagTree: ImportINI -  0.000 s
[2018.11.27-05.13.06:602][  0]LogStats: UGameplayTagsManager::ConstructGameplayTagTree: GameplayTagTreeChangedEvent.Broadcast -  0.000 s
[2018.11.27-05.13.06:842][  0]LogFileCache: Scanning file cache for directory 'C:/Users/mytho/Documents/Bjourn/Content/' took 0.06s
[2018.11.27-05.13.07:255][  0]Cmd: MAP LOAD FILE="../../../../../../Users/mytho/Documents/Bjourn/Content/ThirdPersonBP/Maps/ThirdPersonExampleMap.umap" TEMPLATE=0 SHOWPROGRESS=1 FEATURELEVEL=3
[2018.11.27-05.13.07:255][  0]LogEditorServer: Warning: Can't find file '../../../../../../Users/mytho/Documents/Bjourn/Content/ThirdPersonBP/Maps/ThirdPersonExampleMap.umap'
[2018.11.27-05.13.07:255][  0]Cmd: MAP CHECKDEP NOCLEARLOG
[2018.11.27-05.13.07:363][  0]MapCheck: Map check complete: 0 Error(s), 0 Warning(s), took 107.14ms to complete.
[2018.11.27-05.13.07:363][  0]LogFileHelpers: Loading map 'ThirdPersonExampleMap' took 0.108
[2018.11.27-05.13.07:647][  0]LogSlate: Updating window title bar state: overlay mode, drag disabled, window buttons hidden, title bar hidden
[2018.11.27-05.13.07:675][  0]LogCollectionManager: Loaded 0 collections in 0.004676 seconds
[2018.11.27-05.13.07:728][  0]LogFileCache: Scanning file cache for directory 'C:/Users/mytho/Documents/Bjourn/Saved/Collections/' took 0.01s
[2018.11.27-05.13.07:728][  0]LogFileCache: Scanning file cache for directory 'C:/Users/mytho/Documents/Bjourn/Content/Developers/mytho/Collections/' took 0.01s
[2018.11.27-05.13.07:728][  0]LogFileCache: Scanning file cache for directory 'C:/Users/mytho/Documents/Bjourn/Content/Collections/' took 0.01s
[2018.11.27-05.13.07:728][  0]LogCollectionManager: Rebuilt the GUID cache for 0 collections in 0.000000 seconds
[2018.11.27-05.13.07:751][  0]LogContentBrowser: Native class hierarchy populated in 0.0226 seconds. Added 2572 classes and 603 folders.
[2018.11.27-05.13.07:767][  0]LogContentBrowser: Native class hierarchy updated for 'WidgetCarousel' in 0.0004 seconds. Added 0 classes and 0 folders.
[2018.11.27-05.13.09:167][  0]LogContentBrowser: Native class hierarchy updated for 'AddContentDialog' in 0.0008 seconds. Added 0 classes and 0 folders.
[2018.11.27-05.13.09:189][  0]LogContentBrowser: Native class hierarchy updated for 'SceneOutliner' in 0.0009 seconds. Added 1 classes and 2 folders.
[2018.11.27-05.13.09:320][  0]LogSlate: Took 0.020024 seconds to synchronously load lazily loaded font '../../../Engine/Content/Slate/Fonts/Roboto-Regular.ttf' (155K)
[2018.11.27-05.13.09:339][  0]LogSlate: Took 0.013509 seconds to synchronously load lazily loaded font '../../../Engine/Content/Slate/Fonts/Roboto-Bold.ttf' (160K)
[2018.11.27-05.13.09:359][  0]LogSlate: Took 0.017190 seconds to synchronously load lazily loaded font '../../../Engine/Content/Editor/Slate/Fonts/FontAwesome.ttf' (139K)
[2018.11.27-05.13.09:451][  0]LogRenderer: Reallocating scene render targets to support 828x280 Format 10 NumSamples 1 (Frame:1).
[2018.11.27-05.13.09:652][  0]LogContentBrowser: Native class hierarchy updated for 'HierarchicalLODOutliner' in 0.0004 seconds. Added 0 classes and 0 folders.
[2018.11.27-05.13.09:653][  0]LogLoad: (Engine Initialization) Total time: 54.66 seconds
[2018.11.27-05.13.09:653][  0]LogLoad: (Engine Initialization) Total Blueprint compile time: 0.00 seconds
[2018.11.27-05.13.09:693][  0]LogContentStreaming: Texture pool size now 3000 MB
[2018.11.27-05.13.09:747][  0]LogSlate: Took 0.015377 seconds to synchronously load lazily loaded font '../../../Engine/Content/Slate/Fonts/Roboto-Light.ttf' (167K)
[2018.11.27-05.13.09:962][  4]LogAssetRegistry: Asset discovery search completed in 29.1755 seconds
[2018.11.27-05.13.09:965][  4]LogCollectionManager: Rebuilt the object cache for 0 collections in 0.000000 seconds (found 0 objects)
[2018.11.27-05.13.09:965][  4]LogCollectionManager: Fixed up redirectors for 0 collections in 0.000199 seconds (updated 0 objects)
[2018.11.27-05.13.12:794][ 85]LogSlate: Took 0.000619 seconds to synchronously load lazily loaded font '../../../Engine/Content/Slate/Fonts/Roboto-Light.ttf' (167K)
[2018.11.27-05.13.12:797][ 85]LogSlate: FSceneViewport::OnFocusLost() reason 2
[2018.11.27-05.13.12:808][ 85]LogAssetEditorManager: Opening Asset editor for Blueprint /Game/ThirdPersonBP/Blueprints/BjournGameState.BjournGameState
[2018.11.27-05.13.13:649][ 85]LogContentBrowser: Native class hierarchy updated for 'BlueprintGraph' in 0.0014 seconds. Added 116 classes and 0 folders.
[2018.11.27-05.13.15:240][ 85]LogAssetEditorManager: Opening Asset editor for Material /Game/Imports/Weapons/Shields/Wooden_Shield/textures/Shield_Cube_006Mat.Shield_Cube_006Mat
[2018.11.27-05.13.15:244][ 85]LogMaterial: Display: Missing cached shader map for material Shield_Cube_006Mat, compiling. 
[2018.11.27-05.13.15:770][ 85]LogMaterial: Display: Missing cached shader map for material Shield_Cube_006Mat, compiling. 
[2018.11.27-05.13.15:791][ 85]LogMaterial: Display: Missing cached shader map for material Shield_Cube_006Mat, compiling. 
[2018.11.27-05.13.15:823][ 85]LogShaderCompilers: Display: Shaders left to compile 21
[2018.11.27-05.13.15:823][ 85]LogShaderCompilers: Display: Shaders left to compile 20
[2018.11.27-05.13.15:837][ 85]LogMaterial: Display: Missing cached shader map for material FMatExpressionPreview MaterialExpressionTextureSample_0, compiling. 
[2018.11.27-05.13.15:843][ 85]LogMaterial: Display: Missing cached shader map for material FMatExpressionPreview MaterialExpressionTextureSample_2, compiling. 
[2018.11.27-05.13.15:896][ 85]LogMaterial: Display: Missing cached shader map for material FMatExpressionPreview MaterialExpressionTextureSample_1, compiling. 
[2018.11.27-05.13.16:044][ 85]LogAssetEditorManager: Opening Asset editor for Blueprint /Game/ThirdPersonBP/Blueprints/Player_Character.Player_Character
[2018.11.27-05.13.16:704][ 85]LogShaderCompilers: Display: Shaders left to compile 25
[2018.11.27-05.13.16:786][ 85]LogShaderCompilers: Display: Shaders left to compile 24
[2018.11.27-05.13.16:938][ 85]LogLinker: Warning: Can't resolve asset name
[2018.11.27-05.13.17:018][ 85]LogShaderCompilers: Display: Shaders left to compile 23
[2018.11.27-05.13.17:119][ 85]LogShaderCompilers: Display: Shaders left to compile 22
[2018.11.27-05.13.17:119][ 85]LogSlate: Took 0.092881 seconds to synchronously load lazily loaded font '../../../Engine/Content/Slate/Fonts/Roboto-BoldCondensed.ttf' (158K)
[2018.11.27-05.13.17:578][ 85]LogShaderCompilers: Display: Shaders left to compile 21
[2018.11.27-05.13.17:578][ 85]LogShaderCompilers: Display: Shaders left to compile 20
[2018.11.27-05.13.17:578][ 85]LogShaderCompilers: Display: Shaders left to compile 19
[2018.11.27-05.13.17:578][ 85]LogShaderCompilers: Display: Shaders left to compile 18
[2018.11.27-05.13.17:714][ 85]LogRenderer: Reallocating scene render targets to support 828x300 Format 10 NumSamples 1 (Frame:1).
[2018.11.27-05.13.17:753][ 86]LogSlate: Took 0.019963 seconds to synchronously load lazily loaded font '../../../Engine/Content/Slate/Fonts/Roboto-Italic.ttf' (157K)
[2018.11.27-05.13.17:843][ 87]LogShaderCompilers: Display: Shaders left to compile 17
[2018.11.27-05.13.18:635][127]LogShaderCompilers: Display: Shaders left to compile 16
[2018.11.27-05.13.18:792][136]LogShaderCompilers: Display: Shaders left to compile 15
[2018.11.27-05.13.19:009][148]LogShaderCompilers: Display: Shaders left to compile 14
[2018.11.27-05.13.19:378][168]LogShaderCompilers: Display: Shaders left to compile 13
[2018.11.27-05.13.19:626][181]LogShaderCompilers: Display: Shaders left to compile 12
[2018.11.27-05.13.19:777][189]LogShaderCompilers: Display: Shaders left to compile 11
[2018.11.27-05.13.20:247][215]LogShaderCompilers: Display: Shaders left to compile 10
[2018.11.27-05.13.20:423][223]LogShaderCompilers: Display: Shaders left to compile 9
[2018.11.27-05.13.20:588][230]LogShaderCompilers: Display: Shaders left to compile 8
[2018.11.27-05.13.20:994][251]LogShaderCompilers: Display: Shaders left to compile 7
[2018.11.27-05.13.21:222][263]LogShaderCompilers: Display: Shaders left to compile 6
[2018.11.27-05.13.21:352][270]LogShaderCompilers: Display: Shaders left to compile 5
[2018.11.27-05.13.21:377][271]MaterialEditorStats: Base pass shader: 115 instructions
[2018.11.27-05.13.21:377][271]MaterialEditorStats: Base pass shader with Volumetric Lightmap: 189 instructions
[2018.11.27-05.13.21:377][271]MaterialEditorStats: Base pass vertex shader: 36 instructions
[2018.11.27-05.13.21:377][271]MaterialEditorStats: Texture samplers: 6/16
[2018.11.27-05.13.21:377][271]MaterialEditorStats: Texture Lookups (Est.): VS(0), PS(3)
[2018.11.27-05.13.21:377][271]MaterialEditorStats: User interpolators: 2/4 Scalars (1/4 Vectors) (TexCoords: 2, Custom: 0)
[2018.11.27-05.13.21:673][287]LogShaderCompilers: Display: Shaders left to compile 4
[2018.11.27-05.13.21:747][291]LogShaderCompilers: Display: Shaders left to compile 3
[2018.11.27-05.13.22:105][310]LogShaderCompilers: Display: Shaders left to compile 2
[2018.11.27-05.13.22:161][312]LogShaderCompilers: Display: Shaders left to compile 1
[2018.11.27-05.16.00:146][969]LogSlate: Window 'Shield_Cube_006Mat' being destroyed
[2018.11.27-05.16.03:991][354]LogActorComponent: UnregisterComponent: (/Engine/Transient.EditorFloorComp) Not registered. Aborting.
[2018.11.27-05.16.49:203][154]LogMaterial: Display: Missing cached shader map for material tree_tree_trunk, compiling. 
[2018.11.27-05.16.49:205][154]LogMaterial: Warning: C:\Users\mytho\Documents\Bjourn\Content\Imports\Environment\Trees\Leafed\tree_tree_trunk.uasset: Failed to compile Material for platform PCD3D_SM5, Default Material will be used in game.
[2018.11.27-05.16.49:205][154]LogMaterial: 	(Node TextureSample) TextureSample> Sampler type is Normal, should be Color for /Game/Imports/Environment/Trees/Leafed/TexturesCom_BarkPine0012_1_M_bump.TexturesCom_BarkPine0012_1_M_bump
[2018.11.27-05.16.50:196][154]LogAIModule: Creating AISystem for world Starting_Area
[2018.11.27-05.16.50:510][154]LogAssetEditorManager: Opening Asset editor for World /Game/ThirdPersonBP/Maps/Starting_Area.Starting_Area
[2018.11.27-05.16.50:620][154]Cmd: MAP LOAD FILE="../../../../../../Users/mytho/Documents/Bjourn/Content/ThirdPersonBP/Maps/Starting_Area.umap" TEMPLATE=0 SHOWPROGRESS=1 FEATURELEVEL=3
[2018.11.27-05.16.50:620][154]LightingResults: New page: Lighting Build
[2018.11.27-05.16.50:625][154]LogContentBrowser: Native class hierarchy updated for 'StatsViewer' in 0.0004 seconds. Added 5 classes and 0 folders.
[2018.11.27-05.16.50:626][154]LoadErrors: New page: Loading map: Starting_Area.umap
[2018.11.27-05.16.50:626][154]MapCheck: New page: Map Check
[2018.11.27-05.16.50:626][154]LightingResults: New page: Lighting Build
[2018.11.27-05.16.54:602][154]LogEditorServer: Finished looking for orphan Actors (0.000 secs)
[2018.11.27-05.16.54:781][154]Cmd: MAP CHECKDEP NOCLEARLOG
[2018.11.27-05.16.55:188][154]MapCheck: Map check complete: 0 Error(s), 0 Warning(s), took 406.942ms to complete.
[2018.11.27-05.16.55:190][154]LogFileHelpers: Loading map 'Starting_Area' took 4.571
[2018.11.27-05.17.22:289][323]LogSlate: FSceneViewport::OnFocusLost() reason 0
[2018.11.27-05.17.30:854][209]LogAssetEditorManager: Opening Asset editor for WidgetBlueprint /Game/ThirdPersonBP/Blueprints/Story_Scroll/Pages/Switcher.Switcher
[2018.11.27-05.18.44:445][385]LogAssetEditorManager: Opening Asset editor for WidgetBlueprint /Game/ThirdPersonBP/Blueprints/HUD/HUD.HUD
[2018.11.27-05.21.57:086][810]LogSlate: Took 0.018153 seconds to synchronously load lazily loaded font '../../../Engine/Content/Slate/Fonts/Roboto-BoldCondensedItalic.ttf' (160K)
[2018.11.27-05.22.30:835][569]LogAssetEditorManager: Opening Asset editor for Blueprint /Game/ThirdPersonBP/Blueprints/Player_Character.Player_Character
[2018.11.27-05.25.45:383][701]LogAssetEditorManager: Opening Asset editor for WidgetBlueprint /Game/ThirdPersonBP/Blueprints/Story_Scroll/Pages/Village.Village
[2018.11.27-05.29.09:719][564]BlueprintLog: New page: Compile HUD
[2018.11.27-05.29.09:780][564]LogBlueprint: Error: [Compiler HUD] The property associated with  Wealth  could not be found in '/Game/ThirdPersonBP/Blueprints/HUD/HUD.HUD_C'
[2018.11.27-05.29.09:780][564]LogBlueprint: Error: [Compiler HUD] The property associated with  Fame  could not be found in '/Game/ThirdPersonBP/Blueprints/HUD/HUD.HUD_C'
[2018.11.27-05.29.09:780][564]LogBlueprint: Error: [Compiler HUD] The property associated with  Power  could not be found in '/Game/ThirdPersonBP/Blueprints/HUD/HUD.HUD_C'
[2018.11.27-05.29.09:921][564]LogBlueprint: Warning: [Compiler HUD] [1014.93] Compile of HUD failed. 3 Fatal Issue(s) 0 Warning(s) [in 201 ms] (/Game/ThirdPersonBP/Blueprints/HUD/HUD.HUD)
[2018.11.27-05.29.17:421][413]BlueprintLog: New page: Compile Player_Character
[2018.11.27-05.29.20:234][643]BlueprintLog: New page: Compile HUD
[2018.11.27-05.30.54:428][983]BlueprintLog: New page: Compile HUD
[2018.11.27-05.32.47:868][430]BlueprintLog: New page: Compile Player_Character
[2018.11.27-05.32.48:010][430]LogBlueprint: Error: [Compiler Player_Character] This blueprint (self) is not a HUD_C, therefore ' Target ' must have a connection.
[2018.11.27-05.32.48:418][430]LogBlueprint: Warning: [Compiler Player_Character] [1233.43] Compile of Player_Character failed. 1 Fatal Issue(s) 0 Warning(s) [in 549 ms] (/Game/ThirdPersonBP/Blueprints/Player_Character.Player_Character)
[2018.11.27-05.34.22:040][189]LogAssetEditorManager: Opening Asset editor for Blueprint /Game/ThirdPersonBP/Blueprints/BjournGameState.BjournGameState
[2018.11.27-05.39.23:003][530]LogFactory: FactoryCreateFile: Texture with ReimportTextureFactory (0 0 C:\Users\mytho\Desktop\Imports\axe\source\Axe_Diffuse.jpg)
[2018.11.27-05.39.23:239][530]LogTexture: Display: Building textures: Axe_Diffuse (AutoDXT, 2048X2048)
[2018.11.27-05.39.26:130][530]LogFactory: FactoryCreateFile: Texture with ReimportTextureFactory (0 0 C:\Users\mytho\Desktop\Imports\axe\source\Axe_Gloss.jpg)
[2018.11.27-05.39.26:275][530]LogTexture: Display: Building textures: Axe_Gloss (AutoDXT, 2048X2048)
[2018.11.27-05.39.28:138][530]LogFactory: FactoryCreateFile: StaticMesh with FbxFactory (0 0 C:\Users\mytho\Desktop\Imports\axe\source\Axe_Mesh.FBX)
[2018.11.27-05.39.28:314][530]LogFbx: Loading FBX Scene from C:\Users\mytho\Desktop\Imports\axe\source\Axe_Mesh.FBX
[2018.11.27-05.39.28:385][530]LogFbx: FBX Scene Loaded Succesfully
[2018.11.27-05.39.30:129][530]LogSlate: Window 'FBX Import Options' being destroyed
[2018.11.27-05.39.30:259][530]LogFbx: Warning: Triangulating static mesh Viking_Axe_Mesh
[2018.11.27-05.39.31:861][530]LogStaticMesh: Building static mesh Axe_Mesh...
[2018.11.27-05.39.32:293][530]LogStaticMesh: Built static mesh [0.44s] /Game/Imports/Weapons/Axes/Normal/Axe_Mesh.Axe_Mesh
[2018.11.27-05.39.32:458][530]FBXImport: Warning: No smoothing group information was found in this FBX scene.  Please make sure to enable the 'Export Smoothing Groups' option in the FBX Exporter plug-in before exporting the file.  Even for tools that don't support smoothing groups, the FBX Exporter will generate appropriate smoothing data at export-time so that correct vertex normals can be inferred while importing. 
[2018.11.27-05.39.32:715][530]LogFactory: FactoryCreateFile: Texture with ReimportTextureFactory (0 0 C:\Users\mytho\Desktop\Imports\axe\source\Axe_Normal.jpg)
[2018.11.27-05.39.32:977][530]LogTexture: Display: Building textures: Axe_Normal (BC5, 2048X2048)
[2018.11.27-05.39.33:778][530]LogFactory: FactoryCreateFile: Texture with ReimportTextureFactory (0 0 C:\Users\mytho\Desktop\Imports\axe\source\Axe_Specular.jpg)
[2018.11.27-05.39.33:909][530]LogTexture: Display: Building textures: Axe_Specular (AutoDXT, 2048X2048)
[2018.11.27-05.39.50:045][934]LogAssetEditorManager: Opening Asset editor for StaticMesh /Game/Imports/Weapons/Axes/Normal/Axe_Mesh.Axe_Mesh
[2018.11.27-05.39.50:610][934]LogRenderer: Reallocating scene render targets to support 1012x612 Format 10 NumSamples 1 (Frame:1).
[2018.11.27-05.39.57:226][169]LogSlate: Window 'Axe_Mesh*' being destroyed
[2018.11.27-05.40.10:418][240]LogAssetEditorManager: Opening Asset editor for Material /Game/Imports/Weapons/Axes/Normal/Axe.Axe
[2018.11.27-05.40.10:421][240]LogMaterial: Display: Missing cached shader map for material Axe, compiling. 
[2018.11.27-05.40.10:597][240]LogMaterial: Display: Missing cached shader map for material Axe, compiling. 
[2018.11.27-05.40.10:617][240]LogMaterial: Display: Missing cached shader map for material Axe, compiling. 
[2018.11.27-05.40.10:641][240]LogShaderCompilers: Display: Shaders left to compile 21
[2018.11.27-05.40.10:642][240]LogShaderCompilers: Display: Shaders left to compile 20
[2018.11.27-05.40.11:392][268]LogShaderCompilers: Display: Shaders left to compile 19
[2018.11.27-05.40.11:438][272]LogShaderCompilers: Display: Shaders left to compile 18
[2018.11.27-05.40.11:751][300]LogShaderCompilers: Display: Shaders left to compile 17
[2018.11.27-05.40.11:763][301]LogShaderCompilers: Display: Shaders left to compile 16
[2018.11.27-05.40.12:041][326]LogShaderCompilers: Display: Shaders left to compile 15
[2018.11.27-05.40.12:136][335]LogShaderCompilers: Display: Shaders left to compile 14
[2018.11.27-05.40.12:351][354]LogShaderCompilers: Display: Shaders left to compile 13
[2018.11.27-05.40.12:426][360]LogShaderCompilers: Display: Shaders left to compile 12
[2018.11.27-05.40.12:675][382]LogShaderCompilers: Display: Shaders left to compile 11
[2018.11.27-05.40.13:024][411]LogShaderCompilers: Display: Shaders left to compile 10
[2018.11.27-05.40.13:307][436]LogShaderCompilers: Display: Shaders left to compile 9
[2018.11.27-05.40.13:452][445]LogShaderCompilers: Display: Shaders left to compile 8
[2018.11.27-05.40.13:861][471]LogShaderCompilers: Display: Shaders left to compile 7
[2018.11.27-05.40.14:060][487]LogShaderCompilers: Display: Shaders left to compile 6
[2018.11.27-05.40.14:232][494]LogShaderCompilers: Display: Shaders left to compile 5
[2018.11.27-05.40.14:744][514]LogShaderCompilers: Display: Shaders left to compile 4
[2018.11.27-05.40.14:941][524]LogShaderCompilers: Display: Shaders left to compile 3
[2018.11.27-05.40.15:140][532]LogShaderCompilers: Display: Shaders left to compile 2
[2018.11.27-05.40.15:536][548]LogShaderCompilers: Display: Shaders left to compile 1
[2018.11.27-05.40.16:677][632]LogMaterial: Display: Missing cached shader map for material FMatExpressionPreview MaterialExpressionTextureSample_0, compiling. 
[2018.11.27-05.40.16:684][632]LogShaderCompilers: Display: Shaders left to compile 2
[2018.11.27-05.40.16:685][632]LogShaderCompilers: Display: Shaders left to compile 1
[2018.11.27-05.40.16:710][632]LogMaterial: Display: Missing cached shader map for material FMatExpressionPreview MaterialExpressionTextureSample_0, compiling. 
[2018.11.27-05.40.16:718][632]MaterialEditorStats: Base pass shader: 99 instructions
[2018.11.27-05.40.16:718][632]MaterialEditorStats: Base pass shader with Volumetric Lightmap: 172 instructions
[2018.11.27-05.40.16:718][632]MaterialEditorStats: Base pass vertex shader: 32 instructions
[2018.11.27-05.40.16:719][632]MaterialEditorStats: Texture samplers: 3/16
[2018.11.27-05.40.17:079][648]LogShaderCompilers: Display: Shaders left to compile 2
[2018.11.27-05.40.17:224][655]LogShaderCompilers: Display: Shaders left to compile 1
[2018.11.27-05.40.18:993][788]LogMaterial: Display: Missing cached shader map for material FMatExpressionPreview MaterialExpressionTextureSample_0, compiling. 
[2018.11.27-05.40.19:009][788]LogShaderCompilers: Display: Shaders left to compile 2
[2018.11.27-05.40.19:009][788]LogShaderCompilers: Display: Shaders left to compile 1
[2018.11.27-05.40.22:199][  1]LogMaterial: Display: Missing cached shader map for material FMatExpressionPreview MaterialExpressionTextureSample_1, compiling. 
[2018.11.27-05.40.22:232][  1]LogMaterial: Display: Missing cached shader map for material FMatExpressionPreview MaterialExpressionTextureSample_0, compiling. 
[2018.11.27-05.40.22:238][  1]LogMaterial: Display: Missing cached shader map for material FMatExpressionPreview MaterialExpressionTextureSample_1, compiling. 
[2018.11.27-05.40.22:246][  1]LogShaderCompilers: Display: Shaders left to compile 4
[2018.11.27-05.40.22:246][  1]LogShaderCompilers: Display: Shaders left to compile 3
[2018.11.27-05.40.22:732][ 22]LogShaderCompilers: Display: Shaders left to compile 2
[2018.11.27-05.40.22:827][ 27]LogShaderCompilers: Display: Shaders left to compile 1
[2018.11.27-05.40.25:888][277]LogMaterial: Display: Missing cached shader map for material FMatExpressionPreview MaterialExpressionTextureSample_1, compiling. 
[2018.11.27-05.40.25:905][277]LogShaderCompilers: Display: Shaders left to compile 2
[2018.11.27-05.40.25:905][277]LogShaderCompilers: Display: Shaders left to compile 1
[2018.11.27-05.40.29:788][535]LogMaterial: Display: Missing cached shader map for material FMatExpressionPreview MaterialExpressionTextureSample_2, compiling. 
[2018.11.27-05.40.29:795][535]LogShaderCompilers: Display: Shaders left to compile 2
[2018.11.27-05.40.29:795][535]LogShaderCompilers: Display: Shaders left to compile 1
[2018.11.27-05.40.29:820][535]LogMaterial: Display: Missing cached shader map for material FMatExpressionPreview MaterialExpressionTextureSample_0, compiling. 
[2018.11.27-05.40.29:827][535]LogMaterial: Display: Missing cached shader map for material FMatExpressionPreview MaterialExpressionTextureSample_1, compiling. 
[2018.11.27-05.40.29:835][535]LogMaterial: Display: Missing cached shader map for material FMatExpressionPreview MaterialExpressionTextureSample_2, compiling. 
[2018.11.27-05.40.30:194][548]LogShaderCompilers: Display: Shaders left to compile 6
[2018.11.27-05.40.30:318][554]LogShaderCompilers: Display: Shaders left to compile 5
[2018.11.27-05.40.30:709][574]LogShaderCompilers: Display: Shaders left to compile 4
[2018.11.27-05.40.30:710][574]LogShaderCompilers: Display: Shaders left to compile 3
[2018.11.27-05.40.31:118][594]LogShaderCompilers: Display: Shaders left to compile 2
[2018.11.27-05.40.31:240][600]LogShaderCompilers: Display: Shaders left to compile 1
[2018.11.27-05.40.37:778][ 89]LogMaterial: Display: Missing cached shader map for material FMatExpressionPreview MaterialExpressionTextureSample_2, compiling. 
[2018.11.27-05.40.37:795][ 89]LogShaderCompilers: Display: Shaders left to compile 2
[2018.11.27-05.40.37:795][ 89]LogShaderCompilers: Display: Shaders left to compile 1
[2018.11.27-05.40.40:132][228]LogMaterial: Display: Missing cached shader map for material FMatExpressionPreview MaterialExpressionTextureSample_3, compiling. 
[2018.11.27-05.40.40:152][228]LogShaderCompilers: Display: Shaders left to compile 2
[2018.11.27-05.40.40:152][228]LogShaderCompilers: Display: Shaders left to compile 1
[2018.11.27-05.40.40:166][228]LogMaterial: Display: Missing cached shader map for material FMatExpressionPreview MaterialExpressionTextureSample_0, compiling. 
[2018.11.27-05.40.40:173][228]LogMaterial: Display: Missing cached shader map for material FMatExpressionPreview MaterialExpressionTextureSample_1, compiling. 
[2018.11.27-05.40.40:180][228]LogMaterial: Display: Missing cached shader map for material FMatExpressionPreview MaterialExpressionTextureSample_2, compiling. 
[2018.11.27-05.40.40:186][228]LogMaterial: Display: Missing cached shader map for material FMatExpressionPreview MaterialExpressionTextureSample_3, compiling. 
[2018.11.27-05.40.40:522][241]LogShaderCompilers: Display: Shaders left to compile 8
[2018.11.27-05.40.40:646][247]LogShaderCompilers: Display: Shaders left to compile 7
[2018.11.27-05.40.41:077][268]LogShaderCompilers: Display: Shaders left to compile 6
[2018.11.27-05.40.41:099][269]LogShaderCompilers: Display: Shaders left to compile 5
[2018.11.27-05.40.41:460][290]LogShaderCompilers: Display: Shaders left to compile 4
[2018.11.27-05.40.41:572][297]LogShaderCompilers: Display: Shaders left to compile 3
[2018.11.27-05.40.41:951][320]LogShaderCompilers: Display: Shaders left to compile 2
[2018.11.27-05.40.41:963][321]LogShaderCompilers: Display: Shaders left to compile 1
[2018.11.27-05.40.42:167][334]LogMaterial: Display: Missing cached shader map for material FMatExpressionPreview MaterialExpressionTextureSample_3, compiling. 
[2018.11.27-05.40.42:336][340]LogShaderCompilers: Display: Shaders left to compile 2
[2018.11.27-05.40.42:476][347]LogShaderCompilers: Display: Shaders left to compile 1
[2018.11.27-05.40.44:491][463]LogMaterialEditor: Saving and Compiling material Axe
[2018.11.27-05.40.45:628][463]LogMaterial: Display: Missing cached shader map for material Axe, compiling. 
[2018.11.27-05.40.45:710][463]LogShaderCompilers: Display: Shaders left to compile 21
[2018.11.27-05.40.45:710][463]LogShaderCompilers: Display: Shaders left to compile 20
[2018.11.27-05.40.45:731][463]LogMaterial: Display: Missing cached shader map for material Axe, compiling. 
[2018.11.27-05.40.45:791][463]LogMaterial: Display: Missing cached shader map for material Axe, compiling. 
[2018.11.27-05.40.45:995][463]LogMaterial: Display: Missing cached shader map for material FDebugViewModeMaterialProxy Axe, compiling. 
[2018.11.27-05.40.50:136][463]LogShaderCompilers: Display: Shaders left to compile 42
[2018.11.27-05.40.50:136][463]LogShaderCompilers: Display: Shaders left to compile 41
[2018.11.27-05.40.50:136][463]LogShaderCompilers: Display: Shaders left to compile 40
[2018.11.27-05.40.50:136][463]LogShaderCompilers: Display: Shaders left to compile 39
[2018.11.27-05.40.50:136][463]LogShaderCompilers: Display: Shaders left to compile 38
[2018.11.27-05.40.50:136][463]LogShaderCompilers: Display: Shaders left to compile 37
[2018.11.27-05.40.50:136][463]LogShaderCompilers: Display: Shaders left to compile 36
[2018.11.27-05.40.50:136][463]LogShaderCompilers: Display: Shaders left to compile 35
[2018.11.27-05.40.50:136][463]LogShaderCompilers: Display: Shaders left to compile 34
[2018.11.27-05.40.50:136][463]LogShaderCompilers: Display: Shaders left to compile 33
[2018.11.27-05.40.50:137][463]LogShaderCompilers: Display: Shaders left to compile 32
[2018.11.27-05.40.50:137][463]LogShaderCompilers: Display: Shaders left to compile 31
[2018.11.27-05.40.50:137][463]LogShaderCompilers: Display: Shaders left to compile 30
[2018.11.27-05.40.50:137][463]LogShaderCompilers: Display: Shaders left to compile 29
[2018.11.27-05.40.50:137][463]LogShaderCompilers: Display: Shaders left to compile 28
[2018.11.27-05.40.50:137][463]LogShaderCompilers: Display: Shaders left to compile 27
[2018.11.27-05.40.50:137][463]LogShaderCompilers: Display: Shaders left to compile 26
[2018.11.27-05.40.50:137][463]LogShaderCompilers: Display: Shaders left to compile 25
[2018.11.27-05.40.50:137][463]LogShaderCompilers: Display: Shaders left to compile 24
[2018.11.27-05.40.50:137][463]LogShaderCompilers: Display: Shaders left to compile 23
[2018.11.27-05.40.50:137][463]LogShaderCompilers: Display: Shaders left to compile 22
[2018.11.27-05.40.50:137][463]LogShaderCompilers: Display: Shaders left to compile 12
[2018.11.27-05.40.50:139][463]TextureStreamingBuild: Display: Compiling optional shaders took 4.183 seconds.
[2018.11.27-05.40.54:150][463]LogShaderCompilers: Display: Shaders left to compile 2
[2018.11.27-05.40.54:560][463]Cmd: OBJ SAVEPACKAGE PACKAGE="/Game/Imports/Weapons/Axes/Normal/Axe" FILE="../../../../../../Users/mytho/Documents/Bjourn/Content/Imports/Weapons/Axes/Normal/Axe.uasset" SILENT=true
[2018.11.27-05.40.54:658][463]LogSavePackage: Moving '../../../../../../Users/mytho/Documents/Bjourn/Saved/Axe9D420CF249A0E598C0AF31AEAC53CF12.tmp' to '../../../../../../Users/mytho/Documents/Bjourn/Content/Imports/Weapons/Axes/Normal/Axe.uasset'
[2018.11.27-05.40.55:260][463]MaterialEditorStats: Base pass shader: 117 instructions
[2018.11.27-05.40.55:260][463]MaterialEditorStats: Base pass shader with Volumetric Lightmap: 191 instructions
[2018.11.27-05.40.55:260][463]MaterialEditorStats: Base pass vertex shader: 36 instructions
[2018.11.27-05.40.55:260][463]MaterialEditorStats: Texture samplers: 7/16
[2018.11.27-05.40.55:260][463]MaterialEditorStats: Texture Lookups (Est.): VS(0), PS(4)
[2018.11.27-05.40.55:260][463]MaterialEditorStats: User interpolators: 2/4 Scalars (1/4 Vectors) (TexCoords: 2, Custom: 0)
[2018.11.27-05.40.56:527][516]LogSlate: Window 'Axe' being destroyed
[2018.11.27-05.41.08:564][146]Cmd: OBJ SAVEPACKAGE PACKAGE="/Game/Imports/Weapons/Axes/Normal/Axe_Mesh" FILE="../../../../../../Users/mytho/Documents/Bjourn/Content/Imports/Weapons/Axes/Normal/Axe_Mesh.uasset" SILENT=true
[2018.11.27-05.41.08:592][146]LogSavePackage: Moving '../../../../../../Users/mytho/Documents/Bjourn/Saved/Axe_Mesh4936970A49F8A8D9B0C8B39CFBAE0D86.tmp' to '../../../../../../Users/mytho/Documents/Bjourn/Content/Imports/Weapons/Axes/Normal/Axe_Mesh.uasset'
[2018.11.27-05.41.12:000][379]LogSlate: Window 'Axe_Mesh' being destroyed
[2018.11.27-05.41.12:005][379]LogSlate: Window 'Axe_Mesh' being destroyed
[2018.11.27-05.41.15:246][466]LogSlate: Window 'Save Content' being destroyed
[2018.11.27-05.41.15:687][466]Cmd: OBJ SAVEPACKAGE PACKAGE="/Game/Imports/Weapons/Axes/Normal/Axe_Diffuse" FILE="../../../../../../Users/mytho/Documents/Bjourn/Content/Imports/Weapons/Axes/Normal/Axe_Diffuse.uasset" SILENT=true
[2018.11.27-05.41.16:382][466]LogSavePackage: Moving '../../../../../../Users/mytho/Documents/Bjourn/Saved/Axe_Diffuse27A69F234DC53A8330F9608413FA9F4E.tmp' to '../../../../../../Users/mytho/Documents/Bjourn/Content/Imports/Weapons/Axes/Normal/Axe_Diffuse.uasset'
[2018.11.27-05.41.17:244][466]Cmd: OBJ SAVEPACKAGE PACKAGE="/Game/Imports/Weapons/Axes/Normal/Axe_Gloss" FILE="../../../../../../Users/mytho/Documents/Bjourn/Content/Imports/Weapons/Axes/Normal/Axe_Gloss.uasset" SILENT=true
[2018.11.27-05.41.17:731][466]LogSavePackage: Moving '../../../../../../Users/mytho/Documents/Bjourn/Saved/Axe_Gloss8BCF68A44C878A1C612F359237454AA4.tmp' to '../../../../../../Users/mytho/Documents/Bjourn/Content/Imports/Weapons/Axes/Normal/Axe_Gloss.uasset'
[2018.11.27-05.41.18:411][466]Cmd: OBJ SAVEPACKAGE PACKAGE="/Game/Imports/Weapons/Axes/Normal/Axe_Normal" FILE="../../../../../../Users/mytho/Documents/Bjourn/Content/Imports/Weapons/Axes/Normal/Axe_Normal.uasset" SILENT=true
[2018.11.27-05.41.19:278][466]LogSavePackage: Moving '../../../../../../Users/mytho/Documents/Bjourn/Saved/Axe_Normal2BFA25384C2B7AA34D30EFA7DA6C209F.tmp' to '../../../../../../Users/mytho/Documents/Bjourn/Content/Imports/Weapons/Axes/Normal/Axe_Normal.uasset'
[2018.11.27-05.41.20:153][466]Cmd: OBJ SAVEPACKAGE PACKAGE="/Game/Imports/Weapons/Axes/Normal/Axe_Specular" FILE="../../../../../../Users/mytho/Documents/Bjourn/Content/Imports/Weapons/Axes/Normal/Axe_Specular.uasset" SILENT=true
[2018.11.27-05.41.20:649][466]LogSavePackage: Moving '../../../../../../Users/mytho/Documents/Bjourn/Saved/Axe_Specular0E87C5774B83F3DD1F449BAAF44EDE8F.tmp' to '../../../../../../Users/mytho/Documents/Bjourn/Content/Imports/Weapons/Axes/Normal/Axe_Specular.uasset'
[2018.11.27-05.41.21:353][466]Cmd: OBJ SAVEPACKAGE PACKAGE="/Game/ThirdPersonBP/Blueprints/HUD/HUD" FILE="../../../../../../Users/mytho/Documents/Bjourn/Content/ThirdPersonBP/Blueprints/HUD/HUD.uasset" SILENT=true
[2018.11.27-05.41.22:083][466]LogSavePackage: Moving '../../../../../../Users/mytho/Documents/Bjourn/Saved/HUD6401E98A400281D5B82623BE8F5A9D50.tmp' to '../../../../../../Users/mytho/Documents/Bjourn/Content/ThirdPersonBP/Blueprints/HUD/HUD.uasset'
[2018.11.27-05.41.22:253][466]Cmd: OBJ SAVEPACKAGE PACKAGE="/Game/ThirdPersonBP/Blueprints/Player_Character" FILE="../../../../../../Users/mytho/Documents/Bjourn/Content/ThirdPersonBP/Blueprints/Player_Character.uasset" SILENT=true
[2018.11.27-05.41.22:450][466]LogSavePackage: Moving '../../../../../../Users/mytho/Documents/Bjourn/Saved/Player_CharacterA55461E347AA5E198D9F5694EC59437A.tmp' to '../../../../../../Users/mytho/Documents/Bjourn/Content/ThirdPersonBP/Blueprints/Player_Character.uasset'
[2018.11.27-05.41.25:037][520]LogActorFactory: Actor Factory created Axe_Mesh
[2018.11.27-05.41.26:027][597]LogActorFactory: Actor Factory created Axe_Mesh
[2018.11.27-05.41.34:054][223]Cmd: DELETE
[2018.11.27-05.41.34:054][223]Cmd: ACTOR DELETE
[2018.11.27-05.41.34:166][223]LogEditorActor: Deleted Actor: StaticMeshActor
[2018.11.27-05.41.34:252][223]LogEditorActor: Deleted 1 Actors (0.149 secs)
[2018.11.27-05.44.18:509][155]LogSlate: FSceneViewport::OnFocusLost() reason 2
[2018.11.27-05.45.53:821][789]LogSlate: Only BGRA pngs, bmps or icos are supported in by External Image Picker
[2018.11.27-05.46.03:311][146]LogTemp: Executing iPhonePackager certificates Engine -bundlename com.YourCompany.Bjourn
[2018.11.27-05.46.03:311][146]LogTemp: CWD: C:\Program Files\Epic Games\UE_4.20\Engine\Binaries\DotNET\IOS
[2018.11.27-05.46.03:311][146]LogTemp: Initial Dir: C:\Program Files\Epic Games\UE_4.20
[2018.11.27-05.46.03:311][146]LogTemp: Env CWD: C:\Program Files\Epic Games\UE_4.20\Engine\Binaries\DotNET\IOS
[2018.11.27-05.46.03:646][167]LogTemp: BranchPath = DESKTOP-RPLIV76/C/Program Files/Epic Games/UE_4.20/Engine/Binaries --- GameBranchPath = DESKTOP-RPLIV76/C/Program Files/Epic Games/UE_4.20/Engine/Binaries
[2018.11.27-05.46.10:231][588]LogTemp: IPP ERROR: Could not find provision directory 'C:\Users\mytho\AppData\Local/Apple Computer/MobileDevice/Provisioning Profiles/'.
[2018.11.27-05.48.06:578][367]LogSlate: Window 'Project Settings' being destroyed
[2018.11.27-05.48.06:584][367]LogSlate: Window 'Project Settings' being destroyed
[2018.11.27-05.48.23:201][ 84]LogAssetEditorManager: Opening Asset editor for LevelSequence /Game/Cinematic/Start.Start
[2018.11.27-05.53.08:368][270]SourceControl: fatal: C:/Program Files/Epic Games/UE_4.20/Engine/Content: 'C:/Program Files/Epic Games/UE_4.20/Engine/Content' is outside repository
[2018.11.27-05.53.20:027][270]LogSlate: Window 'Save Content' being destroyed
[2018.11.27-05.53.24:986][270]LogSavePackage: Moving '../../../../../../Users/mytho/Documents/Bjourn/Saved/Starting_Area5CB03F8F4FBF626B762CCC8A95CA3D34.tmp' to '../../../../../../Users/mytho/Documents/Bjourn/Content/ThirdPersonBP/Maps/Starting_Area.umap'
[2018.11.27-05.53.26:113][270]LogFileHelpers: Saving map 'Starting_Area' took 5.182
