Log file open, 11/26/18 21:45:21
LogWindows: Failed to load 'aqProf.dll' (GetLastError=126)
LogWindows: File 'aqProf.dll' does not exist
LogWindows: Failed to load 'VSPerf140.dll' (GetLastError=126)
LogWindows: File 'VSPerf140.dll' does not exist
LogWindows: Failed to load 'VtuneApi.dll' (GetLastError=126)
LogWindows: File 'VtuneApi.dll' does not exist
LogWindows: Failed to load 'VtuneApi32e.dll' (GetLastError=126)
LogWindows: File 'VtuneApi32e.dll' does not exist
LogInit: Display: Running engine for game: Bjourn
LogPlatformFile: Not using cached read wrapper
LogTaskGraph: Started task graph with 5 named threads and 17 total threads with 3 sets of task threads.
LogStats: Stats thread started at 100.378898
LogD3D11RHI: Loaded GFSDK_Aftermath_Lib.x64.dll
LogICUInternationalization: Display: ICU TimeZone Detection - Raw Offset: -6:00, Platform Override: ''
LogPluginManager: Mounting plugin Paper2D
LogPluginManager: Mounting plugin AISupport
LogPluginManager: Mounting plugin LightPropagationVolume
LogPluginManager: Mounting plugin CLionSourceCodeAccess
LogPluginManager: Mounting plugin CodeLiteSourceCodeAccess
LogPluginManager: Mounting plugin GitSourceControl
LogPluginManager: Mounting plugin KDevelopSourceCodeAccess
LogPluginManager: Mounting plugin NullSourceCodeAccess
LogPluginManager: Mounting plugin PerforceSourceControl
LogPluginManager: Mounting plugin SubversionSourceControl
LogPluginManager: Mounting plugin UObjectPlugin
LogPluginManager: Mounting plugin VisualStudioCodeSourceCodeAccess
LogPluginManager: Mounting plugin VisualStudioSourceCodeAccess
LogPluginManager: Mounting plugin XCodeSourceCodeAccess
LogPluginManager: Mounting plugin AssetManagerEditor
LogPluginManager: Mounting plugin CryptoKeys
LogPluginManager: Mounting plugin DataValidation
LogPluginManager: Mounting plugin FacialAnimation
LogPluginManager: Mounting plugin GameplayTagsEditor
LogPluginManager: Mounting plugin MacGraphicsSwitching
LogPluginManager: Mounting plugin MeshEditor
LogPluginManager: Mounting plugin MobileLauncherProfileWizard
LogPluginManager: Mounting plugin PluginBrowser
LogPluginManager: Mounting plugin SpeedTreeImporter
LogPluginManager: Mounting plugin DatasmithContent
LogPluginManager: Mounting plugin AlembicImporter
LogPluginManager: Mounting plugin AppleImageUtils
LogPluginManager: Mounting plugin AppleVision
LogPluginManager: Mounting plugin BackChannel
LogPluginManager: Mounting plugin CharacterAI
LogPluginManager: Mounting plugin GeometryCache
LogPluginManager: Mounting plugin HTML5Networking
LogPluginManager: Mounting plugin ProxyLODPlugin
LogPluginManager: Mounting plugin MagicLeap
LogPluginManager: Mounting plugin MagicLeapEmulator
LogPluginManager: Mounting plugin MagicLeapMedia
LogPluginManager: Mounting plugin AndroidMedia
LogPluginManager: Mounting plugin AvfMedia
LogPluginManager: Mounting plugin ImgMedia
LogPluginManager: Mounting plugin LinearTimecode
LogPluginManager: Mounting plugin MediaCompositing
LogPluginManager: Mounting plugin MediaPlayerEditor
LogPluginManager: Mounting plugin WmfMedia
LogPluginManager: Mounting plugin TcpMessaging
LogPluginManager: Mounting plugin UdpMessaging
LogPluginManager: Mounting plugin ActorSequence
LogPluginManager: Mounting plugin LevelSequenceEditor
LogPluginManager: Mounting plugin MatineeToLevelSequence
LogPluginManager: Mounting plugin NetcodeUnitTest
LogPluginManager: Mounting plugin NUTUnrealEngine4
LogPluginManager: Mounting plugin OnlineSubsystemGooglePlay
LogPluginManager: Mounting plugin OnlineSubsystemIOS
LogPluginManager: Mounting plugin OnlineSubsystem
LogPluginManager: Mounting plugin OnlineSubsystemNull
LogPluginManager: Mounting plugin OnlineSubsystemUtils
LogPluginManager: Mounting plugin LauncherChunkInstaller
LogPluginManager: Mounting plugin AndroidDeviceProfileSelector
LogPluginManager: Mounting plugin AndroidMoviePlayer
LogPluginManager: Mounting plugin AndroidPermission
LogPluginManager: Mounting plugin AppleMoviePlayer
LogPluginManager: Mounting plugin ArchVisCharacter
LogPluginManager: Mounting plugin AudioCapture
LogPluginManager: Mounting plugin CableComponent
LogPluginManager: Mounting plugin CustomMeshComponent
LogPluginManager: Mounting plugin EditableMesh
LogPluginManager: Mounting plugin ExampleDeviceProfileSelector
LogPluginManager: Mounting plugin GoogleCloudMessaging
LogPluginManager: Mounting plugin ImmediatePhysics
LogPluginManager: Mounting plugin IOSDeviceProfileSelector
LogPluginManager: Mounting plugin LinuxDeviceProfileSelector
LogPluginManager: Mounting plugin LocationServicesBPLibrary
LogPluginManager: Mounting plugin MobilePatchingUtils
LogPluginManager: Mounting plugin OculusVR
LogPluginManager: Plugin shader directory ../../../Engine/Plugins/Runtime/Oculus/OculusVR/Shaders found
LogPluginManager: Mapping shader source directory ../../../Engine/Plugins/Runtime/Oculus/OculusVR/Shaders to virtual directory /Plugin/OculusVR
LogPluginManager: Mounting plugin PhysXVehicles
LogPluginManager: Mounting plugin ProceduralMeshComponent
LogPluginManager: Mounting plugin RuntimePhysXCooking
LogPluginManager: Mounting plugin SteamVR
LogPluginManager: Mounting plugin WindowsMoviePlayer
LogStreaming: Display: Took  0.451s to configure plugins.
LogInit: Using libcurl 7.55.1-DEV
LogInit:  - built for x86_64-pc-win32
LogInit:  - supports SSL with OpenSSL/1.0.2h
LogInit:  - supports HTTP deflate (compression) using libz 1.2.8
LogInit:  - other features:
LogInit:      CURL_VERSION_SSL
LogInit:      CURL_VERSION_LIBZ
LogInit:      CURL_VERSION_IPV6
LogInit:      CURL_VERSION_ASYNCHDNS
LogInit:      CURL_VERSION_LARGEFILE
LogInit:      CURL_VERSION_IDN
LogInit:  CurlRequestOptions (configurable via config and command line):
LogInit:  - bVerifyPeer = false  - Libcurl will NOT verify peer certificate
LogInit:  - bUseHttpProxy = false  - Libcurl will NOT use HTTP proxy
LogInit:  - bDontReuseConnections = false  - Libcurl will reuse connections
LogInit:  - CertBundlePath = nullptr  - Libcurl will use whatever was configured at build time.
LogInit:  - MaxHostConnections = 16  - Libcurl will limit the number of connections to a host
LogInit:  - LocalHostAddr = Default
LogInit:  - BufferSize = 65536
LogInit: WinSock: version 1.1 (2.2), MaxSocks=32767, MaxUdp=65467
LogInit: Build: ++UE4+Release-4.20-CL-4369336
LogInit: Engine Version: 4.20.3-4369336+++UE4+Release-4.20
LogInit: Compatible Engine Version: 4.20.0-4212847+++UE4+Release-4.20
LogInit: Net CL: 4212847
LogInit: OS: Windows 10 (), CPU: AMD FX(tm)-6120 Six-Core Processor             , GPU: NVIDIA GeForce GTX 660 Ti
LogInit: Compiled (64-bit): Sep 17 2018 12:26:19
LogInit: Compiled with Visual C++: 19.13.26129.00
LogInit: Build Configuration: Development
LogInit: Branch Name: ++UE4+Release-4.20
LogInit: Command Line:  
LogInit: Base Directory: C:/Program Files/Epic Games/UE_4.20/Engine/Binaries/Win64/
LogInit: Installed Engine Build: 1
LogDevObjectVersion: Number of dev versions registered: 20
LogDevObjectVersion:   Dev-Blueprints (B0D832E4-1F89-4F0D-ACCF-7EB736FD4AA2): 10
LogDevObjectVersion:   Dev-Build (E1C64328-A22C-4D53-A36C-8E866417BD8C): 0
LogDevObjectVersion:   Dev-Core (375EC13C-06E4-48FB-B500-84F0262A717E): 2
LogDevObjectVersion:   Dev-Editor (E4B068ED-F494-42E9-A231-DA0B2E46BB41): 24
LogDevObjectVersion:   Dev-Framework (CFFC743F-43B0-4480-9391-14DF171D2073): 34
LogDevObjectVersion:   Dev-Mobile (B02B49B5-BB20-44E9-A304-32B752E40360): 2
LogDevObjectVersion:   Dev-Networking (A4E4105C-59A1-49B5-A7C5-40C4547EDFEE): 0
LogDevObjectVersion:   Dev-Online (39C831C9-5AE6-47DC-9A44-9C173E1C8E7C): 0
LogDevObjectVersion:   Dev-Physics (78F01B33-EBEA-4F98-B9B4-84EACCB95AA2): 0
LogDevObjectVersion:   Dev-Platform (6631380F-2D4D-43E0-8009-CF276956A95A): 0
LogDevObjectVersion:   Dev-Rendering (12F88B9F-8875-4AFC-A67C-D90C383ABD29): 26
LogDevObjectVersion:   Dev-Sequencer (7B5AE74C-D270-4C10-A958-57980B212A5A): 9
LogDevObjectVersion:   Dev-VR (D7296918-1DD6-4BDD-9DE2-64A83CC13884): 2
LogDevObjectVersion:   Dev-LoadTimes (C2A15278-BFE7-4AFE-6C17-90FF531DF755): 1
LogDevObjectVersion:   Private-Geometry (6EACA3D4-40EC-4CC1-B786-8BED09428FC5): 3
LogDevObjectVersion:   Dev-AnimPhys (29E575DD-E0A3-4627-9D10-D276232CDCEA): 17
LogDevObjectVersion:   Dev-ReflectionCapture (6B266CEC-1EC7-4B8F-A30B-E4D90942FC07): 1
LogDevObjectVersion:   Dev-Automation (0DF73D61-A23F-47EA-B727-89E90C41499A): 1
LogDevObjectVersion:   FortniteMain (601D1886-AC64-4F84-AA16-D3DE0DEAC7D6): 12
LogDevObjectVersion:   Dev-Enterprise (9DFFBCD6-494F-0158-E221-12823C92A888): 1
LogStreaming: Display: Took  0.021s to delete old logs.
LogInit: Presizing for max 8388607 objects, including 0 objects not considered by GC, pre-allocating 0 bytes for permanent pool.
LogInit: Object subsystem initialized
[2018.11.27-03.45.25:967][  0]LogInit: Selected Device Profile: [Windows]
[2018.11.27-03.45.25:968][  0]LogInit: Applying CVar settings loaded from the selected device profile: [Windows]
[2018.11.27-03.45.26:066][  0]LogHAL: Display: Platform has ~ 10 GB [10491457536 / 17179869184 / 10], which maps to Default [LargestMinGB=32, LargerMinGB=12, DefaultMinGB=8, SmallerMinGB=6, SmallestMinGB=0)
[2018.11.27-03.45.26:083][  0]LogInit: Setting Device Profile CVar: [[r.Vulkan.UseRealUBs:1]]
[2018.11.27-03.45.26:091][  0]LogInit: Going up to parent DeviceProfile []
[2018.11.27-03.45.26:248][  0]LogInit: Computer: DESKTOP-RPLIV76
[2018.11.27-03.45.26:248][  0]LogInit: User: mytho
[2018.11.27-03.45.26:248][  0]LogInit: CPU Page size=4096, Cores=3
[2018.11.27-03.45.26:248][  0]LogInit: High frequency timer resolution =3.409425 MHz
[2018.11.27-03.45.26:248][  0]LogMemory: Memory total: Physical=9.8GB (10GB approx)
[2018.11.27-03.45.26:248][  0]LogMemory: Platform Memory Stats for Windows
[2018.11.27-03.45.26:248][  0]LogMemory: Process Physical Memory: 100.92 MB used, 100.92 MB peak
[2018.11.27-03.45.26:248][  0]LogMemory: Process Virtual Memory: 96.90 MB used, 96.90 MB peak
[2018.11.27-03.45.26:248][  0]LogMemory: Physical Memory: 3094.75 MB used,  6910.68 MB free, 10005.43 MB total
[2018.11.27-03.45.26:248][  0]LogMemory: Virtual Memory: 4638.43 MB used,  6910.68 MB free, 134217728.00 MB total
[2018.11.27-03.45.27:580][  0]LogInit: Using OS detected language (en-US).
[2018.11.27-03.45.27:580][  0]LogInit: Using OS detected locale (en-US).
[2018.11.27-03.45.27:637][  0]LogTextLocalizationManager: No specific localization for 'en-US' exists, so the 'en' localization will be used.
[2018.11.27-03.45.29:856][  0]LogStreaming: Display: Took  2.236s to InitEngineTextLocalization.
[2018.11.27-03.45.29:864][  0]LogInit: Setting process to per monitor DPI aware
[2018.11.27-03.45.30:775][  0]LogSlate: New Slate User Created.  User Index 0, Is Virtual User: 0
[2018.11.27-03.45.30:775][  0]LogSlate: Slate User Registered.  User Index 0, Is Virtual User: 0
[2018.11.27-03.45.41:154][  0]LogHMD: Failed to initialize OpenVR with code 110
[2018.11.27-03.45.41:154][  0]LogD3D11RHI: D3D11 adapters:
[2018.11.27-03.45.41:473][  0]LogD3D11RHI:    0. 'NVIDIA GeForce GTX 660 Ti' (Feature Level 11_0)
[2018.11.27-03.45.41:473][  0]LogD3D11RHI:       2015/0/5002 MB DedicatedVideo/DedicatedSystem/SharedSystem, Outputs:1, VendorId:0x10de
[2018.11.27-03.45.41:477][  0]LogD3D11RHI:    1. 'Microsoft Basic Render Driver' (Feature Level 11_0)
[2018.11.27-03.45.41:477][  0]LogD3D11RHI:       0/0/5002 MB DedicatedVideo/DedicatedSystem/SharedSystem, Outputs:0, VendorId:0x1414
[2018.11.27-03.45.41:477][  0]LogD3D11RHI: Chosen D3D11 Adapter: 0
[2018.11.27-03.45.41:503][  0]LogD3D11RHI: Creating new Direct3DDevice
[2018.11.27-03.45.41:504][  0]LogD3D11RHI:     GPU DeviceId: 0x1183 (for the marketing name, search the web for "GPU Device Id")
[2018.11.27-03.45.41:508][  0]LogWindows: EnumDisplayDevices:
[2018.11.27-03.45.41:508][  0]LogWindows:    0. 'NVIDIA GeForce GTX 660 Ti' (P:1 D:1)
[2018.11.27-03.45.41:509][  0]LogWindows:    1. 'NVIDIA GeForce GTX 660 Ti' (P:0 D:0)
[2018.11.27-03.45.41:510][  0]LogWindows:    2. 'NVIDIA GeForce GTX 660 Ti' (P:0 D:0)
[2018.11.27-03.45.41:510][  0]LogWindows:    3. 'NVIDIA GeForce GTX 660 Ti' (P:0 D:0)
[2018.11.27-03.45.41:510][  0]LogWindows: DebugString: FoundDriverCount:4 
[2018.11.27-03.45.41:510][  0]LogD3D11RHI:     Adapter Name: NVIDIA GeForce GTX 660 Ti
[2018.11.27-03.45.41:522][  0]LogD3D11RHI:   Driver Version: 388.13 (internal:23.21.13.8813, unified:388.13)
[2018.11.27-03.45.41:522][  0]LogD3D11RHI:      Driver Date: 10-27-2017
[2018.11.27-03.45.41:522][  0]LogRHI: Texture pool is 1410 MB (70% of 2015 MB)
[2018.11.27-03.45.41:706][  0]LogD3D11RHI: Async texture creation enabled
[2018.11.27-03.45.42:003][  0]LogD3D11RHI: GPU Timing Frequency: 1000.000000 (Debug: 2 2)
[2018.11.27-03.45.42:135][  0]LogShaderCompilers: Guid format shader working directory is 0 characters bigger than the processId version (../../../../../../Users/mytho/Documents/Bjourn/Intermediate/Shaders/WorkingDirectory/3804/).
[2018.11.27-03.45.42:135][  0]LogShaderCompilers: Cleaned the shader compiler working directory 'C:/Users/mytho/AppData/Local/Temp/UnrealShaderWorkingDir/9F6D31A24F5B480884EA4B9450CDCBA4/'.
[2018.11.27-03.45.49:073][  0]LogTemp: Display: Loaded TP AllDesktopTargetPlatform
[2018.11.27-03.45.49:117][  0]LogTemp: Display: Loaded TP MacClientTargetPlatform
[2018.11.27-03.45.49:161][  0]LogTemp: Display: Loaded TP MacNoEditorTargetPlatform
[2018.11.27-03.45.49:211][  0]LogTemp: Display: Loaded TP MacServerTargetPlatform
[2018.11.27-03.45.49:320][  0]LogTemp: Display: Loaded TP MacTargetPlatform
[2018.11.27-03.45.49:431][  0]LogTemp: Display: Loaded TP WindowsClientTargetPlatform
[2018.11.27-03.45.49:498][  0]LogTemp: Display: Loaded TP WindowsNoEditorTargetPlatform
[2018.11.27-03.45.49:558][  0]LogTemp: Display: Loaded TP WindowsServerTargetPlatform
[2018.11.27-03.45.49:596][  0]LogTemp: Display: Loaded TP WindowsTargetPlatform
[2018.11.27-03.45.49:862][  0]LogTemp: Display: Loaded TP AndroidTargetPlatform
[2018.11.27-03.45.49:862][  0]LogTemp: Display: Loaded TP AndroidTargetPlatform
[2018.11.27-03.45.49:862][  0]LogTemp: Display: Loaded TP AndroidTargetPlatform
[2018.11.27-03.45.49:862][  0]LogTemp: Display: Loaded TP AndroidTargetPlatform
[2018.11.27-03.45.49:862][  0]LogTemp: Display: Loaded TP AndroidTargetPlatform
[2018.11.27-03.45.49:862][  0]LogTemp: Display: Loaded TP AndroidTargetPlatform
[2018.11.27-03.45.49:862][  0]LogTemp: Display: Loaded TP AndroidTargetPlatform
[2018.11.27-03.45.49:862][  0]LogTemp: Display: Loaded TP AndroidTargetPlatform
[2018.11.27-03.45.49:862][  0]LogTemp: Display: Loaded TP AndroidTargetPlatform
[2018.11.27-03.45.49:862][  0]LogTemp: Display: Loaded TP AndroidTargetPlatform
[2018.11.27-03.45.49:862][  0]LogTemp: Display: Loaded TP AndroidTargetPlatform
[2018.11.27-03.45.49:862][  0]LogTemp: Display: Loaded TP AndroidTargetPlatform
[2018.11.27-03.45.49:862][  0]LogTemp: Display: Loaded TP AndroidTargetPlatform
[2018.11.27-03.45.49:862][  0]LogTemp: Display: Loaded TP AndroidTargetPlatform
[2018.11.27-03.45.49:862][  0]LogTemp: Display: Loaded TP AndroidTargetPlatform
[2018.11.27-03.45.49:862][  0]LogTemp: Display: Loaded TP AndroidTargetPlatform
[2018.11.27-03.45.49:863][  0]LogTemp: Display: Loaded TP AndroidTargetPlatform
[2018.11.27-03.45.49:863][  0]LogTemp: Display: Loaded TP AndroidTargetPlatform
[2018.11.27-03.45.49:880][  0]LogTemp: Display: Loaded TP HTML5TargetPlatform
[2018.11.27-03.45.50:058][  0]LogTemp: Display: Loaded TP IOSTargetPlatform
[2018.11.27-03.45.50:058][  0]LogTemp: Display: Loaded TP IOSTargetPlatform
[2018.11.27-03.45.50:137][  0]LogTemp: Display: Loaded TP TVOSTargetPlatform
[2018.11.27-03.45.50:137][  0]LogTemp: Display: Loaded TP TVOSTargetPlatform
[2018.11.27-03.45.50:177][  0]LogTemp: Display: Loaded TP LinuxClientTargetPlatform
[2018.11.27-03.45.50:210][  0]LogTemp: Display: Loaded TP LinuxNoEditorTargetPlatform
[2018.11.27-03.45.50:268][  0]LogTemp: Display: Loaded TP LinuxServerTargetPlatform
[2018.11.27-03.45.50:402][  0]LogTemp: Display: Loaded TP LinuxTargetPlatform
[2018.11.27-03.45.50:441][  0]LogTemp: Display: Loaded TP LuminTargetPlatform
[2018.11.27-03.45.50:441][  0]LogTargetPlatformManager: Display: Building Assets For Windows
[2018.11.27-03.45.51:750][  0]LogXGEController: Cleaning working directory: C:/Users/mytho/AppData/Local/Temp/UnrealXGEWorkingDir/
[2018.11.27-03.45.51:751][  0]LogXGEController: Cannot use XGE Controller as Incredibuild is not installed on this machine.
[2018.11.27-03.45.51:751][  0]LogShaderCompilers: Cannot use XGE Shader Compiler as Incredibuild is not installed on this machine.
[2018.11.27-03.45.51:751][  0]LogShaderCompilers: Display: Using Local Shader Compiler.
[2018.11.27-03.46.01:653][  0]LogDerivedDataCache: Display: Max Cache Size: 512 MB
[2018.11.27-03.46.02:561][  0]LogDerivedDataCache: Loaded boot cache 0.91s 71MB C:/Users/mytho/AppData/Local/UnrealEngine/4.20/DerivedDataCache/Boot.ddc.
[2018.11.27-03.46.02:561][  0]LogDerivedDataCache: Display: Loaded Boot cache: C:/Users/mytho/AppData/Local/UnrealEngine/4.20/DerivedDataCache/Boot.ddc
[2018.11.27-03.46.02:562][  0]LogDerivedDataCache: FDerivedDataBackendGraph:  Pak pak cache file ../../../../../../Users/mytho/Documents/Bjourn/DerivedDataCache/DDC.ddp not found, will not use a pak cache.
[2018.11.27-03.46.02:562][  0]LogDerivedDataCache: Unable to find inner node Pak for hierarchical cache Hierarchy.
[2018.11.27-03.46.02:562][  0]LogDerivedDataCache: FDerivedDataBackendGraph:  CompressedPak pak cache file ../../../../../../Users/mytho/Documents/Bjourn/DerivedDataCache/Compressed.ddp not found, will not use a pak cache.
[2018.11.27-03.46.02:562][  0]LogDerivedDataCache: Unable to find inner node CompressedPak for hierarchical cache Hierarchy.
[2018.11.27-03.46.02:713][  0]LogDerivedDataCache: Display: Pak cache opened for reading ../../../Engine/DerivedDataCache/Compressed.ddp.
[2018.11.27-03.46.02:774][  0]LogDerivedDataCache: Using Local data cache path C:/Users/mytho/AppData/Local/UnrealEngine/Common/DerivedDataCache: Writable
[2018.11.27-03.46.02:774][  0]LogDerivedDataCache: Shared data cache path not found in *engine.ini, will not use an Shared cache.
[2018.11.27-03.46.02:774][  0]LogDerivedDataCache: Unable to find inner node Shared for hierarchical cache Hierarchy.
[2018.11.27-03.46.02:922][  0]LogMaterial: Verifying Global Shaders for PCD3D_SM5
[2018.11.27-03.46.02:975][  0]LogSlate: Using FreeType 2.6.0
[2018.11.27-03.46.03:242][  0]LogSlate: SlateFontServices - WITH_FREETYPE: 1, WITH_HARFBUZZ: 1
[2018.11.27-03.46.07:570][  0]LogAssetRegistry: FAssetRegistry took 0.0520 seconds to start up
[2018.11.27-03.46.12:348][  0]LogInit: Selected Device Profile: [Windows]
[2018.11.27-03.46.17:926][  0]LogSimplygon: Simplygon DLL not present - disabling.
[2018.11.27-03.46.18:825][  0]LogMeshReduction: Using SimplygonSwarm for distributed automatic mesh merging
[2018.11.27-03.46.18:841][  0]LogMeshReduction: Using ProxyLODMeshReduction for automatic mesh merging
[2018.11.27-03.46.18:872][  0]LogMeshReduction: Using QuadricMeshReduction for automatic static mesh reduction
[2018.11.27-03.46.18:872][  0]LogMeshReduction: No automatic skeletal mesh reduction module available
[2018.11.27-03.46.20:030][  0]LogNetVersion: Bjourn 1.0.0, NetCL: 4212847, EngineNetVer: 5, GameNetVer: 0 (Checksum: 2510388400)
[2018.11.27-03.46.34:161][  0]LogPackageLocalizationCache: Processed 11 localized package path(s) for 2 prioritized culture(s) in 0.399272 seconds
[2018.11.27-03.46.34:211][  0]LogUObjectArray: 38425 objects as part of root set at end of initial load.
[2018.11.27-03.46.34:211][  0]LogUObjectAllocator: 6690872 out of 0 bytes used by permanent object pool.
[2018.11.27-03.46.34:211][  0]LogUObjectArray: CloseDisregardForGC: 0/0 objects in disregard for GC pool
[2018.11.27-03.47.08:676][  0]LogTcpMessaging: Initializing TcpMessaging bridge
[2018.11.27-03.47.08:719][  0]LogUdpMessaging: Initializing bridge on interface 0.0.0.0:0 to multicast group 230.0.0.1:6666.
[2018.11.27-03.47.10:633][  0]SourceControl: Source control is disabled
[2018.11.27-03.47.21:164][  0]LogAndroidPermission: UAndroidPermissionCallbackProxy::GetInstance
[2018.11.27-03.47.21:371][  0]LogOcInput: OculusInput pre-init called
[2018.11.27-03.47.22:005][  0]LogEngine: Initializing Engine...
[2018.11.27-03.47.22:054][  0]LogHMD: Failed to initialize OpenVR with code 110
[2018.11.27-03.47.22:079][  0]LogStats: UGameplayTagsManager::ConstructGameplayTagTree: ImportINI prefixes -  0.000 s
[2018.11.27-03.47.22:079][  0]LogStats: UGameplayTagsManager::ConstructGameplayTagTree: Construct from data asset -  0.000 s
[2018.11.27-03.47.22:079][  0]LogStats: UGameplayTagsManager::ConstructGameplayTagTree: ImportINI -  0.000 s
[2018.11.27-03.47.22:080][  0]LogStats: UGameplayTagsManager::ConstructGameplayTagTree: GameplayTagTreeChangedEvent.Broadcast -  0.000 s
[2018.11.27-03.47.24:004][  0]LogInit: Initializing FReadOnlyCVARCache
[2018.11.27-03.47.24:421][  0]LogAIModule: Creating AISystem for world Untitled
[2018.11.27-03.47.24:677][  0]LogInit: XAudio2 using '332-B11-4 (NVIDIA High Definition Audio)' : 2 channels at 48 kHz using 16 bits per sample (channel mask 0x3)
[2018.11.27-03.47.24:707][  0]LogInit: FAudioDevice initialized.
[2018.11.27-03.47.24:707][  0]LogNetVersion: Set ProjectVersion to 1.0.0.0. Version Checksum will be recalculated on next use.
[2018.11.27-03.47.25:843][  0]LogDerivedDataCache: Saved boot cache 1.14s 71MB C:/Users/mytho/AppData/Local/UnrealEngine/4.20/DerivedDataCache/Boot.ddc.
[2018.11.27-03.47.25:857][  0]LogInit: Texture streaming: Enabled
[2018.11.27-03.47.26:096][  0]LogEngineSessionManager: EngineSessionManager initialized
[2018.11.27-03.47.27:002][  0]LogInit: Transaction tracking system initialized
[2018.11.27-03.47.29:388][  0]BlueprintLog: New page: Editor Load
[2018.11.27-03.47.35:242][  0]LocalizationService: Localization service is disabled
[2018.11.27-03.47.48:069][  0]LogFileCache: Scanning file cache for directory 'C:/Users/mytho/Documents/Bjourn/Content/' took 0.58s
[2018.11.27-03.47.48:069][  0]LogCook: Display: Max memory allowance for cook 16384mb min free memory 0mb
[2018.11.27-03.47.48:109][  0]LogCook: Display: Mobile HDR setting 1
[2018.11.27-03.47.48:206][  0]LogGameplayTags: Display: UGameplayTagsManager::DoneAddingNativeTags. DelegateIsBound: 0
[2018.11.27-03.47.48:206][  0]LogStats: UGameplayTagsManager::ConstructGameplayTagTree: ImportINI prefixes -  0.000 s
[2018.11.27-03.47.48:206][  0]LogStats: UGameplayTagsManager::ConstructGameplayTagTree: Construct from data asset -  0.000 s
[2018.11.27-03.47.48:207][  0]LogStats: UGameplayTagsManager::ConstructGameplayTagTree: ImportINI -  0.000 s
[2018.11.27-03.47.48:207][  0]LogStats: UGameplayTagsManager::ConstructGameplayTagTree: GameplayTagTreeChangedEvent.Broadcast -  0.000 s
[2018.11.27-03.48.11:410][  0]Cmd: MAP LOAD FILE="../../../../../../Users/mytho/Documents/Bjourn/Content/ThirdPersonBP/Maps/ThirdPersonExampleMap.umap" TEMPLATE=0 SHOWPROGRESS=1 FEATURELEVEL=3
[2018.11.27-03.48.11:411][  0]LogEditorServer: Warning: Can't find file '../../../../../../Users/mytho/Documents/Bjourn/Content/ThirdPersonBP/Maps/ThirdPersonExampleMap.umap'
[2018.11.27-03.48.11:411][  0]Cmd: MAP CHECKDEP NOCLEARLOG
[2018.11.27-03.48.11:698][  0]MapCheck: Map check complete: 0 Error(s), 0 Warning(s), took 287.336ms to complete.
[2018.11.27-03.48.11:698][  0]LogFileHelpers: Loading map 'ThirdPersonExampleMap' took 0.343
[2018.11.27-03.48.26:350][  0]LogSlate: Updating window title bar state: overlay mode, drag disabled, window buttons hidden, title bar hidden
[2018.11.27-03.48.29:041][  0]LogCollectionManager: Loaded 0 collections in 0.004423 seconds
[2018.11.27-03.48.34:502][  0]LogFileCache: Scanning file cache for directory 'C:/Users/mytho/Documents/Bjourn/Saved/Collections/' took 0.01s
[2018.11.27-03.48.34:502][  0]LogFileCache: Scanning file cache for directory 'C:/Users/mytho/Documents/Bjourn/Content/Developers/mytho/Collections/' took 0.01s
[2018.11.27-03.48.34:502][  0]LogFileCache: Scanning file cache for directory 'C:/Users/mytho/Documents/Bjourn/Content/Collections/' took 0.01s
[2018.11.27-03.48.34:502][  0]LogCollectionManager: Rebuilt the GUID cache for 0 collections in 0.000001 seconds
[2018.11.27-03.48.35:392][  0]LogContentBrowser: Native class hierarchy populated in 0.4726 seconds. Added 2572 classes and 603 folders.
[2018.11.27-03.48.36:833][  0]LogContentBrowser: Native class hierarchy updated for 'WidgetCarousel' in 0.0003 seconds. Added 0 classes and 0 folders.
[2018.11.27-03.48.51:414][  0]LogContentBrowser: Native class hierarchy updated for 'AddContentDialog' in 0.0010 seconds. Added 0 classes and 0 folders.
[2018.11.27-03.48.51:854][  0]LogContentBrowser: Native class hierarchy updated for 'SceneOutliner' in 0.0005 seconds. Added 1 classes and 2 folders.
[2018.11.27-03.48.55:411][  0]LogSlate: Took 0.055465 seconds to synchronously load lazily loaded font '../../../Engine/Content/Slate/Fonts/Roboto-Regular.ttf' (155K)
[2018.11.27-03.48.55:593][  0]LogSlate: Took 0.070568 seconds to synchronously load lazily loaded font '../../../Engine/Content/Slate/Fonts/Roboto-Bold.ttf' (160K)
[2018.11.27-03.48.55:698][  0]LogSlate: Took 0.040982 seconds to synchronously load lazily loaded font '../../../Engine/Content/Editor/Slate/Fonts/FontAwesome.ttf' (139K)
[2018.11.27-03.48.57:329][  0]LogRenderer: Reallocating scene render targets to support 828x328 Format 10 NumSamples 1 (Frame:1).
[2018.11.27-03.49.02:007][  0]LogContentBrowser: Native class hierarchy updated for 'HierarchicalLODOutliner' in 0.0009 seconds. Added 0 classes and 0 folders.
[2018.11.27-03.49.02:008][  0]LogLoad: (Engine Initialization) Total time: 457.66 seconds
[2018.11.27-03.49.02:008][  0]LogLoad: (Engine Initialization) Total Blueprint compile time: 0.00 seconds
[2018.11.27-03.49.02:287][  0]LogContentStreaming: Texture pool size now 3000 MB
[2018.11.27-03.49.02:753][  0]LogSlate: Took 0.107804 seconds to synchronously load lazily loaded font '../../../Engine/Content/Slate/Fonts/Roboto-Light.ttf' (167K)
[2018.11.27-03.49.03:182][  3]LogLinker: Warning: Can't resolve asset name
[2018.11.27-03.49.31:523][  3]LogSlate: Took 0.000313 seconds to synchronously load lazily loaded font '../../../Engine/Content/Slate/Fonts/Roboto-Light.ttf' (167K)
[2018.11.27-03.49.31:535][  3]LogAssetEditorManager: Opening Asset editor for Blueprint /Game/ThirdPersonBP/Blueprints/BjournGameState.BjournGameState
[2018.11.27-03.49.35:418][  3]LogContentBrowser: Native class hierarchy updated for 'BlueprintGraph' in 0.0011 seconds. Added 116 classes and 0 folders.
[2018.11.27-03.49.44:351][  3]LogSlate: Took 0.052735 seconds to synchronously load lazily loaded font '../../../Engine/Content/Slate/Fonts/Roboto-BoldCondensed.ttf' (158K)
[2018.11.27-03.49.49:151][  9]LogAssetRegistry: Asset discovery search completed in 221.6048 seconds
[2018.11.27-03.49.49:154][  9]LogCollectionManager: Rebuilt the object cache for 0 collections in 0.000000 seconds (found 0 objects)
[2018.11.27-03.49.49:154][  9]LogCollectionManager: Fixed up redirectors for 0 collections in 0.000087 seconds (updated 0 objects)
[2018.11.27-04.17.18:213][922]LogInit: XAudio2 using '332-B11-4 (NVIDIA High Definition Audio)' : 2 channels at 48 kHz using 16 bits per sample (channel mask 0x3)
[2018.11.27-04.17.18:500][923]LogInit: XAudio2 using '332-B11-4 (NVIDIA High Definition Audio)' : 2 channels at 48 kHz using 16 bits per sample (channel mask 0x3)
[2018.11.27-04.29.12:888][397]LogSlate: FSceneViewport::OnFocusLost() reason 0
[2018.11.27-04.30.50:468][133]LogMaterial: Display: Missing cached shader map for material tree_tree_trunk, compiling. 
[2018.11.27-04.30.50:516][133]LogMaterial: Warning: C:\Users\mytho\Documents\Bjourn\Content\Imports\Environment\Trees\Leafed\tree_tree_trunk.uasset: Failed to compile Material for platform PCD3D_SM5, Default Material will be used in game.
[2018.11.27-04.30.50:516][133]LogMaterial: 	(Node TextureSample) TextureSample> Sampler type is Normal, should be Color for /Game/Imports/Environment/Trees/Leafed/TexturesCom_BarkPine0012_1_M_bump.TexturesCom_BarkPine0012_1_M_bump
[2018.11.27-04.30.54:311][133]LogAIModule: Creating AISystem for world Starting_Area
[2018.11.27-04.30.54:692][133]LogAssetEditorManager: Opening Asset editor for World /Game/ThirdPersonBP/Maps/Starting_Area.Starting_Area
[2018.11.27-04.30.54:872][133]Cmd: MAP LOAD FILE="../../../../../../Users/mytho/Documents/Bjourn/Content/ThirdPersonBP/Maps/Starting_Area.umap" TEMPLATE=0 SHOWPROGRESS=1 FEATURELEVEL=3
[2018.11.27-04.30.54:872][133]LightingResults: New page: Lighting Build
[2018.11.27-04.30.54:897][133]LogContentBrowser: Native class hierarchy updated for 'StatsViewer' in 0.0006 seconds. Added 5 classes and 0 folders.
[2018.11.27-04.30.54:899][133]LoadErrors: New page: Loading map: Starting_Area.umap
[2018.11.27-04.30.54:919][133]MapCheck: New page: Map Check
[2018.11.27-04.30.54:920][133]LightingResults: New page: Lighting Build
[2018.11.27-04.31.02:397][133]LogEditorServer: Finished looking for orphan Actors (0.000 secs)
[2018.11.27-04.31.02:675][133]Cmd: MAP CHECKDEP NOCLEARLOG
[2018.11.27-04.31.06:778][133]MapCheck: Map check complete: 0 Error(s), 0 Warning(s), took 4,101.646ms to complete.
[2018.11.27-04.31.06:781][133]LogFileHelpers: Loading map 'Starting_Area' took 11.910
[2018.11.27-04.31.18:653][918]LogSlate: FSceneViewport::OnFocusLost() reason 0
[2018.11.27-04.36.38:341][393]LogD3D11RHI: Timed out while waiting for GPU to catch up. (0.5 s)
[2018.11.27-04.36.38:841][393]LogD3D11RHI: Timed out while waiting for GPU to catch up. (0.5 s)
[2018.11.27-04.36.50:949][132]LogD3D11RHI: Timed out while waiting for GPU to catch up. (0.5 s)
[2018.11.27-04.36.51:449][132]LogD3D11RHI: Timed out while waiting for GPU to catch up. (0.5 s)
[2018.11.27-04.36.52:367][132]LogD3D11RHI: Timed out while waiting for GPU to catch up. (0.5 s)
[2018.11.27-04.36.53:381][135]LogD3D11RHI: Timed out while waiting for GPU to catch up. (0.5 s)
[2018.11.27-04.36.53:901][136]LogD3D11RHI: Timed out while waiting for GPU to catch up. (0.5 s)
[2018.11.27-04.40.41:720][841]LogTexture: Display: Building textures: Metal_Shield_2_Viking_None_nmap_tga (BC5, 2048X2048)
[2018.11.27-04.40.41:720][841]LogTexture: Display: Building textures: Metal_Shield_2_Viking_None_metalness_tga (AutoDXT, 2048X2048)
[2018.11.27-04.40.41:720][841]LogTexture: Display: Building textures: Metal_Shield_2_Viking_None_color_tga (AutoDXT, 2048X2048)
[2018.11.27-04.40.41:734][841]LogAssetEditorManager: Opening Asset editor for Material /Game/Imports/Weapons/Shields/Wooden_Shield/textures/Shield_Cube_006Mat.Shield_Cube_006Mat
[2018.11.27-04.40.41:772][841]LogMaterial: Display: Missing cached shader map for material Shield_Cube_006Mat, compiling. 
[2018.11.27-04.40.43:117][841]LogMaterial: Display: Missing cached shader map for material Shield_Cube_006Mat, compiling. 
[2018.11.27-04.40.43:150][841]LogMaterial: Display: Missing cached shader map for material Shield_Cube_006Mat, compiling. 
[2018.11.27-04.40.43:178][841]LogShaderCompilers: Display: Shaders left to compile 21
[2018.11.27-04.40.43:178][841]LogShaderCompilers: Display: Shaders left to compile 20
[2018.11.27-04.40.43:232][841]LogMaterial: Display: Missing cached shader map for material FMatExpressionPreview MaterialExpressionTextureSample_0, compiling. 
[2018.11.27-04.40.43:240][841]LogMaterial: Display: Missing cached shader map for material FMatExpressionPreview MaterialExpressionTextureSample_2, compiling. 
[2018.11.27-04.40.43:248][841]LogMaterial: Display: Missing cached shader map for material FMatExpressionPreview MaterialExpressionTextureSample_1, compiling. 
[2018.11.27-04.40.47:094][ 17]LogShaderCompilers: Display: Shaders left to compile 25
[2018.11.27-04.40.47:116][ 18]LogShaderCompilers: Display: Shaders left to compile 24
[2018.11.27-04.40.47:589][ 45]LogShaderCompilers: Display: Shaders left to compile 23
[2018.11.27-04.40.47:640][ 48]LogShaderCompilers: Display: Shaders left to compile 22
[2018.11.27-04.40.47:969][ 66]LogShaderCompilers: Display: Shaders left to compile 21
[2018.11.27-04.40.48:063][ 71]LogShaderCompilers: Display: Shaders left to compile 20
[2018.11.27-04.40.48:318][ 85]LogShaderCompilers: Display: Shaders left to compile 19
[2018.11.27-04.40.48:526][ 96]LogShaderCompilers: Display: Shaders left to compile 18
[2018.11.27-04.40.48:643][102]LogShaderCompilers: Display: Shaders left to compile 17
[2018.11.27-04.40.49:895][171]LogShaderCompilers: Display: Shaders left to compile 16
[2018.11.27-04.40.50:088][182]LogShaderCompilers: Display: Shaders left to compile 15
[2018.11.27-04.40.50:349][197]LogShaderCompilers: Display: Shaders left to compile 14
[2018.11.27-04.40.50:889][223]LogShaderCompilers: Display: Shaders left to compile 13
[2018.11.27-04.40.51:138][237]LogShaderCompilers: Display: Shaders left to compile 12
[2018.11.27-04.40.51:483][255]LogShaderCompilers: Display: Shaders left to compile 11
[2018.11.27-04.40.51:934][275]LogShaderCompilers: Display: Shaders left to compile 10
[2018.11.27-04.40.52:336][305]LogShaderCompilers: Display: Shaders left to compile 9
[2018.11.27-04.40.52:363][307]LogShaderCompilers: Display: Shaders left to compile 8
[2018.11.27-04.40.52:941][361]LogShaderCompilers: Display: Shaders left to compile 7
[2018.11.27-04.40.52:986][366]LogSlate: Window 'Shield_Cube_006Mat' being destroyed
[2018.11.27-04.40.53:013][368]LogShaderCompilers: Display: Shaders left to compile 6
[2018.11.27-04.40.53:410][404]LogShaderCompilers: Display: Shaders left to compile 5
[2018.11.27-04.40.53:412][404]MaterialEditorStats: Base pass shader: 115 instructions
[2018.11.27-04.40.53:412][404]MaterialEditorStats: Base pass shader with Volumetric Lightmap: 189 instructions
[2018.11.27-04.40.53:412][404]MaterialEditorStats: Base pass vertex shader: 36 instructions
[2018.11.27-04.40.53:412][404]MaterialEditorStats: Texture samplers: 6/16
[2018.11.27-04.40.53:412][404]MaterialEditorStats: Texture Lookups (Est.): VS(0), PS(3)
[2018.11.27-04.40.53:412][404]MaterialEditorStats: User interpolators: 2/4 Scalars (1/4 Vectors) (TexCoords: 2, Custom: 0)
[2018.11.27-04.40.53:612][421]LogShaderCompilers: Display: Shaders left to compile 4
[2018.11.27-04.40.53:813][441]LogShaderCompilers: Display: Shaders left to compile 3
[2018.11.27-04.40.54:198][470]LogShaderCompilers: Display: Shaders left to compile 2
[2018.11.27-04.40.54:331][479]LogShaderCompilers: Display: Shaders left to compile 1
[2018.11.27-04.41.45:179][291]LogStaticMesh: Building static mesh Metal_Shield_2_Viking...
[2018.11.27-04.42.05:089][291]LogStaticMesh: Built static mesh [19.91s] /Game/Imports/Weapons/Shields/Wooden_Shield/textures/Metal_Shield_2_Viking.Metal_Shield_2_Viking
[2018.11.27-04.42.05:180][291]LogAssetEditorManager: Opening Asset editor for StaticMesh /Game/Imports/Weapons/Shields/Wooden_Shield/textures/Metal_Shield_2_Viking.Metal_Shield_2_Viking
[2018.11.27-04.42.06:325][291]LogRenderer: Reallocating scene render targets to support 1012x612 Format 10 NumSamples 1 (Frame:1).
[2018.11.27-04.42.06:325][291]LogSlate: Took 0.018169 seconds to synchronously load lazily loaded font '../../../Engine/Content/Slate/Fonts/Roboto-Italic.ttf' (157K)
[2018.11.27-04.46.11:143][916]LogAssetEditorManager: Opening Asset editor for Blueprint /Game/ThirdPersonBP/Blueprints/Player_Character.Player_Character
[2018.11.27-04.49.09:546][879]LogSlate: FSceneViewport::OnFocusLost() reason 0
[2018.11.27-04.49.43:915][293]LogEditorViewport: Clicking on Actor (LMB): Viking_Hall_C (Viking_Hall)
[2018.11.27-04.49.46:724][490]LogEditorViewport: Clicking on Actor (LMB): ScrollTrigger_C (ScrollTrigger)
[2018.11.27-04.49.50:678][788]LogSlate: FSceneViewport::OnFocusLost() reason 0
[2018.11.27-04.50.40:792][450]LogBlueprint: Warning: [Compiler ] Pasted node  CustomEvent   conflicted with  On Component Begin Overlap (CapsuleComponent)  and was replaced as a Custom Event!
[2018.11.27-04.52.18:987][311]LogAssetEditorManager: Opening Asset editor for LevelScriptBlueprint /Game/ThirdPersonBP/Maps/Starting_Area.Starting_Area:PersistentLevel.Starting_Area
[2018.11.27-04.53.53:133][916]LogSlate: FSceneViewport::OnFocusLost() reason 0
[2018.11.27-04.53.53:363][925]LogAssetEditorManager: Opening Asset editor for Blueprint /Game/ThirdPersonBP/Blueprints/ScrollTrigger.ScrollTrigger
[2018.11.27-04.54.10:102][792]LogRenderer: Reallocating scene render targets to support 1180x612 Format 10 NumSamples 1 (Frame:1).
[2018.11.27-04.54.24:523][389]LogProperty: Warning: Illegal TEXT reference to a private object in external package (ScrollTrigger_C /Game/ThirdPersonBP/Maps/Starting_Area.Starting_Area:PersistentLevel.ScrollTrigger) from referencer (K2Node_ActorBoundEvent /Game/ThirdPersonBP/Blueprints/Player_Character.Player_Character:EventGraph.K2Node_ActorBoundEvent_0).  Import failed...
[2018.11.27-04.54.24:524][389]LogProperty: Warning: ObjectProperty /Script/BlueprintGraph.K2Node_ActorBoundEvent:EventOwner: unresolved reference to 'ScrollTrigger_C'"/Game/ThirdPersonBP/Maps/Starting_Area.Starting_Area:PersistentLevel.ScrollTrigger"''
[2018.11.27-04.57.12:944][344]LogSlate: FSceneViewport::OnFocusLost() reason 0
[2018.11.27-04.58.46:079][390]LogTemp: Repeating last play command: New Editor Window (PIE)
[2018.11.27-04.58.46:196][390]LogBlueprintUserMessages: Early PlayInEditor Detection: Level '/Game/ThirdPersonBP/Maps/Starting_Area.Starting_Area:PersistentLevel' has LevelScriptBlueprint '/Game/ThirdPersonBP/Maps/Starting_Area.Starting_Area:PersistentLevel.Starting_Area' with GeneratedClass '/Game/ThirdPersonBP/Maps/Starting_Area.Starting_Area_C' with ClassGeneratedBy '/Game/ThirdPersonBP/Maps/Starting_Area.Starting_Area:PersistentLevel.Starting_Area'
[2018.11.27-04.58.46:196][390]BlueprintLog: New page: Pre-Play auto-recompile
[2018.11.27-04.58.46:336][390]LogPlayLevel: [PlayLevel] Compiling Player_Character before play...
[2018.11.27-04.58.46:939][390]LogPlayLevel: [PlayLevel] Compiling Starting_Area before play...
[2018.11.27-04.58.47:407][390]LogPlayLevel: PlayLevel: Blueprint regeneration took 1210 ms (2 blueprints)
[2018.11.27-04.58.47:502][390]PIE: New page: PIE session: Starting_Area (Nov 26, 2018, 4:58:47 PM)
[2018.11.27-04.58.47:502][390]LogPlayLevel: Creating play world package: /Game/ThirdPersonBP/Maps/UEDPIE_0_Starting_Area
[2018.11.27-04.58.47:754][390]LogPlayLevel: PIE: StaticDuplicateObject took: (0.251855s)
[2018.11.27-04.58.47:756][390]LogAIModule: Creating AISystem for world Starting_Area
[2018.11.27-04.58.47:756][390]LogPlayLevel: PIE: World Init took: (0.002011s)
[2018.11.27-04.58.47:756][390]LogPlayLevel: PIE: Created PIE world by copying editor world from /Game/ThirdPersonBP/Maps/Starting_Area.Starting_Area to /Game/ThirdPersonBP/Maps/UEDPIE_0_Starting_Area.Starting_Area (0.254224s)
[2018.11.27-04.58.47:888][390]LogInit: XAudio2 using '332-B11-4 (NVIDIA High Definition Audio)' : 2 channels at 48 kHz using 16 bits per sample (channel mask 0x3)
[2018.11.27-04.58.47:904][390]LogInit: FAudioDevice initialized.
[2018.11.27-04.58.47:916][390]LogSlate: Updating window title bar state: overlay mode, drag disabled, window buttons hidden, title bar hidden
[2018.11.27-04.58.48:027][390]LogLoad: Game class is 'BjournGameState_C'
[2018.11.27-04.58.48:172][390]LogWorld: Bringing World /Game/ThirdPersonBP/Maps/UEDPIE_0_Starting_Area.Starting_Area up for play (max tick rate 0) at 2018.11.26-22.58.48
[2018.11.27-04.58.48:438][390]LogWorld: Bringing up level for play took: 0.316713
[2018.11.27-04.58.48:600][390]LogContentBrowser: Native class hierarchy updated for 'MovieSceneCapture' in 0.0011 seconds. Added 10 classes and 0 folders.
[2018.11.27-04.58.48:752][390]PIE: Play in editor start time for /Game/ThirdPersonBP/Maps/UEDPIE_0_Starting_Area 2.584
[2018.11.27-04.58.48:753][390]LogBlueprintUserMessages: Late PlayInEditor Detection: Level '/Game/ThirdPersonBP/Maps/Starting_Area.Starting_Area:PersistentLevel' has LevelScriptBlueprint '/Game/ThirdPersonBP/Maps/Starting_Area.Starting_Area:PersistentLevel.Starting_Area' with GeneratedClass '/Game/ThirdPersonBP/Maps/Starting_Area.Starting_Area_C' with ClassGeneratedBy '/Game/ThirdPersonBP/Maps/Starting_Area.Starting_Area:PersistentLevel.Starting_Area'
[2018.11.27-04.58.49:046][390]LogRenderer: Reallocating scene render targets to support 1292x756 Format 10 NumSamples 1 (Frame:1).
[2018.11.27-04.59.34:893][960]LogSlate: FSceneViewport::OnFocusLost() reason 0
[2018.11.27-04.59.36:057][ 32]LogBlueprintUserMessages: Early EndPlayMap Detection: Level '/Game/ThirdPersonBP/Maps/Starting_Area.Starting_Area:PersistentLevel' has LevelScriptBlueprint '/Game/ThirdPersonBP/Maps/Starting_Area.Starting_Area:PersistentLevel.Starting_Area' with GeneratedClass '/Game/ThirdPersonBP/Maps/Starting_Area.Starting_Area_C' with ClassGeneratedBy '/Game/ThirdPersonBP/Maps/Starting_Area.Starting_Area:PersistentLevel.Starting_Area'
[2018.11.27-04.59.36:070][ 32]LogSlate: Updating window title bar state: overlay mode, drag disabled, window buttons hidden, title bar hidden
[2018.11.27-04.59.36:141][ 32]LogSlate: Window 'Bjourn Game Preview Standalone (64-bit/PCD3D_SM5)' being destroyed
[2018.11.27-04.59.36:212][ 32]LogPlayLevel: Display: Shutting down PIE online subsystems
[2018.11.27-04.59.36:213][ 32]LogBlueprintUserMessages: Late EndPlayMap Detection: Level '/Game/ThirdPersonBP/Maps/Starting_Area.Starting_Area:PersistentLevel' has LevelScriptBlueprint '/Game/ThirdPersonBP/Maps/Starting_Area.Starting_Area:PersistentLevel.Starting_Area' with GeneratedClass '/Game/ThirdPersonBP/Maps/Starting_Area.Starting_Area_C' with ClassGeneratedBy '/Game/ThirdPersonBP/Maps/Starting_Area.Starting_Area:PersistentLevel.Starting_Area'
[2018.11.27-04.59.36:427][ 33]LogPlayLevel: Display: Destroying online subsystem :Context_30
[2018.11.27-05.03.16:661][758]LogSlate: FSceneViewport::OnFocusLost() reason 0
[2018.11.27-05.06.23:601][327]LogAssetEditorManager: Opening Asset editor for AnimSequence /Game/Imports/Characters/Player/Idle.Idle
[2018.11.27-05.06.24:120][327]LogContentBrowser: Native class hierarchy updated for 'SkeletonEditor' in 0.0004 seconds. Added 1 classes and 2 folders.
[2018.11.27-05.06.24:205][327]LogActorComponent: RegisterComponentWithWorld: (/Engine/Transient.World_29:PersistentLevel.AnimationEditorPreviewActor_0.DebugSkelMeshComponent_0) Already registered. Aborting.
[2018.11.27-05.06.24:234][327]LogContentBrowser: Native class hierarchy updated for 'PinnedCommandList' in 0.0005 seconds. Added 1 classes and 0 folders.
[2018.11.27-05.06.24:894][327]LogSkeletalMesh: USkeletalMeshComponent::InitArticulated : Bodies already created (/Engine/Transient.World_29:PersistentLevel.AnimationEditorPreviewActor_0.DebugSkelMeshComponent_0) - call TermArticulated first.
[2018.11.27-05.06.27:063][327]LogContentBrowser: Native class hierarchy updated for 'ClothingSystemEditorInterface' in 0.0006 seconds. Added 1 classes and 0 folders.
[2018.11.27-05.06.27:089][327]LogContentBrowser: Verbose: The majority of assets in the view are of type: AnimSequence
[2018.11.27-05.07.04:932][218]LogSlate: FSceneViewport::OnFocusLost() reason 0
[2018.11.27-05.07.18:741][453]LogTemp: Repeating last play command: New Editor Window (PIE)
[2018.11.27-05.07.18:823][453]LogBlueprintUserMessages: Early PlayInEditor Detection: Level '/Game/ThirdPersonBP/Maps/Starting_Area.Starting_Area:PersistentLevel' has LevelScriptBlueprint '/Game/ThirdPersonBP/Maps/Starting_Area.Starting_Area:PersistentLevel.Starting_Area' with GeneratedClass '/Game/ThirdPersonBP/Maps/Starting_Area.Starting_Area_C' with ClassGeneratedBy '/Game/ThirdPersonBP/Maps/Starting_Area.Starting_Area:PersistentLevel.Starting_Area'
[2018.11.27-05.07.18:824][453]BlueprintLog: New page: Pre-Play auto-recompile
[2018.11.27-05.07.18:920][453]LogPlayLevel: [PlayLevel] Compiling Player_Character before play...
[2018.11.27-05.07.19:589][453]LogPlayLevel: PlayLevel: Blueprint regeneration took 765 ms (1 blueprints)
[2018.11.27-05.07.19:590][453]PIE: New page: PIE session: Starting_Area (Nov 26, 2018, 5:07:19 PM)
[2018.11.27-05.07.19:590][453]LogPlayLevel: Creating play world package: /Game/ThirdPersonBP/Maps/UEDPIE_0_Starting_Area
[2018.11.27-05.07.19:696][453]LogPlayLevel: PIE: StaticDuplicateObject took: (0.106538s)
[2018.11.27-05.07.19:698][453]LogAIModule: Creating AISystem for world Starting_Area
[2018.11.27-05.07.19:698][453]LogPlayLevel: PIE: World Init took: (0.001837s)
[2018.11.27-05.07.19:698][453]LogPlayLevel: PIE: Created PIE world by copying editor world from /Game/ThirdPersonBP/Maps/Starting_Area.Starting_Area to /Game/ThirdPersonBP/Maps/UEDPIE_0_Starting_Area.Starting_Area (0.108739s)
[2018.11.27-05.07.19:798][453]LogInit: XAudio2 using '332-B11-4 (NVIDIA High Definition Audio)' : 2 channels at 48 kHz using 16 bits per sample (channel mask 0x3)
[2018.11.27-05.07.19:815][453]LogInit: FAudioDevice initialized.
[2018.11.27-05.07.19:829][453]LogSlate: Updating window title bar state: overlay mode, drag disabled, window buttons hidden, title bar hidden
[2018.11.27-05.07.19:883][453]LogLoad: Game class is 'BjournGameState_C'
[2018.11.27-05.07.19:933][453]LogWorld: Bringing World /Game/ThirdPersonBP/Maps/UEDPIE_0_Starting_Area.Starting_Area up for play (max tick rate 0) at 2018.11.26-23.07.19
[2018.11.27-05.07.19:940][453]LogWorld: Bringing up level for play took: 0.055259
[2018.11.27-05.07.19:972][453]PIE: Play in editor start time for /Game/ThirdPersonBP/Maps/UEDPIE_0_Starting_Area 1.805
[2018.11.27-05.07.19:973][453]LogBlueprintUserMessages: Late PlayInEditor Detection: Level '/Game/ThirdPersonBP/Maps/Starting_Area.Starting_Area:PersistentLevel' has LevelScriptBlueprint '/Game/ThirdPersonBP/Maps/Starting_Area.Starting_Area:PersistentLevel.Starting_Area' with GeneratedClass '/Game/ThirdPersonBP/Maps/Starting_Area.Starting_Area_C' with ClassGeneratedBy '/Game/ThirdPersonBP/Maps/Starting_Area.Starting_Area:PersistentLevel.Starting_Area'
[2018.11.27-05.07.38:278][279]LogBlueprintUserMessages: Early EndPlayMap Detection: Level '/Game/ThirdPersonBP/Maps/Starting_Area.Starting_Area:PersistentLevel' has LevelScriptBlueprint '/Game/ThirdPersonBP/Maps/Starting_Area.Starting_Area:PersistentLevel.Starting_Area' with GeneratedClass '/Game/ThirdPersonBP/Maps/Starting_Area.Starting_Area_C' with ClassGeneratedBy '/Game/ThirdPersonBP/Maps/Starting_Area.Starting_Area:PersistentLevel.Starting_Area'
[2018.11.27-05.07.38:280][279]LogSlate: Updating window title bar state: overlay mode, drag disabled, window buttons hidden, title bar hidden
[2018.11.27-05.07.38:366][279]LogSlate: Window 'Bjourn Game Preview Standalone (64-bit/PCD3D_SM5)' being destroyed
[2018.11.27-05.07.38:434][279]LogPlayLevel: Display: Shutting down PIE online subsystems
[2018.11.27-05.07.38:434][279]LogBlueprintUserMessages: Late EndPlayMap Detection: Level '/Game/ThirdPersonBP/Maps/Starting_Area.Starting_Area:PersistentLevel' has LevelScriptBlueprint '/Game/ThirdPersonBP/Maps/Starting_Area.Starting_Area:PersistentLevel.Starting_Area' with GeneratedClass '/Game/ThirdPersonBP/Maps/Starting_Area.Starting_Area_C' with ClassGeneratedBy '/Game/ThirdPersonBP/Maps/Starting_Area.Starting_Area:PersistentLevel.Starting_Area'
[2018.11.27-05.07.38:575][280]LogPlayLevel: Display: Destroying online subsystem :Context_34
[2018.11.27-05.09.15:982][ 64]LogSlate: FSceneViewport::OnFocusLost() reason 0
[2018.11.27-05.10.15:037][360]LogSlate: FSceneViewport::OnFocusLost() reason 0
[2018.11.27-05.10.20:551][683]LogSlate: Window 'Save Content' being destroyed
[2018.11.27-05.10.20:784][683]LogActorComponent: UnregisterComponent: (/Engine/Transient.EditorFloorComp) Not registered. Aborting.
[2018.11.27-05.10.21:257][683]LogActorComponent: UnregisterComponent: (/Engine/Transient.EditorFloorComp) Not registered. Aborting.
[2018.11.27-05.10.21:442][683]LogSlate: Window 'Bjourn - Unreal Editor' being destroyed
[2018.11.27-05.10.21:769][684]Cmd: QUIT_EDITOR
[2018.11.27-05.10.22:619][684]LogWindowsTextInputMethodSystem: Display: IME system now deactivated.
[2018.11.27-05.10.22:718][684]LogExit: Preparing to exit.
[2018.11.27-05.10.24:402][684]LogExit: Editor shut down
[2018.11.27-05.10.24:404][684]LogExit: Transaction tracking system shut down
[2018.11.27-05.10.26:545][684]LogExit: Object subsystem successfully closed.
[2018.11.27-05.10.26:681][684]LogShaderCompilers: Display: Shaders left to compile 0
[2018.11.27-05.10.26:761][684]LogD3D11RHI: Shutdown
[2018.11.27-05.10.26:761][684]LogD3D11RHI: CleanupD3DDevice
[2018.11.27-05.10.26:798][684]LogD3D11RHI: ~FD3D11DynamicRHI
[2018.11.27-05.10.27:265][684]LogModuleManager: Shutting down and abandoning module ClothingSystemEditorInterface (628)
[2018.11.27-05.10.27:265][684]LogModuleManager: Shutting down and abandoning module PinnedCommandList (626)
[2018.11.27-05.10.27:265][684]LogModuleManager: Shutting down and abandoning module SkeletonEditor (624)
[2018.11.27-05.10.27:265][684]LogModuleManager: Shutting down and abandoning module AnimationEditor (622)
[2018.11.27-05.10.27:265][684]LogModuleManager: Shutting down and abandoning module MovieSceneCapture (620)
[2018.11.27-05.10.27:265][684]LogModuleManager: Shutting down and abandoning module Voice (618)
[2018.11.27-05.10.27:271][684]LogModuleManager: Shutting down and abandoning module StaticMeshEditor (616)
[2018.11.27-05.10.27:271][684]LogModuleManager: Shutting down and abandoning module MeshBuilder (614)
[2018.11.27-05.10.27:271][684]LogModuleManager: Shutting down and abandoning module StatsViewer (612)
[2018.11.27-05.10.27:272][684]LogModuleManager: Shutting down and abandoning module BlueprintGraph (610)
[2018.11.27-05.10.27:272][684]LogModuleManager: Shutting down and abandoning module HierarchicalLODOutliner (608)
[2018.11.27-05.10.27:272][684]LogModuleManager: Shutting down and abandoning module SceneOutliner (606)
[2018.11.27-05.10.27:273][684]LogModuleManager: Shutting down and abandoning module AddContentDialog (604)
[2018.11.27-05.10.27:282][684]LogModuleManager: Shutting down and abandoning module WidgetCarousel (603)
[2018.11.27-05.10.27:282][684]LogModuleManager: Shutting down and abandoning module EditorWidgets (600)
[2018.11.27-05.10.27:282][684]LogModuleManager: Shutting down and abandoning module CollectionManager (598)
[2018.11.27-05.10.27:285][684]LogModuleManager: Shutting down and abandoning module FoliageEdit (596)
[2018.11.27-05.10.27:285][684]LogModuleManager: Shutting down and abandoning module LandscapeEditor (594)
[2018.11.27-05.10.27:303][684]LogModuleManager: Shutting down and abandoning module MeshPaintMode (592)
[2018.11.27-05.10.27:304][684]LogModuleManager: Shutting down and abandoning module SceneDepthPickerMode (590)
[2018.11.27-05.10.27:304][684]LogModuleManager: Shutting down and abandoning module ActorPickerMode (588)
[2018.11.27-05.10.27:304][684]LogModuleManager: Shutting down and abandoning module GeometryMode (586)
[2018.11.27-05.10.27:304][684]LogModuleManager: Shutting down and abandoning module TextureAlignMode (584)
[2018.11.27-05.10.27:304][684]LogModuleManager: Shutting down and abandoning module BspMode (582)
[2018.11.27-05.10.27:304][684]LogModuleManager: Shutting down and abandoning module PIEPreviewDeviceProfileSelector (580)
[2018.11.27-05.10.27:315][684]LogModuleManager: Shutting down and abandoning module SequenceRecorderSections (578)
[2018.11.27-05.10.27:315][684]LogModuleManager: Shutting down and abandoning module AutomationWorker (576)
[2018.11.27-05.10.27:315][684]LogModuleManager: Shutting down and abandoning module AudioCaptureEditor (574)
[2018.11.27-05.10.27:316][684]LogModuleManager: Shutting down and abandoning module SequenceRecorder (573)
[2018.11.27-05.10.27:316][684]LogModuleManager: Shutting down and abandoning module MatineeToLevelSequence (570)
[2018.11.27-05.10.27:316][684]LogModuleManager: Shutting down and abandoning module LevelSequenceEditor (568)
[2018.11.27-05.10.27:322][684]LogModuleManager: Shutting down and abandoning module PlacementMode (567)
[2018.11.27-05.10.27:323][684]LogModuleManager: Shutting down and abandoning module MaterialEditor (566)
[2018.11.27-05.10.27:323][684]LogModuleManager: Shutting down and abandoning module WmfMediaFactory (562)
[2018.11.27-05.10.27:323][684]LogModuleManager: Shutting down and abandoning module WmfMediaEditor (560)
[2018.11.27-05.10.27:323][684]LogModuleManager: Shutting down and abandoning module MediaPlayerEditor (558)
[2018.11.27-05.10.27:323][684]LogModuleManager: Shutting down and abandoning module OpenExrWrapper (556)
[2018.11.27-05.10.27:323][684]LogModuleManager: Shutting down and abandoning module ImgMediaFactory (554)
[2018.11.27-05.10.27:323][684]LogModuleManager: Shutting down and abandoning module ImgMediaEditor (552)
[2018.11.27-05.10.27:323][684]LogModuleManager: Shutting down and abandoning module AvfMediaFactory (550)
[2018.11.27-05.10.27:323][684]LogModuleManager: Shutting down and abandoning module AvfMediaEditor (548)
[2018.11.27-05.10.27:323][684]LogModuleManager: Shutting down and abandoning module AndroidMediaFactory (546)
[2018.11.27-05.10.27:323][684]LogModuleManager: Shutting down and abandoning module AndroidMediaEditor (544)
[2018.11.27-05.10.27:323][684]LogModuleManager: Shutting down and abandoning module MagicLeapCameraPreviewFactory (542)
[2018.11.27-05.10.27:323][684]LogModuleManager: Shutting down and abandoning module MagicLeapMediaFactory (540)
[2018.11.27-05.10.27:323][684]LogModuleManager: Shutting down and abandoning module MagicLeapMediaEditor (538)
[2018.11.27-05.10.27:323][684]LogModuleManager: Shutting down and abandoning module CharacterAI (536)
[2018.11.27-05.10.27:323][684]LogModuleManager: Shutting down and abandoning module SmartSnapping (534)
[2018.11.27-05.10.27:323][684]LogModuleManager: Shutting down and abandoning module SessionServices (532)
[2018.11.27-05.10.27:323][684]LogModuleManager: Shutting down and abandoning module ViewportSnapping (530)
[2018.11.27-05.10.27:323][684]LogModuleManager: Shutting down and abandoning module ViewportInteraction (528)
[2018.11.27-05.10.27:328][684]LogModuleManager: Shutting down and abandoning module ClothPainter (526)
[2018.11.27-05.10.27:331][684]LogModuleManager: Shutting down and abandoning module SkeletalMeshEditor (525)
[2018.11.27-05.10.27:349][684]LogModuleManager: Shutting down and abandoning module LogVisualizer (522)
[2018.11.27-05.10.27:353][684]LogModuleManager: Shutting down and abandoning module IntroTutorials (520)
[2018.11.27-05.10.27:353][684]LogModuleManager: Shutting down and abandoning module GameProjectGeneration (519)
[2018.11.27-05.10.27:359][684]LogModuleManager: Shutting down and abandoning module LuminPlatformEditor (516)
[2018.11.27-05.10.27:359][684]LogModuleManager: Shutting down and abandoning module IOSPlatformEditor (514)
[2018.11.27-05.10.27:360][684]LogModuleManager: Shutting down and abandoning module HTML5PlatformEditor (512)
[2018.11.27-05.10.27:360][684]LogModuleManager: Shutting down and abandoning module AndroidPlatformEditor (510)
[2018.11.27-05.10.27:360][684]LogModuleManager: Shutting down and abandoning module AndroidDeviceDetection (509)
[2018.11.27-05.10.28:747][684]LogModuleManager: Shutting down and abandoning module WindowsPlatformEditor (506)
[2018.11.27-05.10.28:748][684]LogModuleManager: Shutting down and abandoning module LuminRuntimeSettings (504)
[2018.11.27-05.10.28:748][684]LogModuleManager: Shutting down and abandoning module IOSRuntimeSettings (502)
[2018.11.27-05.10.28:748][684]LogModuleManager: Shutting down and abandoning module AndroidRuntimeSettings (500)
[2018.11.27-05.10.28:748][684]LogModuleManager: Shutting down and abandoning module InputBindingEditor (498)
[2018.11.27-05.10.28:769][684]LogModuleManager: Shutting down and abandoning module MergeActors (496)
[2018.11.27-05.10.28:769][684]LogModuleManager: Shutting down and abandoning module LocalizationDashboard (494)
[2018.11.27-05.10.28:778][684]LogModuleManager: Shutting down and abandoning module LocalizationService (493)
[2018.11.27-05.10.28:779][684]LogModuleManager: Shutting down and abandoning module HardwareTargeting (490)
[2018.11.27-05.10.28:779][684]LogModuleManager: Shutting down and abandoning module DeviceProfileEditor (488)
[2018.11.27-05.10.28:779][684]LogModuleManager: Shutting down and abandoning module UndoHistory (486)
[2018.11.27-05.10.28:779][684]LogModuleManager: Shutting down and abandoning module XmlParser (484)
[2018.11.27-05.10.28:779][684]LogModuleManager: Shutting down and abandoning module Blutility (482)
[2018.11.27-05.10.28:779][684]LogModuleManager: Shutting down and abandoning module ProjectSettingsViewer (480)
[2018.11.27-05.10.28:779][684]LogModuleManager: Shutting down and abandoning module ProjectTargetPlatformEditor (479)
[2018.11.27-05.10.28:779][684]LogModuleManager: Shutting down and abandoning module EditorSettingsViewer (476)
[2018.11.27-05.10.28:780][684]LogModuleManager: Shutting down and abandoning module SettingsEditor (474)
[2018.11.27-05.10.28:780][684]LogModuleManager: Shutting down and abandoning module ProjectLauncher (472)
[2018.11.27-05.10.28:787][684]LogModuleManager: Shutting down and abandoning module SessionFrontend (470)
[2018.11.27-05.10.28:787][684]LogModuleManager: Shutting down and abandoning module ProfilerClient (468)
[2018.11.27-05.10.28:793][684]LogModuleManager: Shutting down and abandoning module DeviceManager (466)
[2018.11.27-05.10.28:793][684]LogModuleManager: Shutting down and abandoning module TargetDeviceServices (465)
[2018.11.27-05.10.28:848][684]LogModuleManager: Shutting down and abandoning module AutomationController (462)
[2018.11.27-05.10.28:848][684]LogModuleManager: Shutting down and abandoning module AutomationWindow (460)
[2018.11.27-05.10.28:867][684]LogModuleManager: Shutting down and abandoning module Layers (458)
[2018.11.27-05.10.28:880][684]LogModuleManager: Shutting down and abandoning module ComponentVisualizers (456)
[2018.11.27-05.10.28:882][684]LogModuleManager: Shutting down and abandoning module DetailCustomizations (454)
[2018.11.27-05.10.28:882][684]LogModuleManager: Shutting down and abandoning module PackagesDialog (452)
[2018.11.27-05.10.28:884][684]LogModuleManager: Shutting down and abandoning module Persona (450)
[2018.11.27-05.10.28:884][684]LogModuleManager: Shutting down and abandoning module AdvancedPreviewScene (449)
[2018.11.27-05.10.28:884][684]LogModuleManager: Shutting down and abandoning module AnimGraph (447)
[2018.11.27-05.10.28:891][684]LogModuleManager: Shutting down and abandoning module Kismet (444)
[2018.11.27-05.10.28:905][684]LogModuleManager: Shutting down and abandoning module GraphEditor (442)
[2018.11.27-05.10.28:905][684]LogModuleManager: Shutting down and abandoning module ClassViewer (440)
[2018.11.27-05.10.28:905][684]LogModuleManager: Shutting down and abandoning module Toolbox (438)
[2018.11.27-05.10.28:905][684]LogModuleManager: Shutting down and abandoning module ModuleUI (436)
[2018.11.27-05.10.28:909][684]LogModuleManager: Shutting down and abandoning module MovieSceneTools (434)
[2018.11.27-05.10.28:909][684]LogModuleManager: Shutting down and abandoning module OutputLog (432)
[2018.11.27-05.10.28:909][684]LogModuleManager: Shutting down and abandoning module GammaUI (430)
[2018.11.27-05.10.28:912][684]LogModuleManager: Shutting down and abandoning module Documentation (428)
[2018.11.27-05.10.28:912][684]LogModuleManager: Shutting down and abandoning module MovieSceneTracks (426)
[2018.11.27-05.10.28:912][684]LogModuleManager: Shutting down and abandoning module MovieScene (424)
[2018.11.27-05.10.28:912][684]LogModuleManager: Shutting down and abandoning module StreamingPauseRendering (422)
[2018.11.27-05.10.28:912][684]LogModuleManager: Shutting down and abandoning module LauncherPlatform (420)
[2018.11.27-05.10.28:912][684]LogModuleManager: Shutting down and abandoning module AnalyticsET (418)
[2018.11.27-05.10.28:912][684]LogModuleManager: Shutting down and abandoning module PortalServices (416)
[2018.11.27-05.10.28:912][684]LogModuleManager: Shutting down and abandoning module PortalRpc (414)
[2018.11.27-05.10.28:912][684]LogModuleManager: Shutting down and abandoning module MessagingRpc (412)
[2018.11.27-05.10.28:912][684]LogModuleManager: Shutting down and abandoning module AIModule (410)
[2018.11.27-05.10.28:912][684]LogModuleManager: Shutting down and abandoning module GameplayDebugger (409)
[2018.11.27-05.10.28:912][684]LogModuleManager: Shutting down and abandoning module AITestSuite (407)
[2018.11.27-05.10.28:912][684]LogModuleManager: Shutting down and abandoning module NavigationSystem (405)
[2018.11.27-05.10.28:912][684]LogModuleManager: Shutting down and abandoning module DesktopPlatform (402)
[2018.11.27-05.10.28:913][684]LogModuleManager: Shutting down and abandoning module ProfilerService (400)
[2018.11.27-05.10.28:921][684]LogModuleManager: Shutting down and abandoning module TaskGraph (398)
[2018.11.27-05.10.28:921][684]LogModuleManager: Shutting down and abandoning module SteamVRController (396)
[2018.11.27-05.10.28:921][684]LogModuleManager: Shutting down and abandoning module ProceduralMeshComponentEditor (394)
[2018.11.27-05.10.28:921][684]LogModuleManager: Shutting down and abandoning module ProceduralMeshComponent (392)
[2018.11.27-05.10.28:921][684]LogModuleManager: Shutting down and abandoning module OculusInput (390)
[2018.11.27-05.10.28:921][684]LogModuleManager: Shutting down and abandoning module MobilePatchingUtils (388)
[2018.11.27-05.10.28:921][684]LogModuleManager: Shutting down and abandoning module EditableMesh (386)
[2018.11.27-05.10.28:921][684]LogModuleManager: Shutting down and abandoning module CustomMeshComponent (384)
[2018.11.27-05.10.28:921][684]LogModuleManager: Shutting down and abandoning module CableComponent (382)
[2018.11.27-05.10.28:921][684]LogModuleManager: Shutting down and abandoning module AudioCapture (380)
[2018.11.27-05.10.28:921][684]LogModuleManager: Shutting down and abandoning module ArchVisCharacter (378)
[2018.11.27-05.10.28:921][684]LogModuleManager: Shutting down and abandoning module AndroidPermission (376)
[2018.11.27-05.10.28:921][684]LogModuleManager: Shutting down and abandoning module NUTUnrealEngine4 (374)
[2018.11.27-05.10.28:921][684]LogModuleManager: Shutting down and abandoning module NetcodeUnitTest (372)
[2018.11.27-05.10.28:929][684]LogModuleManager: Shutting down and abandoning module MediaCompositingEditor (370)
[2018.11.27-05.10.28:930][684]LogModuleManager: Shutting down and abandoning module MediaCompositing (368)
[2018.11.27-05.10.28:930][684]LogModuleManager: Shutting down and abandoning module LinearTimecode (366)
[2018.11.27-05.10.28:930][684]LogModuleManager: Shutting down and abandoning module ImgMedia (364)
[2018.11.27-05.10.28:945][684]LogModuleManager: Shutting down and abandoning module HTML5Networking (362)
[2018.11.27-05.10.28:945][684]LogModuleManager: Shutting down and abandoning module GeometryCacheTracks (360)
[2018.11.27-05.10.28:945][684]LogModuleManager: Shutting down and abandoning module GeometryCacheSequencer (358)
[2018.11.27-05.10.28:945][684]LogModuleManager: Shutting down and abandoning module BackChannel (356)
[2018.11.27-05.10.28:945][684]LogModuleManager: Shutting down and abandoning module AppleVision (354)
[2018.11.27-05.10.28:945][684]LogModuleManager: Shutting down and abandoning module AppleImageUtils (352)
[2018.11.27-05.10.28:945][684]LogModuleManager: Shutting down and abandoning module AlembicImporter (350)
[2018.11.27-05.10.28:945][684]LogModuleManager: Shutting down and abandoning module AlembicLibrary (349)
[2018.11.27-05.10.28:945][684]LogModuleManager: Shutting down and abandoning module GeometryCache (348)
[2018.11.27-05.10.28:946][684]LogModuleManager: Shutting down and abandoning module GeometryCacheEd (347)
[2018.11.27-05.10.28:946][684]LogModuleManager: Shutting down and abandoning module DatasmithContentEditor (342)
[2018.11.27-05.10.28:946][684]LogModuleManager: Shutting down and abandoning module DatasmithContent (340)
[2018.11.27-05.10.28:947][684]LogModuleManager: Shutting down and abandoning module SpeedTreeImporter (338)
[2018.11.27-05.10.28:947][684]LogModuleManager: Shutting down and abandoning module PluginBrowser (336)
[2018.11.27-05.10.28:957][684]LogModuleManager: Shutting down and abandoning module MobileLauncherProfileWizard (334)
[2018.11.27-05.10.28:965][684]LogModuleManager: Shutting down and abandoning module PolygonModeling (332)
[2018.11.27-05.10.28:965][684]LogModuleManager: Shutting down and abandoning module MeshEditor (330)
[2018.11.27-05.10.28:965][684]LogModuleManager: Shutting down and abandoning module CryptoKeysOpenSSL (328)
[2018.11.27-05.10.28:965][684]LogModuleManager: Shutting down and abandoning module CryptoKeys (326)
[2018.11.27-05.10.28:965][684]LogModuleManager: Shutting down and abandoning module VisualStudioSourceCodeAccess (324)
[2018.11.27-05.10.28:965][684]LogModuleManager: Shutting down and abandoning module VisualStudioCodeSourceCodeAccess (322)
[2018.11.27-05.10.28:965][684]LogModuleManager: Shutting down and abandoning module UObjectPlugin (320)
[2018.11.27-05.10.28:965][684]LogModuleManager: Shutting down and abandoning module SubversionSourceControl (318)
[2018.11.27-05.10.28:966][684]LogModuleManager: Shutting down and abandoning module PerforceSourceControl (316)
[2018.11.27-05.10.28:976][684]LogModuleManager: Shutting down and abandoning module GitSourceControl (314)
[2018.11.27-05.10.28:976][684]LogModuleManager: Shutting down and abandoning module SourceControl (313)
[2018.11.27-05.10.28:983][684]LogModuleManager: Shutting down and abandoning module CLionSourceCodeAccess (310)
[2018.11.27-05.10.28:983][684]LogModuleManager: Shutting down and abandoning module LightPropagationVolumeEditor (308)
[2018.11.27-05.10.28:983][684]LogModuleManager: Shutting down and abandoning module PaperTiledImporter (306)
[2018.11.27-05.10.28:983][684]LogModuleManager: Shutting down and abandoning module PaperSpriteSheetImporter (304)
[2018.11.27-05.10.28:983][684]LogModuleManager: Shutting down and abandoning module Paper2DEditor (302)
[2018.11.27-05.10.28:991][684]LogModuleManager: Shutting down and abandoning module MeshPaint (301)
[2018.11.27-05.10.28:991][684]LogModuleManager: Shutting down and abandoning module RuntimePhysXCooking (298)
[2018.11.27-05.10.28:991][684]LogModuleManager: Shutting down and abandoning module PhysXVehiclesEditor (296)
[2018.11.27-05.10.28:991][684]LogModuleManager: Shutting down and abandoning module PhysXVehicles (294)
[2018.11.27-05.10.28:991][684]LogModuleManager: Shutting down and abandoning module OculusEditor (292)
[2018.11.27-05.10.28:999][684]LogModuleManager: Shutting down and abandoning module LocationServicesBPLibrary (290)
[2018.11.27-05.10.28:999][684]LogModuleManager: Shutting down and abandoning module ImmediatePhysicsEditor (288)
[2018.11.27-05.10.28:999][684]LogModuleManager: Shutting down and abandoning module ImmediatePhysics (286)
[2018.11.27-05.10.28:999][684]LogModuleManager: Shutting down and abandoning module ActorSequence (284)
[2018.11.27-05.10.28:999][684]LogModuleManager: Shutting down and abandoning module UdpMessaging (282)
[2018.11.27-05.10.29:100][684]LogModuleManager: Shutting down and abandoning module TcpMessaging (280)
[2018.11.27-05.10.29:201][684]LogModuleManager: Shutting down and abandoning module MagicLeapAudio (278)
[2018.11.27-05.10.29:201][684]LogModuleManager: Shutting down and abandoning module GameplayTagsEditor (276)
[2018.11.27-05.10.29:222][684]LogModuleManager: Shutting down and abandoning module FacialAnimationEditor (274)
[2018.11.27-05.10.29:222][684]LogModuleManager: Shutting down and abandoning module FacialAnimation (272)
[2018.11.27-05.10.29:222][684]LogModuleManager: Shutting down and abandoning module DataValidation (270)
[2018.11.27-05.10.29:223][684]LogModuleManager: Shutting down and abandoning module AssetManagerEditor (268)
[2018.11.27-05.10.29:229][684]LogModuleManager: Shutting down and abandoning module LevelEditor (267)
[2018.11.27-05.10.29:231][684]LogModuleManager: Shutting down and abandoning module PixelInspectorModule (266)
[2018.11.27-05.10.29:231][684]LogModuleManager: Shutting down and abandoning module CommonMenuExtensions (264)
[2018.11.27-05.10.29:231][684]LogModuleManager: Shutting down and abandoning module MainFrame (262)
[2018.11.27-05.10.29:231][684]LogModuleManager: Shutting down and abandoning module HotReload (261)
[2018.11.27-05.10.29:233][684]LogModuleManager: Shutting down and abandoning module ContentBrowser (257)
[2018.11.27-05.10.29:237][684]LogModuleManager: Shutting down and abandoning module TreeMap (255)
[2018.11.27-05.10.29:237][684]LogModuleManager: Shutting down and abandoning module LightPropagationVolumeRuntime (252)
[2018.11.27-05.10.29:237][684]LogModuleManager: Shutting down and abandoning module AISupportModule (250)
[2018.11.27-05.10.29:237][684]LogModuleManager: Shutting down and abandoning module Paper2D (248)
[2018.11.27-05.10.29:237][684]LogModuleManager: Shutting down and abandoning module WindowsMoviePlayer (246)
[2018.11.27-05.10.29:237][684]LogModuleManager: Shutting down and abandoning module WmfMedia (244)
[2018.11.27-05.10.29:249][684]LogModuleManager: Shutting down and abandoning module Media (243)
[2018.11.27-05.10.29:256][684]LogModuleManager: Shutting down and abandoning module PacketHandler (240)
[2018.11.27-05.10.29:256][684]LogModuleManager: Shutting down and abandoning module ClothingSystemEditor (238)
[2018.11.27-05.10.29:256][684]LogModuleManager: Shutting down and abandoning module ClothingSystemRuntime (236)
[2018.11.27-05.10.29:262][684]LogModuleManager: Shutting down and abandoning module MediaAssets (234)
[2018.11.27-05.10.29:263][684]LogModuleManager: Shutting down and abandoning module Overlay (232)
[2018.11.27-05.10.29:263][684]LogModuleManager: Shutting down and abandoning module OverlayEditor (231)
[2018.11.27-05.10.29:263][684]LogModuleManager: Shutting down and abandoning module VREditor (228)
[2018.11.27-05.10.29:268][684]LogModuleManager: Shutting down and abandoning module StringTableEditor (226)
[2018.11.27-05.10.29:278][684]LogModuleManager: Shutting down and abandoning module GameplayTasksEditor (224)
[2018.11.27-05.10.29:278][684]LogModuleManager: Shutting down and abandoning module BehaviorTreeEditor (222)
[2018.11.27-05.10.29:288][684]LogModuleManager: Shutting down and abandoning module FunctionalTesting (220)
[2018.11.27-05.10.29:288][684]LogModuleManager: Shutting down and abandoning module CollisionAnalyzer (218)
[2018.11.27-05.10.29:288][684]LogModuleManager: Shutting down and abandoning module WorkspaceMenuStructure (217)
[2018.11.27-05.10.29:288][684]LogModuleManager: Shutting down and abandoning module UMG (214)
[2018.11.27-05.10.29:288][684]LogModuleManager: Shutting down and abandoning module UMGEditor (213)
[2018.11.27-05.10.29:293][684]LogModuleManager: Shutting down and abandoning module Sequencer (212)
[2018.11.27-05.10.29:309][684]LogModuleManager: Shutting down and abandoning module MessageLog (209)
[2018.11.27-05.10.29:309][684]LogModuleManager: Shutting down and abandoning module SlateReflector (204)
[2018.11.27-05.10.29:320][684]LogModuleManager: Shutting down and abandoning module Slate (202)
[2018.11.27-05.10.29:320][684]LogModuleManager: Shutting down and abandoning module EditorStyle (200)
[2018.11.27-05.10.29:326][684]LogModuleManager: Shutting down and abandoning module MRMesh (198)
[2018.11.27-05.10.29:326][684]LogModuleManager: Shutting down and abandoning module SourceCodeAccess (196)
[2018.11.27-05.10.29:326][684]LogModuleManager: Shutting down and abandoning module HeadMountedDisplay (194)
[2018.11.27-05.10.29:326][684]LogModuleManager: Shutting down and abandoning module XAudio2 (192)
[2018.11.27-05.10.29:326][684]LogModuleManager: Shutting down and abandoning module Networking (190)
[2018.11.27-05.10.29:326][684]LogModuleManager: Shutting down and abandoning module Core (188)
[2018.11.27-05.10.29:326][684]LogModuleManager: Shutting down and abandoning module LevelSequence (186)
[2018.11.27-05.10.29:326][684]LogModuleManager: Shutting down and abandoning module KismetCompiler (184)
[2018.11.27-05.10.29:326][684]LogModuleManager: Shutting down and abandoning module MeshUtilities (182)
[2018.11.27-05.10.29:326][684]LogModuleManager: Shutting down and abandoning module MeshMergeUtilities (181)
[2018.11.27-05.10.29:326][684]LogModuleManager: Shutting down and abandoning module MeshReductionInterface (180)
[2018.11.27-05.10.29:327][684]LogModuleManager: Shutting down and abandoning module SimplygonSwarm (179)
[2018.11.27-05.10.29:331][684]LogModuleManager: Shutting down and abandoning module ProxyLODMeshReduction (177)
[2018.11.27-05.10.29:342][684]LogModuleManager: Shutting down and abandoning module SimplygonMeshReduction (175)
[2018.11.27-05.10.29:342][684]LogModuleManager: Shutting down and abandoning module QuadricMeshReduction (173)
[2018.11.27-05.10.29:350][684]LogModuleManager: Shutting down and abandoning module MaterialBaking (169)
[2018.11.27-05.10.29:355][684]LogModuleManager: Shutting down and abandoning module DirectoryWatcher (165)
[2018.11.27-05.10.29:357][684]LogModuleManager: Shutting down and abandoning module DerivedDataCache (162)
[2018.11.27-05.10.29:419][684]LogDerivedDataCache: Shutdown
[2018.11.27-05.10.29:419][684]LogModuleManager: Shutting down and abandoning module XGEController (160)
[2018.11.27-05.10.29:419][684]LogXGEController: Cleaning working directory: C:/Users/mytho/AppData/Local/Temp/UnrealXGEWorkingDir/
[2018.11.27-05.10.29:442][684]LogModuleManager: Shutting down and abandoning module TargetPlatform (158)
[2018.11.27-05.10.29:442][684]LogModuleManager: Shutting down and abandoning module VulkanShaderFormat (157)
[2018.11.27-05.10.29:447][684]LogModuleManager: Shutting down and abandoning module ShaderFormatVectorVM (155)
[2018.11.27-05.10.29:456][684]LogModuleManager: Shutting down and abandoning module ShaderFormatOpenGL (153)
[2018.11.27-05.10.29:469][684]LogModuleManager: Shutting down and abandoning module ShaderFormatD3D (151)
[2018.11.27-05.10.29:469][684]LogModuleManager: Shutting down and abandoning module MetalShaderFormat (149)
[2018.11.27-05.10.29:480][684]LogModuleManager: Shutting down and abandoning module TextureFormatUncompressed (147)
[2018.11.27-05.10.29:480][684]LogModuleManager: Shutting down and abandoning module TextureFormatPVR (145)
[2018.11.27-05.10.29:480][684]LogModuleManager: Shutting down and abandoning module TextureFormatDXT (143)
[2018.11.27-05.10.29:480][684]LogModuleManager: Shutting down and abandoning module TextureFormatIntelISPCTexComp (141)
[2018.11.27-05.10.29:487][684]LogModuleManager: Shutting down and abandoning module TextureFormatASTC (139)
[2018.11.27-05.10.29:487][684]LogModuleManager: Shutting down and abandoning module ImageWrapper (138)
[2018.11.27-05.10.29:487][684]LogModuleManager: Shutting down and abandoning module TextureFormatAndroid (135)
[2018.11.27-05.10.29:487][684]LogModuleManager: Shutting down and abandoning module AudioFormatOpus (133)
[2018.11.27-05.10.29:487][684]LogModuleManager: Shutting down and abandoning module AudioFormatOgg (131)
[2018.11.27-05.10.29:487][684]LogModuleManager: Shutting down and abandoning module AudioFormatADPCM (129)
[2018.11.27-05.10.29:487][684]LogModuleManager: Shutting down and abandoning module LuminTargetPlatform (127)
[2018.11.27-05.10.29:487][684]LogModuleManager: Shutting down and abandoning module LinuxTargetPlatform (125)
[2018.11.27-05.10.29:487][684]LogModuleManager: Shutting down and abandoning module LinuxServerTargetPlatform (123)
[2018.11.27-05.10.29:487][684]LogModuleManager: Shutting down and abandoning module LinuxNoEditorTargetPlatform (121)
[2018.11.27-05.10.29:493][684]LogModuleManager: Shutting down and abandoning module LinuxClientTargetPlatform (119)
[2018.11.27-05.10.29:503][684]LogModuleManager: Shutting down and abandoning module TVOSTargetPlatform (117)
[2018.11.27-05.10.29:514][684]LogModuleManager: Shutting down and abandoning module Messaging (115)
[2018.11.27-05.10.29:514][684]LogModuleManager: Shutting down and abandoning module IOSTargetPlatform (113)
[2018.11.27-05.10.29:523][684]LogModuleManager: Shutting down and abandoning module HTML5TargetPlatform (111)
[2018.11.27-05.10.29:523][684]LogModuleManager: Shutting down and abandoning module AndroidTargetPlatform (109)
[2018.11.27-05.10.29:593][684]LogModuleManager: Shutting down and abandoning module WindowsTargetPlatform (107)
[2018.11.27-05.10.29:593][684]LogModuleManager: Shutting down and abandoning module WindowsServerTargetPlatform (105)
[2018.11.27-05.10.29:593][684]LogModuleManager: Shutting down and abandoning module WindowsNoEditorTargetPlatform (103)
[2018.11.27-05.10.29:593][684]LogModuleManager: Shutting down and abandoning module WindowsClientTargetPlatform (101)
[2018.11.27-05.10.29:594][684]LogModuleManager: Shutting down and abandoning module MacTargetPlatform (99)
[2018.11.27-05.10.29:594][684]LogModuleManager: Shutting down and abandoning module MacServerTargetPlatform (97)
[2018.11.27-05.10.29:594][684]LogModuleManager: Shutting down and abandoning module MacNoEditorTargetPlatform (95)
[2018.11.27-05.10.29:594][684]LogModuleManager: Shutting down and abandoning module MacClientTargetPlatform (93)
[2018.11.27-05.10.29:594][684]LogModuleManager: Shutting down and abandoning module AllDesktopTargetPlatform (91)
[2018.11.27-05.10.29:594][684]LogModuleManager: Shutting down and abandoning module InputCore (88)
[2018.11.27-05.10.29:594][684]LogModuleManager: Shutting down and abandoning module Settings (86)
[2018.11.27-05.10.29:594][684]LogModuleManager: Shutting down and abandoning module PhysXCooking (84)
[2018.11.27-05.10.29:594][684]LogModuleManager: Shutting down and abandoning module SteamVR (82)
[2018.11.27-05.10.29:595][684]LogModuleManager: Shutting down and abandoning module OculusHMD (80)
[2018.11.27-05.10.29:615][684]LogModuleManager: Shutting down and abandoning module ExampleDeviceProfileSelector (78)
[2018.11.27-05.10.29:615][684]LogModuleManager: Shutting down and abandoning module LauncherChunkInstaller (76)
[2018.11.27-05.10.29:616][684]LogModuleManager: Shutting down and abandoning module OnlineBlueprintSupport (74)
[2018.11.27-05.10.29:616][684]LogModuleManager: Shutting down and abandoning module OnlineSubsystem (70)
[2018.11.27-05.10.29:632][684]LogModuleManager: Shutting down and abandoning module XMPP (65)
[2018.11.27-05.10.29:650][684]LogModuleManager: Shutting down and abandoning module WebSockets (64)
[2018.11.27-05.10.29:713][684]LogModuleManager: Shutting down and abandoning module HTTP (61)
[2018.11.27-05.10.29:719][684]LogHttp: Display: Http module shutting down, but needs to wait on 1 outstanding Http requests:
[2018.11.27-05.10.29:719][684]LogHttp: Display: 	verb=[POST] url=[https://datarouter.ol.epicgames.com/datarouter/api/v1/public/data?SessionID=%7B6D64C506-4B06-32FC-4563-C7A90B84ED06%7D&AppID=UEEditor.Rocket.Release&AppVersion=4.20.3-4369336%2B%2B%2BUE4%2BRelease-4.20&UserID=f2bfde6f4682c434fa2889b766d0c927%7Cd574905b99dd45faa248d69dd94973fb%7Ca6d29458-3977-47c9-b21b-4705f3233949&AppEnvironment=datacollector-binary&UploadType=eteventstream] status=Processing
[2018.11.27-05.10.29:753][684]LogModuleManager: Shutting down and abandoning module SSL (60)
[2018.11.27-05.10.29:795][684]LogModuleManager: Shutting down and abandoning module MagicLeapEmulator (56)
[2018.11.27-05.10.29:795][684]LogModuleManager: Shutting down and abandoning module MagicLeapPrivileges (54)
[2018.11.27-05.10.29:796][684]LogModuleManager: Shutting down and abandoning module MagicLeapIdentity (52)
[2018.11.27-05.10.29:796][684]LogModuleManager: Shutting down and abandoning module MagicLeapHelperVulkan (50)
[2018.11.27-05.10.29:796][684]LogModuleManager: Shutting down and abandoning module MagicLeapHelperOpenGL (48)
[2018.11.27-05.10.29:796][684]LogModuleManager: Shutting down and abandoning module MagicLeapSecureStorage (46)
[2018.11.27-05.10.29:796][684]LogModuleManager: Shutting down and abandoning module MagicLeapGestures (44)
[2018.11.27-05.10.29:796][684]LogModuleManager: Shutting down and abandoning module MagicLeapEyeTracker (42)
[2018.11.27-05.10.29:796][684]LogModuleManager: Shutting down and abandoning module MagicLeapController (40)
[2018.11.27-05.10.29:796][684]LogSlate: Slate User Destroyed.  User Index 0, Is Virtual User: 0
[2018.11.27-05.10.29:796][684]LogModuleManager: Shutting down and abandoning module MagicLeap (38)
[2018.11.27-05.10.29:796][684]LogModuleManager: Shutting down and abandoning module AnimationModifiers (36)
[2018.11.27-05.10.29:810][684]LogModuleManager: Shutting down and abandoning module PropertyEditor (35)
[2018.11.27-05.10.29:810][684]LogModuleManager: Shutting down and abandoning module AudioEditor (32)
[2018.11.27-05.10.29:815][684]LogModuleManager: Shutting down and abandoning module TextureCompressor (30)
[2018.11.27-05.10.29:815][684]LogModuleManager: Shutting down and abandoning module ShaderCore (28)
[2018.11.27-05.10.29:815][684]LogModuleManager: Shutting down and abandoning module Landscape (26)
[2018.11.27-05.10.29:816][684]LogModuleManager: Shutting down and abandoning module SlateRHIRenderer (24)
[2018.11.27-05.10.29:829][684]LogModuleManager: Shutting down and abandoning module OpenGLDrv (22)
[2018.11.27-05.10.29:832][684]LogModuleManager: Shutting down and abandoning module D3D11RHI (20)
[2018.11.27-05.10.29:832][684]LogModuleManager: Shutting down and abandoning module AnimGraphRuntime (18)
[2018.11.27-05.10.29:833][684]LogModuleManager: Shutting down and abandoning module Renderer (16)
[2018.11.27-05.10.29:833][684]LogModuleManager: Shutting down and abandoning module Engine (14)
[2018.11.27-05.10.29:833][684]LogModuleManager: Shutting down and abandoning module CoreUObject (12)
[2018.11.27-05.10.29:833][684]LogModuleManager: Shutting down and abandoning module NetworkFile (10)
[2018.11.27-05.10.29:844][684]LogModuleManager: Shutting down and abandoning module CookedIterativeFile (8)
[2018.11.27-05.10.29:844][684]LogModuleManager: Shutting down and abandoning module StreamingFile (6)
[2018.11.27-05.10.29:853][684]LogModuleManager: Shutting down and abandoning module SandboxFile (4)
[2018.11.27-05.10.29:853][684]LogModuleManager: Shutting down and abandoning module PakFile (2)
[2018.11.27-05.10.29:882][684]LogExit: Exiting.
[2018.11.27-05.10.29:897][684]Log file closed, 11/26/18 23:10:29
