Log file open, 11/21/18 10:34:07
LogWindows: Failed to load 'aqProf.dll' (GetLastError=126)
LogWindows: File 'aqProf.dll' does not exist
LogWindows: Failed to load 'VSPerf140.dll' (GetLastError=126)
LogWindows: File 'VSPerf140.dll' does not exist
LogWindows: Failed to load 'VtuneApi.dll' (GetLastError=126)
LogWindows: File 'VtuneApi.dll' does not exist
LogWindows: Failed to load 'VtuneApi32e.dll' (GetLastError=126)
LogWindows: File 'VtuneApi32e.dll' does not exist
LogInit: Display: Running engine for game: Bjourn
LogPlatformFile: Not using cached read wrapper
LogTaskGraph: Started task graph with 5 named threads and 17 total threads with 3 sets of task threads.
LogStats: Stats thread started at 12.544312
LogD3D11RHI: Loaded GFSDK_Aftermath_Lib.x64.dll
LogICUInternationalization: Display: ICU TimeZone Detection - Raw Offset: -6:00, Platform Override: ''
LogPluginManager: Mounting plugin Paper2D
LogPluginManager: Mounting plugin AISupport
LogPluginManager: Mounting plugin LightPropagationVolume
LogPluginManager: Mounting plugin CLionSourceCodeAccess
LogPluginManager: Mounting plugin CodeLiteSourceCodeAccess
LogPluginManager: Mounting plugin GitSourceControl
LogPluginManager: Mounting plugin KDevelopSourceCodeAccess
LogPluginManager: Mounting plugin NullSourceCodeAccess
LogPluginManager: Mounting plugin PerforceSourceControl
LogPluginManager: Mounting plugin SubversionSourceControl
LogPluginManager: Mounting plugin UObjectPlugin
LogPluginManager: Mounting plugin VisualStudioCodeSourceCodeAccess
LogPluginManager: Mounting plugin VisualStudioSourceCodeAccess
LogPluginManager: Mounting plugin XCodeSourceCodeAccess
LogPluginManager: Mounting plugin AssetManagerEditor
LogPluginManager: Mounting plugin CryptoKeys
LogPluginManager: Mounting plugin DataValidation
LogPluginManager: Mounting plugin FacialAnimation
LogPluginManager: Mounting plugin GameplayTagsEditor
LogPluginManager: Mounting plugin MacGraphicsSwitching
LogPluginManager: Mounting plugin MeshEditor
LogPluginManager: Mounting plugin MobileLauncherProfileWizard
LogPluginManager: Mounting plugin PluginBrowser
LogPluginManager: Mounting plugin SpeedTreeImporter
LogPluginManager: Mounting plugin DatasmithContent
LogPluginManager: Mounting plugin AlembicImporter
LogPluginManager: Mounting plugin AppleImageUtils
LogPluginManager: Mounting plugin AppleVision
LogPluginManager: Mounting plugin BackChannel
LogPluginManager: Mounting plugin CharacterAI
LogPluginManager: Mounting plugin GeometryCache
LogPluginManager: Mounting plugin HTML5Networking
LogPluginManager: Mounting plugin ProxyLODPlugin
LogPluginManager: Mounting plugin MagicLeap
LogPluginManager: Mounting plugin MagicLeapEmulator
LogPluginManager: Mounting plugin MagicLeapMedia
LogPluginManager: Mounting plugin AndroidMedia
LogPluginManager: Mounting plugin AvfMedia
LogPluginManager: Mounting plugin ImgMedia
LogPluginManager: Mounting plugin LinearTimecode
LogPluginManager: Mounting plugin MediaCompositing
LogPluginManager: Mounting plugin MediaPlayerEditor
LogPluginManager: Mounting plugin WmfMedia
LogPluginManager: Mounting plugin TcpMessaging
LogPluginManager: Mounting plugin UdpMessaging
LogPluginManager: Mounting plugin ActorSequence
LogPluginManager: Mounting plugin LevelSequenceEditor
LogPluginManager: Mounting plugin MatineeToLevelSequence
LogPluginManager: Mounting plugin NetcodeUnitTest
LogPluginManager: Mounting plugin NUTUnrealEngine4
LogPluginManager: Mounting plugin OnlineSubsystemGooglePlay
LogPluginManager: Mounting plugin OnlineSubsystemIOS
LogPluginManager: Mounting plugin OnlineSubsystem
LogPluginManager: Mounting plugin OnlineSubsystemNull
LogPluginManager: Mounting plugin OnlineSubsystemUtils
LogPluginManager: Mounting plugin LauncherChunkInstaller
LogPluginManager: Mounting plugin AndroidDeviceProfileSelector
LogPluginManager: Mounting plugin AndroidMoviePlayer
LogPluginManager: Mounting plugin AndroidPermission
LogPluginManager: Mounting plugin AppleMoviePlayer
LogPluginManager: Mounting plugin ArchVisCharacter
LogPluginManager: Mounting plugin AudioCapture
LogPluginManager: Mounting plugin CableComponent
LogPluginManager: Mounting plugin CustomMeshComponent
LogPluginManager: Mounting plugin EditableMesh
LogPluginManager: Mounting plugin ExampleDeviceProfileSelector
LogPluginManager: Mounting plugin GoogleCloudMessaging
LogPluginManager: Mounting plugin ImmediatePhysics
LogPluginManager: Mounting plugin IOSDeviceProfileSelector
LogPluginManager: Mounting plugin LinuxDeviceProfileSelector
LogPluginManager: Mounting plugin LocationServicesBPLibrary
LogPluginManager: Mounting plugin MobilePatchingUtils
LogPluginManager: Mounting plugin OculusVR
LogPluginManager: Plugin shader directory ../../../Engine/Plugins/Runtime/Oculus/OculusVR/Shaders found
LogPluginManager: Mapping shader source directory ../../../Engine/Plugins/Runtime/Oculus/OculusVR/Shaders to virtual directory /Plugin/OculusVR
LogPluginManager: Mounting plugin PhysXVehicles
LogPluginManager: Mounting plugin ProceduralMeshComponent
LogPluginManager: Mounting plugin RuntimePhysXCooking
LogPluginManager: Mounting plugin SteamVR
LogPluginManager: Mounting plugin WindowsMoviePlayer
LogStreaming: Display: Took  1.118s to configure plugins.
LogInit: Using libcurl 7.55.1-DEV
LogInit:  - built for x86_64-pc-win32
LogInit:  - supports SSL with OpenSSL/1.0.2h
LogInit:  - supports HTTP deflate (compression) using libz 1.2.8
LogInit:  - other features:
LogInit:      CURL_VERSION_SSL
LogInit:      CURL_VERSION_LIBZ
LogInit:      CURL_VERSION_IPV6
LogInit:      CURL_VERSION_ASYNCHDNS
LogInit:      CURL_VERSION_LARGEFILE
LogInit:      CURL_VERSION_IDN
LogInit:  CurlRequestOptions (configurable via config and command line):
LogInit:  - bVerifyPeer = false  - Libcurl will NOT verify peer certificate
LogInit:  - bUseHttpProxy = false  - Libcurl will NOT use HTTP proxy
LogInit:  - bDontReuseConnections = false  - Libcurl will reuse connections
LogInit:  - CertBundlePath = nullptr  - Libcurl will use whatever was configured at build time.
LogInit:  - MaxHostConnections = 16  - Libcurl will limit the number of connections to a host
LogInit:  - LocalHostAddr = Default
LogInit:  - BufferSize = 65536
LogInit: WinSock: version 1.1 (2.2), MaxSocks=32767, MaxUdp=65467
LogInit: Build: ++UE4+Release-4.20-CL-4369336
LogInit: Engine Version: 4.20.3-4369336+++UE4+Release-4.20
LogInit: Compatible Engine Version: 4.20.0-4212847+++UE4+Release-4.20
LogInit: Net CL: 4212847
LogInit: OS: Windows 10 (), CPU: AMD FX(tm)-6120 Six-Core Processor             , GPU: NVIDIA GeForce GTX 660 Ti
LogInit: Compiled (64-bit): Sep 17 2018 12:26:19
LogInit: Compiled with Visual C++: 19.13.26129.00
LogInit: Build Configuration: Development
LogInit: Branch Name: ++UE4+Release-4.20
LogInit: Command Line:  
LogInit: Base Directory: C:/Program Files/Epic Games/UE_4.20/Engine/Binaries/Win64/
LogInit: Installed Engine Build: 1
LogDevObjectVersion: Number of dev versions registered: 20
LogDevObjectVersion:   Dev-Blueprints (B0D832E4-1F89-4F0D-ACCF-7EB736FD4AA2): 10
LogDevObjectVersion:   Dev-Build (E1C64328-A22C-4D53-A36C-8E866417BD8C): 0
LogDevObjectVersion:   Dev-Core (375EC13C-06E4-48FB-B500-84F0262A717E): 2
LogDevObjectVersion:   Dev-Editor (E4B068ED-F494-42E9-A231-DA0B2E46BB41): 24
LogDevObjectVersion:   Dev-Framework (CFFC743F-43B0-4480-9391-14DF171D2073): 34
LogDevObjectVersion:   Dev-Mobile (B02B49B5-BB20-44E9-A304-32B752E40360): 2
LogDevObjectVersion:   Dev-Networking (A4E4105C-59A1-49B5-A7C5-40C4547EDFEE): 0
LogDevObjectVersion:   Dev-Online (39C831C9-5AE6-47DC-9A44-9C173E1C8E7C): 0
LogDevObjectVersion:   Dev-Physics (78F01B33-EBEA-4F98-B9B4-84EACCB95AA2): 0
LogDevObjectVersion:   Dev-Platform (6631380F-2D4D-43E0-8009-CF276956A95A): 0
LogDevObjectVersion:   Dev-Rendering (12F88B9F-8875-4AFC-A67C-D90C383ABD29): 26
LogDevObjectVersion:   Dev-Sequencer (7B5AE74C-D270-4C10-A958-57980B212A5A): 9
LogDevObjectVersion:   Dev-VR (D7296918-1DD6-4BDD-9DE2-64A83CC13884): 2
LogDevObjectVersion:   Dev-LoadTimes (C2A15278-BFE7-4AFE-6C17-90FF531DF755): 1
LogDevObjectVersion:   Private-Geometry (6EACA3D4-40EC-4CC1-B786-8BED09428FC5): 3
LogDevObjectVersion:   Dev-AnimPhys (29E575DD-E0A3-4627-9D10-D276232CDCEA): 17
LogDevObjectVersion:   Dev-ReflectionCapture (6B266CEC-1EC7-4B8F-A30B-E4D90942FC07): 1
LogDevObjectVersion:   Dev-Automation (0DF73D61-A23F-47EA-B727-89E90C41499A): 1
LogDevObjectVersion:   FortniteMain (601D1886-AC64-4F84-AA16-D3DE0DEAC7D6): 12
LogDevObjectVersion:   Dev-Enterprise (9DFFBCD6-494F-0158-E221-12823C92A888): 1
LogStreaming: Display: Took  0.280s to delete old logs.
LogInit: Presizing for max 8388607 objects, including 0 objects not considered by GC, pre-allocating 0 bytes for permanent pool.
LogInit: Object subsystem initialized
[2018.11.21-16.34.14:468][  0]LogInit: Selected Device Profile: [Windows]
[2018.11.21-16.34.14:484][  0]LogInit: Applying CVar settings loaded from the selected device profile: [Windows]
[2018.11.21-16.34.14:609][  0]LogHAL: Display: Platform has ~ 10 GB [10491457536 / 17179869184 / 10], which maps to Default [LargestMinGB=32, LargerMinGB=12, DefaultMinGB=8, SmallerMinGB=6, SmallestMinGB=0)
[2018.11.21-16.34.14:640][  0]LogInit: Setting Device Profile CVar: [[r.Vulkan.UseRealUBs:1]]
[2018.11.21-16.34.14:687][  0]LogInit: Going up to parent DeviceProfile []
[2018.11.21-16.34.14:932][  0]LogInit: Computer: DESKTOP-RPLIV76
[2018.11.21-16.34.14:932][  0]LogInit: User: mytho
[2018.11.21-16.34.14:932][  0]LogInit: CPU Page size=4096, Cores=3
[2018.11.21-16.34.14:932][  0]LogInit: High frequency timer resolution =3.409430 MHz
[2018.11.21-16.34.14:934][  0]LogMemory: Memory total: Physical=9.8GB (10GB approx)
[2018.11.21-16.34.14:934][  0]LogMemory: Platform Memory Stats for Windows
[2018.11.21-16.34.14:934][  0]LogMemory: Process Physical Memory: 101.38 MB used, 101.38 MB peak
[2018.11.21-16.34.14:934][  0]LogMemory: Process Virtual Memory: 85.63 MB used, 85.63 MB peak
[2018.11.21-16.34.14:934][  0]LogMemory: Physical Memory: 2897.63 MB used,  7107.80 MB free, 10005.43 MB total
[2018.11.21-16.34.14:934][  0]LogMemory: Virtual Memory: 4626.99 MB used,  7107.80 MB free, 134217728.00 MB total
[2018.11.21-16.34.22:979][  0]LogInit: Using OS detected language (en-US).
[2018.11.21-16.34.22:979][  0]LogInit: Using OS detected locale (en-US).
[2018.11.21-16.34.23:238][  0]LogTextLocalizationManager: No specific localization for 'en-US' exists, so the 'en' localization will be used.
[2018.11.21-16.34.26:189][  0]LogStreaming: Display: Took  3.152s to InitEngineTextLocalization.
[2018.11.21-16.34.26:197][  0]LogInit: Setting process to per monitor DPI aware
[2018.11.21-16.34.29:591][  0]LogSlate: New Slate User Created.  User Index 0, Is Virtual User: 0
[2018.11.21-16.34.29:591][  0]LogSlate: Slate User Registered.  User Index 0, Is Virtual User: 0
[2018.11.21-16.34.43:887][  0]LogHMD: Failed to initialize OpenVR with code 110
[2018.11.21-16.34.43:887][  0]LogD3D11RHI: D3D11 adapters:
[2018.11.21-16.34.44:081][  0]LogD3D11RHI:    0. 'NVIDIA GeForce GTX 660 Ti' (Feature Level 11_0)
[2018.11.21-16.34.44:081][  0]LogD3D11RHI:       2015/0/5002 MB DedicatedVideo/DedicatedSystem/SharedSystem, Outputs:1, VendorId:0x10de
[2018.11.21-16.34.44:084][  0]LogD3D11RHI:    1. 'Microsoft Basic Render Driver' (Feature Level 11_0)
[2018.11.21-16.34.44:084][  0]LogD3D11RHI:       0/0/5002 MB DedicatedVideo/DedicatedSystem/SharedSystem, Outputs:0, VendorId:0x1414
[2018.11.21-16.34.44:084][  0]LogD3D11RHI: Chosen D3D11 Adapter: 0
[2018.11.21-16.34.44:102][  0]LogD3D11RHI: Creating new Direct3DDevice
[2018.11.21-16.34.44:102][  0]LogD3D11RHI:     GPU DeviceId: 0x1183 (for the marketing name, search the web for "GPU Device Id")
[2018.11.21-16.34.44:108][  0]LogWindows: EnumDisplayDevices:
[2018.11.21-16.34.44:108][  0]LogWindows:    0. 'NVIDIA GeForce GTX 660 Ti' (P:1 D:1)
[2018.11.21-16.34.44:108][  0]LogWindows:    1. 'NVIDIA GeForce GTX 660 Ti' (P:0 D:0)
[2018.11.21-16.34.44:109][  0]LogWindows:    2. 'NVIDIA GeForce GTX 660 Ti' (P:0 D:0)
[2018.11.21-16.34.44:109][  0]LogWindows:    3. 'NVIDIA GeForce GTX 660 Ti' (P:0 D:0)
[2018.11.21-16.34.44:109][  0]LogWindows: DebugString: FoundDriverCount:4 
[2018.11.21-16.34.44:109][  0]LogD3D11RHI:     Adapter Name: NVIDIA GeForce GTX 660 Ti
[2018.11.21-16.34.44:120][  0]LogD3D11RHI:   Driver Version: 388.13 (internal:23.21.13.8813, unified:388.13)
[2018.11.21-16.34.44:120][  0]LogD3D11RHI:      Driver Date: 10-27-2017
[2018.11.21-16.34.44:120][  0]LogRHI: Texture pool is 1410 MB (70% of 2015 MB)
[2018.11.21-16.34.44:255][  0]LogD3D11RHI: Async texture creation enabled
[2018.11.21-16.34.44:514][  0]LogD3D11RHI: GPU Timing Frequency: 1000.000000 (Debug: 2 1)
[2018.11.21-16.34.44:618][  0]LogShaderCompilers: Guid format shader working directory is -1 characters bigger than the processId version (../../../../../../Users/mytho/Documents/Bjourn/Intermediate/Shaders/WorkingDirectory/10552/).
[2018.11.21-16.34.44:619][  0]LogShaderCompilers: Cleaned the shader compiler working directory 'C:/Users/mytho/AppData/Local/Temp/UnrealShaderWorkingDir/C0F7C7D04452478765FE3CB9D7E0D37C/'.
[2018.11.21-16.34.50:681][  0]LogTemp: Display: Loaded TP AllDesktopTargetPlatform
[2018.11.21-16.34.50:761][  0]LogTemp: Display: Loaded TP MacClientTargetPlatform
[2018.11.21-16.34.50:803][  0]LogTemp: Display: Loaded TP MacNoEditorTargetPlatform
[2018.11.21-16.34.50:880][  0]LogTemp: Display: Loaded TP MacServerTargetPlatform
[2018.11.21-16.34.51:044][  0]LogTemp: Display: Loaded TP MacTargetPlatform
[2018.11.21-16.34.51:148][  0]LogTemp: Display: Loaded TP WindowsClientTargetPlatform
[2018.11.21-16.34.51:221][  0]LogTemp: Display: Loaded TP WindowsNoEditorTargetPlatform
[2018.11.21-16.34.51:313][  0]LogTemp: Display: Loaded TP WindowsServerTargetPlatform
[2018.11.21-16.34.51:375][  0]LogTemp: Display: Loaded TP WindowsTargetPlatform
[2018.11.21-16.34.51:605][  0]LogTemp: Display: Loaded TP AndroidTargetPlatform
[2018.11.21-16.34.51:605][  0]LogTemp: Display: Loaded TP AndroidTargetPlatform
[2018.11.21-16.34.51:605][  0]LogTemp: Display: Loaded TP AndroidTargetPlatform
[2018.11.21-16.34.51:605][  0]LogTemp: Display: Loaded TP AndroidTargetPlatform
[2018.11.21-16.34.51:605][  0]LogTemp: Display: Loaded TP AndroidTargetPlatform
[2018.11.21-16.34.51:605][  0]LogTemp: Display: Loaded TP AndroidTargetPlatform
[2018.11.21-16.34.51:605][  0]LogTemp: Display: Loaded TP AndroidTargetPlatform
[2018.11.21-16.34.51:605][  0]LogTemp: Display: Loaded TP AndroidTargetPlatform
[2018.11.21-16.34.51:605][  0]LogTemp: Display: Loaded TP AndroidTargetPlatform
[2018.11.21-16.34.51:605][  0]LogTemp: Display: Loaded TP AndroidTargetPlatform
[2018.11.21-16.34.51:605][  0]LogTemp: Display: Loaded TP AndroidTargetPlatform
[2018.11.21-16.34.51:605][  0]LogTemp: Display: Loaded TP AndroidTargetPlatform
[2018.11.21-16.34.51:605][  0]LogTemp: Display: Loaded TP AndroidTargetPlatform
[2018.11.21-16.34.51:605][  0]LogTemp: Display: Loaded TP AndroidTargetPlatform
[2018.11.21-16.34.51:605][  0]LogTemp: Display: Loaded TP AndroidTargetPlatform
[2018.11.21-16.34.51:605][  0]LogTemp: Display: Loaded TP AndroidTargetPlatform
[2018.11.21-16.34.51:605][  0]LogTemp: Display: Loaded TP AndroidTargetPlatform
[2018.11.21-16.34.51:605][  0]LogTemp: Display: Loaded TP AndroidTargetPlatform
[2018.11.21-16.34.51:646][  0]LogTemp: Display: Loaded TP HTML5TargetPlatform
[2018.11.21-16.34.51:880][  0]LogTemp: Display: Loaded TP IOSTargetPlatform
[2018.11.21-16.34.51:880][  0]LogTemp: Display: Loaded TP IOSTargetPlatform
[2018.11.21-16.34.52:001][  0]LogTemp: Display: Loaded TP TVOSTargetPlatform
[2018.11.21-16.34.52:001][  0]LogTemp: Display: Loaded TP TVOSTargetPlatform
[2018.11.21-16.34.52:119][  0]LogTemp: Display: Loaded TP LinuxClientTargetPlatform
[2018.11.21-16.34.52:168][  0]LogTemp: Display: Loaded TP LinuxNoEditorTargetPlatform
[2018.11.21-16.34.52:228][  0]LogTemp: Display: Loaded TP LinuxServerTargetPlatform
[2018.11.21-16.34.52:419][  0]LogTemp: Display: Loaded TP LinuxTargetPlatform
[2018.11.21-16.34.52:509][  0]LogTemp: Display: Loaded TP LuminTargetPlatform
[2018.11.21-16.34.52:509][  0]LogTargetPlatformManager: Display: Building Assets For Windows
[2018.11.21-16.34.53:633][  0]LogXGEController: Cleaning working directory: C:/Users/mytho/AppData/Local/Temp/UnrealXGEWorkingDir/
[2018.11.21-16.34.53:634][  0]LogXGEController: Cannot use XGE Controller as Incredibuild is not installed on this machine.
[2018.11.21-16.34.53:634][  0]LogShaderCompilers: Cannot use XGE Shader Compiler as Incredibuild is not installed on this machine.
[2018.11.21-16.34.53:634][  0]LogShaderCompilers: Display: Using Local Shader Compiler.
[2018.11.21-16.35.07:393][  0]LogDerivedDataCache: Display: Max Cache Size: 512 MB
[2018.11.21-16.35.08:844][  0]LogDerivedDataCache: Loaded boot cache 1.43s 71MB C:/Users/mytho/AppData/Local/UnrealEngine/4.20/DerivedDataCache/Boot.ddc.
[2018.11.21-16.35.08:845][  0]LogDerivedDataCache: Display: Loaded Boot cache: C:/Users/mytho/AppData/Local/UnrealEngine/4.20/DerivedDataCache/Boot.ddc
[2018.11.21-16.35.08:845][  0]LogDerivedDataCache: FDerivedDataBackendGraph:  Pak pak cache file ../../../../../../Users/mytho/Documents/Bjourn/DerivedDataCache/DDC.ddp not found, will not use a pak cache.
[2018.11.21-16.35.08:845][  0]LogDerivedDataCache: Unable to find inner node Pak for hierarchical cache Hierarchy.
[2018.11.21-16.35.08:845][  0]LogDerivedDataCache: FDerivedDataBackendGraph:  CompressedPak pak cache file ../../../../../../Users/mytho/Documents/Bjourn/DerivedDataCache/Compressed.ddp not found, will not use a pak cache.
[2018.11.21-16.35.08:845][  0]LogDerivedDataCache: Unable to find inner node CompressedPak for hierarchical cache Hierarchy.
[2018.11.21-16.35.08:970][  0]LogDerivedDataCache: Display: Pak cache opened for reading ../../../Engine/DerivedDataCache/Compressed.ddp.
[2018.11.21-16.35.09:031][  0]LogDerivedDataCache: Using Local data cache path C:/Users/mytho/AppData/Local/UnrealEngine/Common/DerivedDataCache: Writable
[2018.11.21-16.35.09:031][  0]LogDerivedDataCache: Shared data cache path not found in *engine.ini, will not use an Shared cache.
[2018.11.21-16.35.09:031][  0]LogDerivedDataCache: Unable to find inner node Shared for hierarchical cache Hierarchy.
[2018.11.21-16.35.09:195][  0]LogMaterial: Verifying Global Shaders for PCD3D_SM5
[2018.11.21-16.35.09:267][  0]LogSlate: Using FreeType 2.6.0
[2018.11.21-16.35.09:398][  0]LogSlate: SlateFontServices - WITH_FREETYPE: 1, WITH_HARFBUZZ: 1
[2018.11.21-16.35.14:873][  0]LogAssetRegistry: FAssetRegistry took 0.0321 seconds to start up
[2018.11.21-16.35.20:907][  0]LogInit: Selected Device Profile: [Windows]
[2018.11.21-16.35.27:382][  0]LogSimplygon: Simplygon DLL not present - disabling.
[2018.11.21-16.35.27:991][  0]LogMeshReduction: Using SimplygonSwarm for distributed automatic mesh merging
[2018.11.21-16.35.28:015][  0]LogMeshReduction: Using ProxyLODMeshReduction for automatic mesh merging
[2018.11.21-16.35.28:070][  0]LogMeshReduction: Using QuadricMeshReduction for automatic static mesh reduction
[2018.11.21-16.35.28:070][  0]LogMeshReduction: No automatic skeletal mesh reduction module available
[2018.11.21-16.35.29:813][  0]LogNetVersion: Bjourn 1.0.0, NetCL: 4212847, EngineNetVer: 5, GameNetVer: 0 (Checksum: 2510388400)
[2018.11.21-16.35.43:350][  0]LogPackageLocalizationCache: Processed 11 localized package path(s) for 2 prioritized culture(s) in 0.431185 seconds
[2018.11.21-16.35.43:418][  0]LogUObjectArray: 38425 objects as part of root set at end of initial load.
[2018.11.21-16.35.43:418][  0]LogUObjectAllocator: 6690872 out of 0 bytes used by permanent object pool.
[2018.11.21-16.35.43:418][  0]LogUObjectArray: CloseDisregardForGC: 0/0 objects in disregard for GC pool
[2018.11.21-16.36.31:514][  0]LogTcpMessaging: Initializing TcpMessaging bridge
[2018.11.21-16.36.31:569][  0]LogUdpMessaging: Initializing bridge on interface 0.0.0.0:0 to multicast group 230.0.0.1:6666.
[2018.11.21-16.36.34:146][  0]SourceControl: Source control is disabled
[2018.11.21-16.36.47:075][  0]LogAndroidPermission: UAndroidPermissionCallbackProxy::GetInstance
[2018.11.21-16.36.47:495][  0]LogOcInput: OculusInput pre-init called
[2018.11.21-16.36.48:411][  0]LogEngine: Initializing Engine...
[2018.11.21-16.36.48:453][  0]LogHMD: Failed to initialize OpenVR with code 110
[2018.11.21-16.36.48:479][  0]LogStats: UGameplayTagsManager::ConstructGameplayTagTree: ImportINI prefixes -  0.001 s
[2018.11.21-16.36.48:479][  0]LogStats: UGameplayTagsManager::ConstructGameplayTagTree: Construct from data asset -  0.000 s
[2018.11.21-16.36.48:479][  0]LogStats: UGameplayTagsManager::ConstructGameplayTagTree: ImportINI -  0.000 s
[2018.11.21-16.36.48:480][  0]LogStats: UGameplayTagsManager::ConstructGameplayTagTree: GameplayTagTreeChangedEvent.Broadcast -  0.000 s
[2018.11.21-16.36.51:170][  0]LogInit: Initializing FReadOnlyCVARCache
[2018.11.21-16.36.51:577][  0]LogAIModule: Creating AISystem for world Untitled
[2018.11.21-16.36.51:886][  0]LogInit: XAudio2 using '332-B11-4 (NVIDIA High Definition Audio)' : 2 channels at 48 kHz using 16 bits per sample (channel mask 0x3)
[2018.11.21-16.36.52:043][  0]LogInit: FAudioDevice initialized.
[2018.11.21-16.36.52:044][  0]LogNetVersion: Set ProjectVersion to 1.0.0.0. Version Checksum will be recalculated on next use.
[2018.11.21-16.36.52:761][  0]LogDerivedDataCache: Saved boot cache 0.72s 71MB C:/Users/mytho/AppData/Local/UnrealEngine/4.20/DerivedDataCache/Boot.ddc.
[2018.11.21-16.36.52:775][  0]LogInit: Texture streaming: Enabled
[2018.11.21-16.36.53:052][  0]LogEngineSessionManager: EngineSessionManager initialized
[2018.11.21-16.36.53:591][  0]LogInit: Transaction tracking system initialized
[2018.11.21-16.36.56:044][  0]BlueprintLog: New page: Editor Load
[2018.11.21-16.37.03:271][  0]LocalizationService: Localization service is disabled
[2018.11.21-16.37.15:424][  0]LogCook: Display: Max memory allowance for cook 16384mb min free memory 0mb
[2018.11.21-16.37.15:457][  0]LogFileCache: Scanning file cache for directory 'C:/Users/mytho/Documents/Bjourn/Content/' took 0.14s
[2018.11.21-16.37.15:457][  0]LogCook: Display: Mobile HDR setting 1
[2018.11.21-16.37.15:481][  0]LogGameplayTags: Display: UGameplayTagsManager::DoneAddingNativeTags. DelegateIsBound: 0
[2018.11.21-16.37.15:482][  0]LogStats: UGameplayTagsManager::ConstructGameplayTagTree: ImportINI prefixes -  0.000 s
[2018.11.21-16.37.15:482][  0]LogStats: UGameplayTagsManager::ConstructGameplayTagTree: Construct from data asset -  0.000 s
[2018.11.21-16.37.15:482][  0]LogStats: UGameplayTagsManager::ConstructGameplayTagTree: ImportINI -  0.000 s
[2018.11.21-16.37.15:482][  0]LogStats: UGameplayTagsManager::ConstructGameplayTagTree: GameplayTagTreeChangedEvent.Broadcast -  0.000 s
[2018.11.21-16.37.28:809][  0]Cmd: MAP LOAD FILE="../../../../../../Users/mytho/Documents/Bjourn/Content/ThirdPersonBP/Maps/ThirdPersonExampleMap.umap" TEMPLATE=0 SHOWPROGRESS=1 FEATURELEVEL=3
[2018.11.21-16.37.28:810][  0]LogEditorServer: Warning: Can't find file '../../../../../../Users/mytho/Documents/Bjourn/Content/ThirdPersonBP/Maps/ThirdPersonExampleMap.umap'
[2018.11.21-16.37.28:810][  0]Cmd: MAP CHECKDEP NOCLEARLOG
[2018.11.21-16.37.29:077][  0]MapCheck: Map check complete: 0 Error(s), 0 Warning(s), took 267.18ms to complete.
[2018.11.21-16.37.29:077][  0]LogFileHelpers: Loading map 'ThirdPersonExampleMap' took 0.307
[2018.11.21-16.37.37:216][  0]LogSlate: Updating window title bar state: overlay mode, drag disabled, window buttons hidden, title bar hidden
[2018.11.21-16.37.38:696][  0]LogCollectionManager: Loaded 0 collections in 0.010521 seconds
[2018.11.21-16.37.41:644][  0]LogFileCache: Scanning file cache for directory 'C:/Users/mytho/Documents/Bjourn/Saved/Collections/' took 0.01s
[2018.11.21-16.37.41:644][  0]LogFileCache: Scanning file cache for directory 'C:/Users/mytho/Documents/Bjourn/Content/Developers/mytho/Collections/' took 0.01s
[2018.11.21-16.37.41:644][  0]LogFileCache: Scanning file cache for directory 'C:/Users/mytho/Documents/Bjourn/Content/Collections/' took 0.01s
[2018.11.21-16.37.41:644][  0]LogCollectionManager: Rebuilt the GUID cache for 0 collections in 0.000000 seconds
[2018.11.21-16.37.42:176][  0]LogContentBrowser: Native class hierarchy populated in 0.3161 seconds. Added 2572 classes and 603 folders.
[2018.11.21-16.37.42:977][  0]LogContentBrowser: Native class hierarchy updated for 'WidgetCarousel' in 0.0009 seconds. Added 0 classes and 0 folders.
[2018.11.21-16.37.58:962][  0]LogContentBrowser: Native class hierarchy updated for 'AddContentDialog' in 0.0008 seconds. Added 0 classes and 0 folders.
[2018.11.21-16.37.59:776][  0]LogContentBrowser: Native class hierarchy updated for 'SceneOutliner' in 0.0008 seconds. Added 1 classes and 2 folders.
[2018.11.21-16.38.05:072][  0]LogSlate: Took 0.024820 seconds to synchronously load lazily loaded font '../../../Engine/Content/Slate/Fonts/Roboto-Regular.ttf' (155K)
[2018.11.21-16.38.05:250][  0]LogSlate: Took 0.037810 seconds to synchronously load lazily loaded font '../../../Engine/Content/Slate/Fonts/Roboto-Bold.ttf' (160K)
[2018.11.21-16.38.05:496][  0]LogSlate: Took 0.088210 seconds to synchronously load lazily loaded font '../../../Engine/Content/Editor/Slate/Fonts/FontAwesome.ttf' (139K)
[2018.11.21-16.38.07:577][  0]LogRenderer: Reallocating scene render targets to support 828x328 Format 10 NumSamples 1 (Frame:1).
[2018.11.21-16.38.12:816][  0]LogContentBrowser: Native class hierarchy updated for 'HierarchicalLODOutliner' in 0.0004 seconds. Added 0 classes and 0 folders.
[2018.11.21-16.38.12:816][  0]LogLoad: (Engine Initialization) Total time: 299.27 seconds
[2018.11.21-16.38.12:816][  0]LogLoad: (Engine Initialization) Total Blueprint compile time: 0.00 seconds
[2018.11.21-16.38.13:261][  0]LogContentStreaming: Texture pool size now 3000 MB
[2018.11.21-16.38.13:751][  0]LogSlate: Took 0.131951 seconds to synchronously load lazily loaded font '../../../Engine/Content/Slate/Fonts/Roboto-Light.ttf' (167K)
[2018.11.21-16.38.51:881][  2]LogSlate: Took 0.000683 seconds to synchronously load lazily loaded font '../../../Engine/Content/Slate/Fonts/Roboto-Light.ttf' (167K)
[2018.11.21-16.38.51:885][  2]LogSlate: FSceneViewport::OnFocusLost() reason 2
[2018.11.21-16.38.51:902][  2]LogAssetEditorManager: Opening Asset editor for WidgetBlueprint /Game/ThirdPersonBP/Blueprints/Story_Scroll/Pages/Switcher.Switcher
[2018.11.21-16.38.53:733][  2]LogContentBrowser: Native class hierarchy updated for 'BlueprintGraph' in 0.0031 seconds. Added 116 classes and 0 folders.
[2018.11.21-16.38.59:347][  2]LogSlate: Took 0.056659 seconds to synchronously load lazily loaded font '../../../Engine/Content/Slate/Fonts/Roboto-BoldCondensed.ttf' (158K)
[2018.11.21-16.39.00:214][ 17]LogAssetRegistry: Asset discovery search completed in 225.3632 seconds
[2018.11.21-16.39.00:217][ 17]LogCollectionManager: Rebuilt the object cache for 0 collections in 0.000000 seconds (found 0 objects)
[2018.11.21-16.39.00:217][ 17]LogCollectionManager: Fixed up redirectors for 0 collections in 0.000062 seconds (updated 0 objects)
[2018.11.21-16.43.58:300][666]LogMaterial: Display: Missing cached shader map for material tree_tree_trunk, compiling. 
[2018.11.21-16.43.58:314][666]LogMaterial: Warning: C:\Users\mytho\Documents\Bjourn\Content\Imports\Environment\Trees\Leafed\tree_tree_trunk.uasset: Failed to compile Material for platform PCD3D_SM5, Default Material will be used in game.
[2018.11.21-16.43.58:314][666]LogMaterial: 	(Node TextureSample) TextureSample> Sampler type is Normal, should be Color for /Game/Imports/Environment/Trees/Leafed/TexturesCom_BarkPine0012_1_M_bump.TexturesCom_BarkPine0012_1_M_bump
[2018.11.21-16.43.59:425][666]LogAIModule: Creating AISystem for world Starting_Area
[2018.11.21-16.44.00:527][666]LogAssetEditorManager: Opening Asset editor for World /Game/ThirdPersonBP/Maps/Starting_Area.Starting_Area
[2018.11.21-16.44.00:852][666]Cmd: MAP LOAD FILE="../../../../../../Users/mytho/Documents/Bjourn/Content/ThirdPersonBP/Maps/Starting_Area.umap" TEMPLATE=0 SHOWPROGRESS=1 FEATURELEVEL=3
[2018.11.21-16.44.00:854][666]LightingResults: New page: Lighting Build
[2018.11.21-16.44.00:875][666]LogContentBrowser: Native class hierarchy updated for 'StatsViewer' in 0.0004 seconds. Added 5 classes and 0 folders.
[2018.11.21-16.44.00:876][666]LoadErrors: New page: Loading map: Starting_Area.umap
[2018.11.21-16.44.00:892][666]MapCheck: New page: Map Check
[2018.11.21-16.44.00:892][666]LightingResults: New page: Lighting Build
[2018.11.21-16.44.13:664][666]LogEditorServer: Finished looking for orphan Actors (0.001 secs)
[2018.11.21-16.44.14:173][666]Cmd: MAP CHECKDEP NOCLEARLOG
[2018.11.21-16.44.14:640][666]MapCheck: Map check complete: 0 Error(s), 0 Warning(s), took 466.891ms to complete.
[2018.11.21-16.44.14:642][666]LogFileHelpers: Loading map 'Starting_Area' took 13.791
[2018.11.21-16.47.54:710][940]LogBlueprintUserMessages: Early PlayInEditor Detection: Level '/Game/ThirdPersonBP/Maps/Starting_Area.Starting_Area:PersistentLevel' has LevelScriptBlueprint '/Game/ThirdPersonBP/Maps/Starting_Area.Starting_Area:PersistentLevel.Starting_Area' with GeneratedClass '/Game/ThirdPersonBP/Maps/Starting_Area.Starting_Area_C' with ClassGeneratedBy '/Game/ThirdPersonBP/Maps/Starting_Area.Starting_Area:PersistentLevel.Starting_Area'
[2018.11.21-16.47.54:710][940]LogPlayLevel: PlayLevel: No blueprints needed recompiling
[2018.11.21-16.47.54:768][940]PIE: New page: PIE session: Starting_Area (Nov 21, 2018, 4:47:54 AM)
[2018.11.21-16.47.54:768][940]LogPlayLevel: Creating play world package: /Game/ThirdPersonBP/Maps/UEDPIE_0_Starting_Area
[2018.11.21-16.47.55:021][940]LogPlayLevel: PIE: StaticDuplicateObject took: (0.253372s)
[2018.11.21-16.47.55:023][940]LogAIModule: Creating AISystem for world Starting_Area
[2018.11.21-16.47.55:023][940]LogPlayLevel: PIE: World Init took: (0.001732s)
[2018.11.21-16.47.55:023][940]LogPlayLevel: PIE: Created PIE world by copying editor world from /Game/ThirdPersonBP/Maps/Starting_Area.Starting_Area to /Game/ThirdPersonBP/Maps/UEDPIE_0_Starting_Area.Starting_Area (0.255380s)
[2018.11.21-16.47.55:090][940]LogInit: XAudio2 using '332-B11-4 (NVIDIA High Definition Audio)' : 2 channels at 48 kHz using 16 bits per sample (channel mask 0x3)
[2018.11.21-16.47.55:102][940]LogInit: FAudioDevice initialized.
[2018.11.21-16.47.55:181][940]LogSlate: Updating window title bar state: overlay mode, drag disabled, window buttons hidden, title bar hidden
[2018.11.21-16.47.55:274][940]LogLoad: Game class is 'BjournGameState_C'
[2018.11.21-16.47.55:307][940]LogWorld: Bringing World /Game/ThirdPersonBP/Maps/UEDPIE_0_Starting_Area.Starting_Area up for play (max tick rate 0) at 2018.11.21-10.47.55
[2018.11.21-16.47.55:415][940]LogWorld: Bringing up level for play took: 0.140157
[2018.11.21-16.47.55:503][940]LogContentBrowser: Native class hierarchy updated for 'MovieSceneCapture' in 0.0004 seconds. Added 10 classes and 0 folders.
[2018.11.21-16.47.55:598][940]PIE: Play in editor start time for /Game/ThirdPersonBP/Maps/UEDPIE_0_Starting_Area 1.565
[2018.11.21-16.47.55:599][940]LogBlueprintUserMessages: Late PlayInEditor Detection: Level '/Game/ThirdPersonBP/Maps/Starting_Area.Starting_Area:PersistentLevel' has LevelScriptBlueprint '/Game/ThirdPersonBP/Maps/Starting_Area.Starting_Area:PersistentLevel.Starting_Area' with GeneratedClass '/Game/ThirdPersonBP/Maps/Starting_Area.Starting_Area_C' with ClassGeneratedBy '/Game/ThirdPersonBP/Maps/Starting_Area.Starting_Area:PersistentLevel.Starting_Area'
[2018.11.21-16.47.55:911][940]LogRenderer: Reallocating scene render targets to support 1292x756 Format 10 NumSamples 1 (Frame:1).
[2018.11.21-16.48.34:459][596]LogSlate: FSceneViewport::OnFocusLost() reason 0
[2018.11.21-16.49.36:342][254]LogSlate: FSceneViewport::OnFocusLost() reason 0
[2018.11.21-16.50.00:516][ 47]LogSlate: FSceneViewport::OnFocusLost() reason 0
[2018.11.21-16.50.01:359][110]LogBlueprintUserMessages: Early EndPlayMap Detection: Level '/Game/ThirdPersonBP/Maps/Starting_Area.Starting_Area:PersistentLevel' has LevelScriptBlueprint '/Game/ThirdPersonBP/Maps/Starting_Area.Starting_Area:PersistentLevel.Starting_Area' with GeneratedClass '/Game/ThirdPersonBP/Maps/Starting_Area.Starting_Area_C' with ClassGeneratedBy '/Game/ThirdPersonBP/Maps/Starting_Area.Starting_Area:PersistentLevel.Starting_Area'
[2018.11.21-16.50.01:388][110]LogSlate: Updating window title bar state: overlay mode, drag disabled, window buttons hidden, title bar hidden
[2018.11.21-16.50.01:446][110]LogSlate: Window 'Bjourn Game Preview Standalone (64-bit/PCD3D_SM5)' being destroyed
[2018.11.21-16.50.01:514][110]LogPlayLevel: Display: Shutting down PIE online subsystems
[2018.11.21-16.50.01:515][110]LogBlueprintUserMessages: Late EndPlayMap Detection: Level '/Game/ThirdPersonBP/Maps/Starting_Area.Starting_Area:PersistentLevel' has LevelScriptBlueprint '/Game/ThirdPersonBP/Maps/Starting_Area.Starting_Area:PersistentLevel.Starting_Area' with GeneratedClass '/Game/ThirdPersonBP/Maps/Starting_Area.Starting_Area_C' with ClassGeneratedBy '/Game/ThirdPersonBP/Maps/Starting_Area.Starting_Area:PersistentLevel.Starting_Area'
[2018.11.21-16.50.01:636][111]LogPlayLevel: Display: Destroying online subsystem :Context_3
[2018.11.21-16.50.25:991][835]LogSlate: FSceneViewport::OnFocusLost() reason 0
[2018.11.21-16.50.26:081][844]LogTemp: Repeating last play command: New Editor Window (PIE)
[2018.11.21-16.50.26:135][844]LogBlueprintUserMessages: Early PlayInEditor Detection: Level '/Game/ThirdPersonBP/Maps/Starting_Area.Starting_Area:PersistentLevel' has LevelScriptBlueprint '/Game/ThirdPersonBP/Maps/Starting_Area.Starting_Area:PersistentLevel.Starting_Area' with GeneratedClass '/Game/ThirdPersonBP/Maps/Starting_Area.Starting_Area_C' with ClassGeneratedBy '/Game/ThirdPersonBP/Maps/Starting_Area.Starting_Area:PersistentLevel.Starting_Area'
[2018.11.21-16.50.26:135][844]LogPlayLevel: PlayLevel: No blueprints needed recompiling
[2018.11.21-16.50.26:135][844]PIE: New page: PIE session: Starting_Area (Nov 21, 2018, 4:50:26 AM)
[2018.11.21-16.50.26:135][844]LogPlayLevel: Creating play world package: /Game/ThirdPersonBP/Maps/UEDPIE_0_Starting_Area
[2018.11.21-16.50.26:219][844]LogPlayLevel: PIE: StaticDuplicateObject took: (0.083532s)
[2018.11.21-16.50.26:220][844]LogAIModule: Creating AISystem for world Starting_Area
[2018.11.21-16.50.26:220][844]LogPlayLevel: PIE: World Init took: (0.001101s)
[2018.11.21-16.50.26:220][844]LogPlayLevel: PIE: Created PIE world by copying editor world from /Game/ThirdPersonBP/Maps/Starting_Area.Starting_Area to /Game/ThirdPersonBP/Maps/UEDPIE_0_Starting_Area.Starting_Area (0.084839s)
[2018.11.21-16.50.26:284][844]LogInit: XAudio2 using '332-B11-4 (NVIDIA High Definition Audio)' : 2 channels at 48 kHz using 16 bits per sample (channel mask 0x3)
[2018.11.21-16.50.26:296][844]LogInit: FAudioDevice initialized.
[2018.11.21-16.50.26:306][844]LogSlate: Updating window title bar state: overlay mode, drag disabled, window buttons hidden, title bar hidden
[2018.11.21-16.50.26:354][844]LogLoad: Game class is 'BjournGameState_C'
[2018.11.21-16.50.26:395][844]LogWorld: Bringing World /Game/ThirdPersonBP/Maps/UEDPIE_0_Starting_Area.Starting_Area up for play (max tick rate 0) at 2018.11.21-10.50.26
[2018.11.21-16.50.26:399][844]LogWorld: Bringing up level for play took: 0.043461
[2018.11.21-16.50.26:427][844]PIE: Play in editor start time for /Game/ThirdPersonBP/Maps/UEDPIE_0_Starting_Area 0.394
[2018.11.21-16.50.26:427][844]LogBlueprintUserMessages: Late PlayInEditor Detection: Level '/Game/ThirdPersonBP/Maps/Starting_Area.Starting_Area:PersistentLevel' has LevelScriptBlueprint '/Game/ThirdPersonBP/Maps/Starting_Area.Starting_Area:PersistentLevel.Starting_Area' with GeneratedClass '/Game/ThirdPersonBP/Maps/Starting_Area.Starting_Area_C' with ClassGeneratedBy '/Game/ThirdPersonBP/Maps/Starting_Area.Starting_Area:PersistentLevel.Starting_Area'
[2018.11.21-16.51.55:421][302]LogBlueprintUserMessages: Early EndPlayMap Detection: Level '/Game/ThirdPersonBP/Maps/Starting_Area.Starting_Area:PersistentLevel' has LevelScriptBlueprint '/Game/ThirdPersonBP/Maps/Starting_Area.Starting_Area:PersistentLevel.Starting_Area' with GeneratedClass '/Game/ThirdPersonBP/Maps/Starting_Area.Starting_Area_C' with ClassGeneratedBy '/Game/ThirdPersonBP/Maps/Starting_Area.Starting_Area:PersistentLevel.Starting_Area'
[2018.11.21-16.51.55:422][302]LogSlate: Updating window title bar state: overlay mode, drag disabled, window buttons hidden, title bar hidden
[2018.11.21-16.51.55:486][302]LogSlate: Window 'Bjourn Game Preview Standalone (64-bit/PCD3D_SM5)' being destroyed
[2018.11.21-16.51.55:535][302]LogPlayLevel: Display: Shutting down PIE online subsystems
[2018.11.21-16.51.55:536][302]LogBlueprintUserMessages: Late EndPlayMap Detection: Level '/Game/ThirdPersonBP/Maps/Starting_Area.Starting_Area:PersistentLevel' has LevelScriptBlueprint '/Game/ThirdPersonBP/Maps/Starting_Area.Starting_Area:PersistentLevel.Starting_Area' with GeneratedClass '/Game/ThirdPersonBP/Maps/Starting_Area.Starting_Area_C' with ClassGeneratedBy '/Game/ThirdPersonBP/Maps/Starting_Area.Starting_Area:PersistentLevel.Starting_Area'
[2018.11.21-16.51.55:660][303]LogPlayLevel: Display: Destroying online subsystem :Context_4
[2018.11.21-16.52.32:233][276]Cmd: SELECT NONE
[2018.11.21-16.59.25:045][581]LogSlate: FSceneViewport::OnFocusLost() reason 2
[2018.11.21-17.00.09:647][131]LogSlate: FSceneViewport::OnFocusLost() reason 2
[2018.11.21-17.00.12:984][320]LogSlate: FSceneViewport::OnFocusLost() reason 2
[2018.11.21-17.00.12:986][320]LogAssetEditorManager: Opening Asset editor for LevelScriptBlueprint /Game/ThirdPersonBP/Maps/Starting_Area.Starting_Area:PersistentLevel.Starting_Area
[2018.11.21-17.00.15:169][321]LogSlate: Took 0.017966 seconds to synchronously load lazily loaded font '../../../Engine/Content/Slate/Fonts/Roboto-Italic.ttf' (157K)
[2018.11.21-17.05.01:724][970]LogSlate: FSceneViewport::OnFocusLost() reason 0
[2018.11.21-17.08.10:504][407]LogAssetEditorManager: Opening Asset editor for UserDefinedStruct /Game/ThirdPersonBP/Blueprints/Structures/Villages.Villages
[2018.11.21-17.08.16:825][950]LogAssetEditorManager: Opening Asset editor for Blueprint /Game/ThirdPersonBP/Blueprints/BjournGameState.BjournGameState
[2018.11.21-18.27.49:813][ 13]LogSavePackage: Moving '../../../../../../Users/mytho/Documents/Bjourn/Saved/Starting_Area8FB2FA684E5E904CB0749F966D92AD23.tmp' to '../../../../../../Users/mytho/Documents/Bjourn/Content/ThirdPersonBP/Maps/Starting_Area.umap'
[2018.11.21-18.27.49:999][ 13]LogFileHelpers: Saving map 'Starting_Area' took 14.736
[2018.11.21-18.27.53:511][352]LogSlate: Window 'Bjourn - Unreal Editor' being destroyed
[2018.11.21-18.27.53:514][352]LogWindowsTextInputMethodSystem: Display: IME system now deactivated.
[2018.11.21-18.27.54:077][353]Cmd: QUIT_EDITOR
[2018.11.21-18.27.55:550][353]LogExit: Preparing to exit.
[2018.11.21-18.27.59:002][353]LogExit: Editor shut down
[2018.11.21-18.27.59:005][353]LogExit: Transaction tracking system shut down
