Log file open, 11/12/18 22:02:39
LogWindows: Failed to load 'aqProf.dll' (GetLastError=126)
LogWindows: File 'aqProf.dll' does not exist
LogWindows: Failed to load 'VSPerf140.dll' (GetLastError=126)
LogWindows: File 'VSPerf140.dll' does not exist
LogWindows: Failed to load 'VtuneApi.dll' (GetLastError=126)
LogWindows: File 'VtuneApi.dll' does not exist
LogWindows: Failed to load 'VtuneApi32e.dll' (GetLastError=126)
LogWindows: File 'VtuneApi32e.dll' does not exist
LogInit: Display: Running engine for game: Bjourn
LogPlatformFile: Not using cached read wrapper
LogTaskGraph: Started task graph with 5 named threads and 17 total threads with 3 sets of task threads.
LogStats: Stats thread started at 0.411580
LogD3D11RHI: Loaded GFSDK_Aftermath_Lib.x64.dll
LogICUInternationalization: Display: ICU TimeZone Detection - Raw Offset: -6:00, Platform Override: ''
LogPluginManager: Mounting plugin Paper2D
LogPluginManager: Mounting plugin AISupport
LogPluginManager: Mounting plugin LightPropagationVolume
LogPluginManager: Mounting plugin CLionSourceCodeAccess
LogPluginManager: Mounting plugin CodeLiteSourceCodeAccess
LogPluginManager: Mounting plugin GitSourceControl
LogPluginManager: Mounting plugin KDevelopSourceCodeAccess
LogPluginManager: Mounting plugin NullSourceCodeAccess
LogPluginManager: Mounting plugin PerforceSourceControl
LogPluginManager: Mounting plugin SubversionSourceControl
LogPluginManager: Mounting plugin UObjectPlugin
LogPluginManager: Mounting plugin VisualStudioCodeSourceCodeAccess
LogPluginManager: Mounting plugin VisualStudioSourceCodeAccess
LogPluginManager: Mounting plugin XCodeSourceCodeAccess
LogPluginManager: Mounting plugin AssetManagerEditor
LogPluginManager: Mounting plugin CryptoKeys
LogPluginManager: Mounting plugin DataValidation
LogPluginManager: Mounting plugin FacialAnimation
LogPluginManager: Mounting plugin GameplayTagsEditor
LogPluginManager: Mounting plugin MacGraphicsSwitching
LogPluginManager: Mounting plugin MeshEditor
LogPluginManager: Mounting plugin MobileLauncherProfileWizard
LogPluginManager: Mounting plugin PluginBrowser
LogPluginManager: Mounting plugin SpeedTreeImporter
LogPluginManager: Mounting plugin DatasmithContent
LogPluginManager: Mounting plugin AlembicImporter
LogPluginManager: Mounting plugin AppleImageUtils
LogPluginManager: Mounting plugin AppleVision
LogPluginManager: Mounting plugin BackChannel
LogPluginManager: Mounting plugin CharacterAI
LogPluginManager: Mounting plugin GeometryCache
LogPluginManager: Mounting plugin HTML5Networking
LogPluginManager: Mounting plugin ProxyLODPlugin
LogPluginManager: Mounting plugin MagicLeap
LogPluginManager: Mounting plugin MagicLeapEmulator
LogPluginManager: Mounting plugin MagicLeapMedia
LogPluginManager: Mounting plugin AndroidMedia
LogPluginManager: Mounting plugin AvfMedia
LogPluginManager: Mounting plugin ImgMedia
LogPluginManager: Mounting plugin LinearTimecode
LogPluginManager: Mounting plugin MediaCompositing
LogPluginManager: Mounting plugin MediaPlayerEditor
LogPluginManager: Mounting plugin WmfMedia
LogPluginManager: Mounting plugin TcpMessaging
LogPluginManager: Mounting plugin UdpMessaging
LogPluginManager: Mounting plugin ActorSequence
LogPluginManager: Mounting plugin LevelSequenceEditor
LogPluginManager: Mounting plugin MatineeToLevelSequence
LogPluginManager: Mounting plugin NetcodeUnitTest
LogPluginManager: Mounting plugin NUTUnrealEngine4
LogPluginManager: Mounting plugin OnlineSubsystemGooglePlay
LogPluginManager: Mounting plugin OnlineSubsystemIOS
LogPluginManager: Mounting plugin OnlineSubsystem
LogPluginManager: Mounting plugin OnlineSubsystemNull
LogPluginManager: Mounting plugin OnlineSubsystemUtils
LogPluginManager: Mounting plugin LauncherChunkInstaller
LogPluginManager: Mounting plugin AndroidDeviceProfileSelector
LogPluginManager: Mounting plugin AndroidMoviePlayer
LogPluginManager: Mounting plugin AndroidPermission
LogPluginManager: Mounting plugin AppleMoviePlayer
LogPluginManager: Mounting plugin ArchVisCharacter
LogPluginManager: Mounting plugin AudioCapture
LogPluginManager: Mounting plugin CableComponent
LogPluginManager: Mounting plugin CustomMeshComponent
LogPluginManager: Mounting plugin EditableMesh
LogPluginManager: Mounting plugin ExampleDeviceProfileSelector
LogPluginManager: Mounting plugin GoogleCloudMessaging
LogPluginManager: Mounting plugin ImmediatePhysics
LogPluginManager: Mounting plugin IOSDeviceProfileSelector
LogPluginManager: Mounting plugin LinuxDeviceProfileSelector
LogPluginManager: Mounting plugin LocationServicesBPLibrary
LogPluginManager: Mounting plugin MobilePatchingUtils
LogPluginManager: Mounting plugin OculusVR
LogPluginManager: Plugin shader directory ../../../Engine/Plugins/Runtime/Oculus/OculusVR/Shaders found
LogPluginManager: Mapping shader source directory ../../../Engine/Plugins/Runtime/Oculus/OculusVR/Shaders to virtual directory /Plugin/OculusVR
LogPluginManager: Mounting plugin PhysXVehicles
LogPluginManager: Mounting plugin ProceduralMeshComponent
LogPluginManager: Mounting plugin RuntimePhysXCooking
LogPluginManager: Mounting plugin SteamVR
LogPluginManager: Mounting plugin WindowsMoviePlayer
LogStreaming: Display: Took  0.180s to configure plugins.
LogInit: Using libcurl 7.55.1-DEV
LogInit:  - built for x86_64-pc-win32
LogInit:  - supports SSL with OpenSSL/1.0.2h
LogInit:  - supports HTTP deflate (compression) using libz 1.2.8
LogInit:  - other features:
LogInit:      CURL_VERSION_SSL
LogInit:      CURL_VERSION_LIBZ
LogInit:      CURL_VERSION_IPV6
LogInit:      CURL_VERSION_ASYNCHDNS
LogInit:      CURL_VERSION_LARGEFILE
LogInit:      CURL_VERSION_IDN
LogInit:  CurlRequestOptions (configurable via config and command line):
LogInit:  - bVerifyPeer = false  - Libcurl will NOT verify peer certificate
LogInit:  - bUseHttpProxy = false  - Libcurl will NOT use HTTP proxy
LogInit:  - bDontReuseConnections = false  - Libcurl will reuse connections
LogInit:  - CertBundlePath = nullptr  - Libcurl will use whatever was configured at build time.
LogInit:  - MaxHostConnections = 16  - Libcurl will limit the number of connections to a host
LogInit:  - LocalHostAddr = Default
LogInit:  - BufferSize = 65536
LogInit: WinSock: version 1.1 (2.2), MaxSocks=32767, MaxUdp=65467
LogInit: Build: ++UE4+Release-4.20-CL-4369336
LogInit: Engine Version: 4.20.3-4369336+++UE4+Release-4.20
LogInit: Compatible Engine Version: 4.20.0-4212847+++UE4+Release-4.20
LogInit: Net CL: 4212847
LogInit: OS: Windows 10 (), CPU: AMD FX(tm)-6120 Six-Core Processor             , GPU: NVIDIA GeForce GTX 660 Ti
LogInit: Compiled (64-bit): Sep 17 2018 12:26:19
LogInit: Compiled with Visual C++: 19.13.26129.00
LogInit: Build Configuration: Development
LogInit: Branch Name: ++UE4+Release-4.20
LogInit: Command Line:  /Game/ThirdPersonBP/Maps/Starting_Area -MovieSceneCaptureManifest="../../../../../../Users/mytho/Documents/Bjourn/Saved/MovieSceneCapture/Manifest.json" -game -NoLoadingScreen -ForceRes -Windowed -NOSCREENMESSAGES -NoTextureStreaming -ResX=1280 -ResY=720 -Windowed -messaging -SessionName="Movie Scene Capture"  -Multiprocess
LogInit: Base Directory: C:/Program Files/Epic Games/UE_4.20/Engine/Binaries/Win64/
LogInit: Installed Engine Build: 1
LogDevObjectVersion: Number of dev versions registered: 20
LogDevObjectVersion:   Dev-Blueprints (B0D832E4-1F89-4F0D-ACCF-7EB736FD4AA2): 10
LogDevObjectVersion:   Dev-Build (E1C64328-A22C-4D53-A36C-8E866417BD8C): 0
LogDevObjectVersion:   Dev-Core (375EC13C-06E4-48FB-B500-84F0262A717E): 2
LogDevObjectVersion:   Dev-Editor (E4B068ED-F494-42E9-A231-DA0B2E46BB41): 24
LogDevObjectVersion:   Dev-Framework (CFFC743F-43B0-4480-9391-14DF171D2073): 34
LogDevObjectVersion:   Dev-Mobile (B02B49B5-BB20-44E9-A304-32B752E40360): 2
LogDevObjectVersion:   Dev-Networking (A4E4105C-59A1-49B5-A7C5-40C4547EDFEE): 0
LogDevObjectVersion:   Dev-Online (39C831C9-5AE6-47DC-9A44-9C173E1C8E7C): 0
LogDevObjectVersion:   Dev-Physics (78F01B33-EBEA-4F98-B9B4-84EACCB95AA2): 0
LogDevObjectVersion:   Dev-Platform (6631380F-2D4D-43E0-8009-CF276956A95A): 0
LogDevObjectVersion:   Dev-Rendering (12F88B9F-8875-4AFC-A67C-D90C383ABD29): 26
LogDevObjectVersion:   Dev-Sequencer (7B5AE74C-D270-4C10-A958-57980B212A5A): 9
LogDevObjectVersion:   Dev-VR (D7296918-1DD6-4BDD-9DE2-64A83CC13884): 2
LogDevObjectVersion:   Dev-LoadTimes (C2A15278-BFE7-4AFE-6C17-90FF531DF755): 1
LogDevObjectVersion:   Private-Geometry (6EACA3D4-40EC-4CC1-B786-8BED09428FC5): 3
LogDevObjectVersion:   Dev-AnimPhys (29E575DD-E0A3-4627-9D10-D276232CDCEA): 17
LogDevObjectVersion:   Dev-ReflectionCapture (6B266CEC-1EC7-4B8F-A30B-E4D90942FC07): 1
LogDevObjectVersion:   Dev-Automation (0DF73D61-A23F-47EA-B727-89E90C41499A): 1
LogDevObjectVersion:   FortniteMain (601D1886-AC64-4F84-AA16-D3DE0DEAC7D6): 12
LogDevObjectVersion:   Dev-Enterprise (9DFFBCD6-494F-0158-E221-12823C92A888): 1
LogStreaming: Display: Took  0.007s to delete old logs.
LogInit: Presizing for max 8388607 objects, including 0 objects not considered by GC, pre-allocating 0 bytes for permanent pool.
LogInit: Object subsystem initialized
[2018.11.13-04.02.39:967][  0]LogInit: Selected Device Profile: [Windows]
[2018.11.13-04.02.39:967][  0]LogInit: Applying CVar settings loaded from the selected device profile: [Windows]
[2018.11.13-04.02.40:005][  0]LogHAL: Display: Platform has ~ 10 GB [10491457536 / 17179869184 / 10], which maps to Default [LargestMinGB=32, LargerMinGB=12, DefaultMinGB=8, SmallerMinGB=6, SmallestMinGB=0)
[2018.11.13-04.02.40:005][  0]LogInit: Setting Device Profile CVar: [[r.Vulkan.UseRealUBs:1]]
[2018.11.13-04.02.40:005][  0]LogInit: Going up to parent DeviceProfile []
[2018.11.13-04.02.40:006][  0]LogInit: Computer: DESKTOP-RPLIV76
[2018.11.13-04.02.40:006][  0]LogInit: User: mytho
[2018.11.13-04.02.40:006][  0]LogInit: CPU Page size=4096, Cores=3
[2018.11.13-04.02.40:006][  0]LogInit: High frequency timer resolution =3.409436 MHz
[2018.11.13-04.02.40:007][  0]LogMemory: Memory total: Physical=9.8GB (10GB approx)
[2018.11.13-04.02.40:007][  0]LogMemory: Platform Memory Stats for Windows
[2018.11.13-04.02.40:007][  0]LogMemory: Process Physical Memory: 101.49 MB used, 101.49 MB peak
[2018.11.13-04.02.40:007][  0]LogMemory: Process Virtual Memory: 95.11 MB used, 95.11 MB peak
[2018.11.13-04.02.40:007][  0]LogMemory: Physical Memory: 5567.69 MB used,  4437.75 MB free, 10005.43 MB total
[2018.11.13-04.02.40:007][  0]LogMemory: Virtual Memory: 4636.37 MB used,  4437.75 MB free, 134217728.00 MB total
[2018.11.13-04.02.40:043][  0]LogInit: Using OS detected language (en-US).
[2018.11.13-04.02.40:043][  0]LogInit: Using OS detected locale (en-US).
[2018.11.13-04.02.40:044][  0]LogTextLocalizationManager: No specific localization for 'en-US' exists, so the 'en' localization will be used.
[2018.11.13-04.02.40:834][  0]LogStreaming: Display: Took  0.791s to InitEngineTextLocalization.
[2018.11.13-04.02.40:974][  0]LogSlate: New Slate User Created.  User Index 0, Is Virtual User: 0
[2018.11.13-04.02.40:974][  0]LogSlate: Slate User Registered.  User Index 0, Is Virtual User: 0
[2018.11.13-04.02.40:987][  0]LogHMD: Failed to initialize OpenVR with code 110
[2018.11.13-04.02.40:987][  0]LogD3D11RHI: D3D11 adapters:
[2018.11.13-04.02.41:057][  0]LogD3D11RHI:    0. 'NVIDIA GeForce GTX 660 Ti' (Feature Level 11_0)
[2018.11.13-04.02.41:057][  0]LogD3D11RHI:       2015/0/5002 MB DedicatedVideo/DedicatedSystem/SharedSystem, Outputs:1, VendorId:0x10de
[2018.11.13-04.02.41:060][  0]LogD3D11RHI:    1. 'Microsoft Basic Render Driver' (Feature Level 11_0)
[2018.11.13-04.02.41:060][  0]LogD3D11RHI:       0/0/5002 MB DedicatedVideo/DedicatedSystem/SharedSystem, Outputs:0, VendorId:0x1414
[2018.11.13-04.02.41:060][  0]LogD3D11RHI: Chosen D3D11 Adapter: 0
[2018.11.13-04.02.41:072][  0]LogD3D11RHI: Creating new Direct3DDevice
[2018.11.13-04.02.41:073][  0]LogD3D11RHI:     GPU DeviceId: 0x1183 (for the marketing name, search the web for "GPU Device Id")
[2018.11.13-04.02.41:073][  0]LogWindows: EnumDisplayDevices:
[2018.11.13-04.02.41:073][  0]LogWindows:    0. 'NVIDIA GeForce GTX 660 Ti' (P:1 D:1)
[2018.11.13-04.02.41:073][  0]LogWindows:    1. 'NVIDIA GeForce GTX 660 Ti' (P:0 D:0)
[2018.11.13-04.02.41:074][  0]LogWindows:    2. 'NVIDIA GeForce GTX 660 Ti' (P:0 D:0)
[2018.11.13-04.02.41:074][  0]LogWindows:    3. 'NVIDIA GeForce GTX 660 Ti' (P:0 D:0)
[2018.11.13-04.02.41:074][  0]LogWindows: DebugString: FoundDriverCount:4 
[2018.11.13-04.02.41:074][  0]LogD3D11RHI:     Adapter Name: NVIDIA GeForce GTX 660 Ti
[2018.11.13-04.02.41:074][  0]LogD3D11RHI:   Driver Version: 388.13 (internal:23.21.13.8813, unified:388.13)
[2018.11.13-04.02.41:074][  0]LogD3D11RHI:      Driver Date: 10-27-2017
[2018.11.13-04.02.41:074][  0]LogRHI: Texture pool is 1410 MB (70% of 2015 MB)
[2018.11.13-04.02.41:123][  0]LogD3D11RHI: Async texture creation enabled
[2018.11.13-04.02.41:137][  0]LogD3D11RHI: GPU Timing Frequency: 1000.000000 (Debug: 2 1)
[2018.11.13-04.02.41:140][  0]LogShaderCompilers: Guid format shader working directory is -1 characters bigger than the processId version (../../../../../../Users/mytho/Documents/Bjourn/Intermediate/Shaders/WorkingDirectory/13304/).
[2018.11.13-04.02.41:141][  0]LogShaderCompilers: Cleaned the shader compiler working directory 'C:/Users/mytho/AppData/Local/Temp/UnrealShaderWorkingDir/096823D2427164D438C57DA174093556/'.
[2018.11.13-04.02.41:625][  0]LogTemp: Display: Loaded TP WindowsClientTargetPlatform
[2018.11.13-04.02.41:655][  0]LogTemp: Display: Loaded TP WindowsNoEditorTargetPlatform
[2018.11.13-04.02.41:686][  0]LogTemp: Display: Loaded TP WindowsServerTargetPlatform
[2018.11.13-04.02.41:715][  0]LogTemp: Display: Loaded TP WindowsTargetPlatform
[2018.11.13-04.02.41:715][  0]LogTargetPlatformManager: Display: Building Assets For Windows
[2018.11.13-04.02.41:848][  0]LogXGEController: Cannot use XGE Controller as Incredibuild is not installed on this machine.
[2018.11.13-04.02.41:848][  0]LogShaderCompilers: Cannot use XGE Shader Compiler as Incredibuild is not installed on this machine.
[2018.11.13-04.02.41:848][  0]LogShaderCompilers: Display: Using Local Shader Compiler.
[2018.11.13-04.02.43:395][  0]LogDerivedDataCache: Display: Max Cache Size: 512 MB
[2018.11.13-04.02.43:508][  0]LogDerivedDataCache: Loaded boot cache 0.11s 71MB C:/Users/mytho/AppData/Local/UnrealEngine/4.20/DerivedDataCache/Boot.ddc.
[2018.11.13-04.02.43:509][  0]LogDerivedDataCache: Display: Loaded Boot cache: C:/Users/mytho/AppData/Local/UnrealEngine/4.20/DerivedDataCache/Boot.ddc
[2018.11.13-04.02.43:509][  0]LogDerivedDataCache: FDerivedDataBackendGraph:  Pak pak cache file ../../../../../../Users/mytho/Documents/Bjourn/DerivedDataCache/DDC.ddp not found, will not use a pak cache.
[2018.11.13-04.02.43:509][  0]LogDerivedDataCache: Unable to find inner node Pak for hierarchical cache Hierarchy.
[2018.11.13-04.02.43:509][  0]LogDerivedDataCache: FDerivedDataBackendGraph:  CompressedPak pak cache file ../../../../../../Users/mytho/Documents/Bjourn/DerivedDataCache/Compressed.ddp not found, will not use a pak cache.
[2018.11.13-04.02.43:509][  0]LogDerivedDataCache: Unable to find inner node CompressedPak for hierarchical cache Hierarchy.
[2018.11.13-04.02.43:533][  0]LogDerivedDataCache: Display: Pak cache opened for reading ../../../Engine/DerivedDataCache/Compressed.ddp.
[2018.11.13-04.02.43:546][  0]LogDerivedDataCache: Using Local data cache path C:/Users/mytho/AppData/Local/UnrealEngine/Common/DerivedDataCache: Writable
[2018.11.13-04.02.43:546][  0]LogDerivedDataCache: Shared data cache path not found in *engine.ini, will not use an Shared cache.
[2018.11.13-04.02.43:546][  0]LogDerivedDataCache: Unable to find inner node Shared for hierarchical cache Hierarchy.
[2018.11.13-04.02.43:582][  0]LogMaterial: Verifying Global Shaders for PCD3D_SM5
[2018.11.13-04.02.43:584][  0]LogSlate: Using FreeType 2.6.0
[2018.11.13-04.02.43:619][  0]LogSlate: SlateFontServices - WITH_FREETYPE: 1, WITH_HARFBUZZ: 1
[2018.11.13-04.02.45:655][  0]LogInit: Using OS detected language (en-US).
[2018.11.13-04.02.45:655][  0]LogInit: Using OS detected locale (en-US).
[2018.11.13-04.02.45:655][  0]LogTextLocalizationManager: No localization for 'en-US' exists, so 'en' will be used for the language.
[2018.11.13-04.02.45:655][  0]LogTextLocalizationManager: No localization for 'en-US' exists, so 'en' will be used for the locale.
[2018.11.13-04.02.46:119][  0]LogStreaming: Display: Took  0.464s to InitGameTextLocalization.
[2018.11.13-04.02.46:135][  0]LogAssetRegistry: FAssetRegistry took 0.0095 seconds to start up
[2018.11.13-04.02.46:549][  0]LogPackageLocalizationCache: Processed 11 localized package path(s) for 1 prioritized culture(s) in 0.021431 seconds
[2018.11.13-04.02.46:767][  0]LogInit: Selected Device Profile: [Windows]
[2018.11.13-04.02.47:016][  0]LogSimplygon: Simplygon DLL not present - disabling.
[2018.11.13-04.02.47:022][  0]LogMeshReduction: Using SimplygonSwarm for distributed automatic mesh merging
[2018.11.13-04.02.47:023][  0]LogMeshReduction: Using ProxyLODMeshReduction for automatic mesh merging
[2018.11.13-04.02.47:023][  0]LogMeshReduction: Using QuadricMeshReduction for automatic static mesh reduction
[2018.11.13-04.02.47:023][  0]LogMeshReduction: No automatic skeletal mesh reduction module available
[2018.11.13-04.02.47:051][  0]LogNetVersion: Bjourn 1.0.0, NetCL: 4212847, EngineNetVer: 5, GameNetVer: 0 (Checksum: 2510388400)
[2018.11.13-04.02.48:124][  0]LogTcpMessaging: Initializing TcpMessaging bridge
[2018.11.13-04.02.48:138][  0]LogUdpMessaging: Initializing bridge on interface 0.0.0.0:0 to multicast group 230.0.0.1:6666.
[2018.11.13-04.02.48:250][  0]SourceControl: Source control is disabled
[2018.11.13-04.02.48:250][  0]SourceControl: Source control is disabled
[2018.11.13-04.02.48:251][  0]SourceControl: Source control is disabled
[2018.11.13-04.02.48:412][  0]LogAndroidPermission: UAndroidPermissionCallbackProxy::GetInstance
[2018.11.13-04.02.48:467][  0]LogOcInput: OculusInput pre-init called
[2018.11.13-04.02.48:481][  0]LogUObjectArray: 42168 objects as part of root set at end of initial load.
[2018.11.13-04.02.48:481][  0]LogUObjectAllocator: 7432352 out of 0 bytes used by permanent object pool.
[2018.11.13-04.02.48:481][  0]LogUObjectArray: CloseDisregardForGC: 0/0 objects in disregard for GC pool
[2018.11.13-04.02.48:644][  0]LogEngine: Initializing Engine...
[2018.11.13-04.02.48:645][  0]LogHMD: Failed to initialize OpenVR with code 110
[2018.11.13-04.02.48:659][  0]LogStats: UGameplayTagsManager::ConstructGameplayTagTree: ImportINI prefixes -  0.000 s
[2018.11.13-04.02.48:659][  0]LogStats: UGameplayTagsManager::ConstructGameplayTagTree: Construct from data asset -  0.000 s
[2018.11.13-04.02.48:659][  0]LogStats: UGameplayTagsManager::ConstructGameplayTagTree: ImportINI -  0.000 s
[2018.11.13-04.02.48:659][  0]LogStats: UGameplayTagsManager::ConstructGameplayTagTree: GameplayTagTreeChangedEvent.Broadcast -  0.000 s
[2018.11.13-04.02.48:919][  0]LogInit: Initializing FReadOnlyCVARCache
[2018.11.13-04.02.48:933][  0]LogInit: XAudio2 using '332-B11-4 (NVIDIA High Definition Audio)' : 2 channels at 48 kHz using 16 bits per sample (channel mask 0x3)
[2018.11.13-04.02.48:955][  0]LogInit: FAudioDevice initialized.
[2018.11.13-04.02.48:967][  0]LogNetVersion: Set ProjectVersion to 1.0.0.0. Version Checksum will be recalculated on next use.
[2018.11.13-04.02.48:979][  0]LogInit: Texture streaming: Disabled
[2018.11.13-04.02.49:182][  0]LogLinker: Can't find file '/Engine/Transient'
[2018.11.13-04.02.49:378][  0]LogEngine: GameWindow did not exist.  Was created
[2018.11.13-04.02.49:476][  0]LogSlate: Updating window title bar state: overlay mode, drag disabled, window buttons hidden, title bar hidden
[2018.11.13-04.02.49:528][  0]LogInit: Display: Game Engine Initialized.
[2018.11.13-04.02.49:529][  0]LogGameplayTags: Display: UGameplayTagsManager::DoneAddingNativeTags. DelegateIsBound: 0
[2018.11.13-04.02.49:529][  0]LogStats: UGameplayTagsManager::ConstructGameplayTagTree: ImportINI prefixes -  0.000 s
[2018.11.13-04.02.49:529][  0]LogStats: UGameplayTagsManager::ConstructGameplayTagTree: Construct from data asset -  0.000 s
[2018.11.13-04.02.49:529][  0]LogStats: UGameplayTagsManager::ConstructGameplayTagTree: ImportINI -  0.000 s
[2018.11.13-04.02.49:529][  0]LogStats: UGameplayTagsManager::ConstructGameplayTagTree: GameplayTagTreeChangedEvent.Broadcast -  0.000 s
[2018.11.13-04.02.49:564][  0]LogInit: Display: Starting Game.
[2018.11.13-04.02.49:564][  0]LogNet: Browse: /Game/ThirdPersonBP/Maps/Starting_Area?Name=Player
[2018.11.13-04.02.49:564][  0]LogLoad: LoadMap: /Game/ThirdPersonBP/Maps/Starting_Area?Name=Player
[2018.11.13-04.02.49:879][  0]LogLinker: Warning: Can't find file '/Game/ThirdPersonBP/Blueprints/Story_Scroll/UI_Pictures/nail1'
[2018.11.13-04.02.49:879][  0]LoadErrors: Failed to load /Game/ThirdPersonBP/Blueprints/Story_Scroll/UI_Pictures/nail1.nail1 Referenced by CharacterMesh0
[2018.11.13-04.02.49:880][  0]LogUObjectGlobals: Warning: Failed to load '/Game/ThirdPersonBP/Blueprints/Story_Scroll/UI_Pictures/nail1': Can't find file '/Game/ThirdPersonBP/Blueprints/Story_Scroll/UI_Pictures/nail1'
[2018.11.13-04.02.49:880][  0]LogLinker: Warning: Can't find file for asset '/Game/ThirdPersonBP/Blueprints/Story_Scroll/UI_Pictures/nail1' while loading NULL.
[2018.11.13-04.02.49:880][  0]LoadErrors: Failed to load /Game/ThirdPersonBP/Blueprints/Story_Scroll/UI_Pictures/nail1.nail1 Referenced by CharacterMesh0
[2018.11.13-04.02.49:880][  0]LogUObjectGlobals: Warning: Failed to load '/Game/ThirdPersonBP/Blueprints/Story_Scroll/UI_Pictures/nail1': Can't find file for asset '/Game/ThirdPersonBP/Blueprints/Story_Scroll/UI_Pictures/nail1' while loading NULL.
[2018.11.13-04.02.49:884][  0]LogLinker: Warning: Can't find file '/Game/ThirdPersonBP/Blueprints/Story_Scroll/UI_Pictures/vel6'
[2018.11.13-04.02.49:884][  0]LoadErrors: Failed to load /Game/ThirdPersonBP/Blueprints/Story_Scroll/UI_Pictures/vel6.vel6 Referenced by CharacterMesh0
[2018.11.13-04.02.49:884][  0]LogUObjectGlobals: Warning: Failed to load '/Game/ThirdPersonBP/Blueprints/Story_Scroll/UI_Pictures/vel6': Can't find file '/Game/ThirdPersonBP/Blueprints/Story_Scroll/UI_Pictures/vel6'
[2018.11.13-04.02.49:884][  0]LogLinker: Warning: Can't find file for asset '/Game/ThirdPersonBP/Blueprints/Story_Scroll/UI_Pictures/vel6' while loading NULL.
[2018.11.13-04.02.49:884][  0]LoadErrors: Failed to load /Game/ThirdPersonBP/Blueprints/Story_Scroll/UI_Pictures/vel6.vel6 Referenced by CharacterMesh0
[2018.11.13-04.02.49:884][  0]LogUObjectGlobals: Warning: Failed to load '/Game/ThirdPersonBP/Blueprints/Story_Scroll/UI_Pictures/vel6': Can't find file for asset '/Game/ThirdPersonBP/Blueprints/Story_Scroll/UI_Pictures/vel6' while loading NULL.
[2018.11.13-04.02.49:885][  0]LogLinker: Warning: Can't find file '/Game/ThirdPersonBP/Blueprints/Story_Scroll/UI_Pictures/vel6'
[2018.11.13-04.02.49:885][  0]LoadErrors: Failed to load /Game/ThirdPersonBP/Blueprints/Story_Scroll/UI_Pictures/vel6.vel6 Referenced by Image_205
[2018.11.13-04.02.49:885][  0]LogUObjectGlobals: Warning: Failed to load '/Game/ThirdPersonBP/Blueprints/Story_Scroll/UI_Pictures/vel6': Can't find file '/Game/ThirdPersonBP/Blueprints/Story_Scroll/UI_Pictures/vel6'
[2018.11.13-04.02.49:886][  0]LogLinker: Warning: Can't find file for asset '/Game/ThirdPersonBP/Blueprints/Story_Scroll/UI_Pictures/vel6' while loading NULL.
[2018.11.13-04.02.49:886][  0]LoadErrors: Failed to load /Game/ThirdPersonBP/Blueprints/Story_Scroll/UI_Pictures/vel6.vel6 Referenced by Image_205
[2018.11.13-04.02.49:886][  0]LogUObjectGlobals: Warning: Failed to load '/Game/ThirdPersonBP/Blueprints/Story_Scroll/UI_Pictures/vel6': Can't find file for asset '/Game/ThirdPersonBP/Blueprints/Story_Scroll/UI_Pictures/vel6' while loading NULL.
[2018.11.13-04.02.49:886][  0]LogLinker: Warning: Can't find file '/Game/ThirdPersonBP/Blueprints/Story_Scroll/UI_Pictures/nail1'
[2018.11.13-04.02.49:886][  0]LoadErrors: Failed to load /Game/ThirdPersonBP/Blueprints/Story_Scroll/UI_Pictures/nail1.nail1 Referenced by Image_236
[2018.11.13-04.02.49:886][  0]LogUObjectGlobals: Warning: Failed to load '/Game/ThirdPersonBP/Blueprints/Story_Scroll/UI_Pictures/nail1': Can't find file '/Game/ThirdPersonBP/Blueprints/Story_Scroll/UI_Pictures/nail1'
[2018.11.13-04.02.49:887][  0]LogLinker: Warning: Can't find file for asset '/Game/ThirdPersonBP/Blueprints/Story_Scroll/UI_Pictures/nail1' while loading NULL.
[2018.11.13-04.02.49:887][  0]LoadErrors: Failed to load /Game/ThirdPersonBP/Blueprints/Story_Scroll/UI_Pictures/nail1.nail1 Referenced by Image_236
[2018.11.13-04.02.49:887][  0]LogUObjectGlobals: Warning: Failed to load '/Game/ThirdPersonBP/Blueprints/Story_Scroll/UI_Pictures/nail1': Can't find file for asset '/Game/ThirdPersonBP/Blueprints/Story_Scroll/UI_Pictures/nail1' while loading NULL.
[2018.11.13-04.02.49:887][  0]LogLinker: Warning: Can't find file '/Game/ThirdPersonBP/Blueprints/Story_Scroll/UI_Pictures/nail1'
[2018.11.13-04.02.49:887][  0]LoadErrors: Failed to load /Game/ThirdPersonBP/Blueprints/Story_Scroll/UI_Pictures/nail1.nail1 Referenced by Image_237
[2018.11.13-04.02.49:887][  0]LogUObjectGlobals: Warning: Failed to load '/Game/ThirdPersonBP/Blueprints/Story_Scroll/UI_Pictures/nail1': Can't find file '/Game/ThirdPersonBP/Blueprints/Story_Scroll/UI_Pictures/nail1'
[2018.11.13-04.02.49:888][  0]LogLinker: Warning: Can't find file for asset '/Game/ThirdPersonBP/Blueprints/Story_Scroll/UI_Pictures/nail1' while loading NULL.
[2018.11.13-04.02.49:888][  0]LoadErrors: Failed to load /Game/ThirdPersonBP/Blueprints/Story_Scroll/UI_Pictures/nail1.nail1 Referenced by Image_237
[2018.11.13-04.02.49:888][  0]LogUObjectGlobals: Warning: Failed to load '/Game/ThirdPersonBP/Blueprints/Story_Scroll/UI_Pictures/nail1': Can't find file for asset '/Game/ThirdPersonBP/Blueprints/Story_Scroll/UI_Pictures/nail1' while loading NULL.
[2018.11.13-04.02.49:888][  0]LogLinker: Warning: Can't find file '/Game/ThirdPersonBP/Blueprints/Story_Scroll/UI_Pictures/nail1'
[2018.11.13-04.02.49:888][  0]LoadErrors: Failed to load /Game/ThirdPersonBP/Blueprints/Story_Scroll/UI_Pictures/nail1.nail1 Referenced by Image_238
[2018.11.13-04.02.49:888][  0]LogUObjectGlobals: Warning: Failed to load '/Game/ThirdPersonBP/Blueprints/Story_Scroll/UI_Pictures/nail1': Can't find file '/Game/ThirdPersonBP/Blueprints/Story_Scroll/UI_Pictures/nail1'
[2018.11.13-04.02.49:888][  0]LogLinker: Warning: Can't find file for asset '/Game/ThirdPersonBP/Blueprints/Story_Scroll/UI_Pictures/nail1' while loading NULL.
[2018.11.13-04.02.49:888][  0]LoadErrors: Failed to load /Game/ThirdPersonBP/Blueprints/Story_Scroll/UI_Pictures/nail1.nail1 Referenced by Image_238
[2018.11.13-04.02.49:888][  0]LogUObjectGlobals: Warning: Failed to load '/Game/ThirdPersonBP/Blueprints/Story_Scroll/UI_Pictures/nail1': Can't find file for asset '/Game/ThirdPersonBP/Blueprints/Story_Scroll/UI_Pictures/nail1' while loading NULL.
[2018.11.13-04.02.49:889][  0]LogLinker: Warning: Can't find file '/Game/ThirdPersonBP/Blueprints/Story_Scroll/UI_Pictures/nail1'
[2018.11.13-04.02.49:889][  0]LoadErrors: Failed to load /Game/ThirdPersonBP/Blueprints/Story_Scroll/UI_Pictures/nail1.nail1 Referenced by Image_239
[2018.11.13-04.02.49:889][  0]LogUObjectGlobals: Warning: Failed to load '/Game/ThirdPersonBP/Blueprints/Story_Scroll/UI_Pictures/nail1': Can't find file '/Game/ThirdPersonBP/Blueprints/Story_Scroll/UI_Pictures/nail1'
[2018.11.13-04.02.49:889][  0]LogLinker: Warning: Can't find file for asset '/Game/ThirdPersonBP/Blueprints/Story_Scroll/UI_Pictures/nail1' while loading NULL.
[2018.11.13-04.02.49:889][  0]LoadErrors: Failed to load /Game/ThirdPersonBP/Blueprints/Story_Scroll/UI_Pictures/nail1.nail1 Referenced by Image_239
[2018.11.13-04.02.49:889][  0]LogUObjectGlobals: Warning: Failed to load '/Game/ThirdPersonBP/Blueprints/Story_Scroll/UI_Pictures/nail1': Can't find file for asset '/Game/ThirdPersonBP/Blueprints/Story_Scroll/UI_Pictures/nail1' while loading NULL.
[2018.11.13-04.02.49:890][  0]LogLinker: Warning: Can't find file '/Game/ThirdPersonBP/Blueprints/Story_Scroll/UI_Pictures/nail1'
[2018.11.13-04.02.49:890][  0]LoadErrors: Failed to load /Game/ThirdPersonBP/Blueprints/Story_Scroll/UI_Pictures/nail1.nail1 Referenced by Image_240
[2018.11.13-04.02.49:890][  0]LogUObjectGlobals: Warning: Failed to load '/Game/ThirdPersonBP/Blueprints/Story_Scroll/UI_Pictures/nail1': Can't find file '/Game/ThirdPersonBP/Blueprints/Story_Scroll/UI_Pictures/nail1'
[2018.11.13-04.02.49:890][  0]LogLinker: Warning: Can't find file for asset '/Game/ThirdPersonBP/Blueprints/Story_Scroll/UI_Pictures/nail1' while loading NULL.
[2018.11.13-04.02.49:890][  0]LoadErrors: Failed to load /Game/ThirdPersonBP/Blueprints/Story_Scroll/UI_Pictures/nail1.nail1 Referenced by Image_240
[2018.11.13-04.02.49:890][  0]LogUObjectGlobals: Warning: Failed to load '/Game/ThirdPersonBP/Blueprints/Story_Scroll/UI_Pictures/nail1': Can't find file for asset '/Game/ThirdPersonBP/Blueprints/Story_Scroll/UI_Pictures/nail1' while loading NULL.
[2018.11.13-04.02.49:891][  0]LogLinker: Warning: Can't find file '/Game/ThirdPersonBP/Blueprints/Story_Scroll/UI_Pictures/nail1'
[2018.11.13-04.02.49:891][  0]LoadErrors: Failed to load /Game/ThirdPersonBP/Blueprints/Story_Scroll/UI_Pictures/nail1.nail1 Referenced by Image_241
[2018.11.13-04.02.49:891][  0]LogUObjectGlobals: Warning: Failed to load '/Game/ThirdPersonBP/Blueprints/Story_Scroll/UI_Pictures/nail1': Can't find file '/Game/ThirdPersonBP/Blueprints/Story_Scroll/UI_Pictures/nail1'
[2018.11.13-04.02.49:891][  0]LogLinker: Warning: Can't find file for asset '/Game/ThirdPersonBP/Blueprints/Story_Scroll/UI_Pictures/nail1' while loading NULL.
[2018.11.13-04.02.49:891][  0]LoadErrors: Failed to load /Game/ThirdPersonBP/Blueprints/Story_Scroll/UI_Pictures/nail1.nail1 Referenced by Image_241
[2018.11.13-04.02.49:891][  0]LogUObjectGlobals: Warning: Failed to load '/Game/ThirdPersonBP/Blueprints/Story_Scroll/UI_Pictures/nail1': Can't find file for asset '/Game/ThirdPersonBP/Blueprints/Story_Scroll/UI_Pictures/nail1' while loading NULL.
[2018.11.13-04.03.29:786][  0]LogMaterial: Display: Missing cached shader map for material tree_tree_trunk, compiling. 
[2018.11.13-04.03.29:787][  0]LogMaterial: Warning: C:\Users\mytho\Documents\Bjourn\Content\Imports\Environment\Trees\Leafed\tree_tree_trunk.uasset: Failed to compile Material for platform PCD3D_SM5, Default Material will be used in game.
[2018.11.13-04.03.29:787][  0]LogMaterial: 	(Node TextureSample) TextureSample> Sampler type is Normal, should be Color for /Game/Imports/Environment/Trees/Leafed/TexturesCom_BarkPine0012_1_M_bump.TexturesCom_BarkPine0012_1_M_bump
[2018.11.13-04.03.31:727][  0]LogAIModule: Creating AISystem for world Starting_Area
[2018.11.13-04.03.31:730][  0]LogLoad: Game class is 'BjournGameState_C'
[2018.11.13-04.03.31:904][  0]LogWorld: Bringing World /Game/ThirdPersonBP/Maps/Starting_Area.Starting_Area up for play (max tick rate 0) at 2018.11.12-22.03.31
[2018.11.13-04.03.31:918][  0]LogWorld: Bringing up level for play took: 0.185497
[2018.11.13-04.03.32:071][  0]LogLoad: Took 42.507798 seconds to LoadMap(/Game/ThirdPersonBP/Maps/Starting_Area)
[2018.11.13-04.03.32:123][  0]LogRenderer: Reallocating scene render targets to support 1280x720 Format 10 NumSamples 1 (Frame:1).
[2018.11.13-04.03.32:123][  0]LogLoad: (Engine Initialization) Total time: 59.03 seconds
[2018.11.13-04.03.32:123][  0]LogLoad: (Engine Initialization) Total Blueprint compile time: 0.00 seconds
[2018.11.13-04.03.32:550][  1]LogRenderer: Reallocating scene render targets to support 1280x720 Format 10 NumSamples 1 (Frame:3).
[2018.11.13-04.03.51:309][303]LogWindows: FPlatformMisc::RequestExit(0)
[2018.11.13-04.03.51:688][304]LogSlate: Window 'Bjourn (64-bit Development PCD3D_SM5) ' being destroyed
[2018.11.13-04.03.51:689][304]LogWindowsTextInputMethodSystem: Display: IME system now deactivated.
[2018.11.13-04.03.51:697][304]LogExit: Preparing to exit.
[2018.11.13-04.03.52:208][304]LogSlate: Updating window title bar state: overlay mode, drag disabled, window buttons hidden, title bar hidden
[2018.11.13-04.03.52:299][304]LogExit: Game engine shut down
[2018.11.13-04.03.52:893][304]LogExit: Object subsystem successfully closed.
[2018.11.13-04.03.52:911][304]LogShaderCompilers: Display: Shaders left to compile 0
[2018.11.13-04.03.52:914][304]LogD3D11RHI: Shutdown
[2018.11.13-04.03.52:914][304]LogD3D11RHI: CleanupD3DDevice
[2018.11.13-04.03.52:921][304]LogD3D11RHI: ~FD3D11DynamicRHI
[2018.11.13-04.03.52:947][304]LogModuleManager: Shutting down and abandoning module SequenceRecorderSections (376)
[2018.11.13-04.03.52:948][304]LogModuleManager: Shutting down and abandoning module SequenceRecorder (374)
[2018.11.13-04.03.52:948][304]LogModuleManager: Shutting down and abandoning module AutomationController (372)
[2018.11.13-04.03.52:948][304]LogModuleManager: Shutting down and abandoning module AutomationWorker (370)
[2018.11.13-04.03.52:948][304]LogModuleManager: Shutting down and abandoning module Voice (368)
[2018.11.13-04.03.52:948][304]LogModuleManager: Shutting down and abandoning module AIModule (366)
[2018.11.13-04.03.52:948][304]LogModuleManager: Shutting down and abandoning module GameplayDebugger (365)
[2018.11.13-04.03.52:948][304]LogModuleManager: Shutting down and abandoning module AITestSuite (363)
[2018.11.13-04.03.52:948][304]LogModuleManager: Shutting down and abandoning module NavigationSystem (361)
[2018.11.13-04.03.52:948][304]LogModuleManager: Shutting down and abandoning module WmfMediaFactory (358)
[2018.11.13-04.03.52:948][304]LogModuleManager: Shutting down and abandoning module OpenExrWrapper (356)
[2018.11.13-04.03.52:948][304]LogModuleManager: Shutting down and abandoning module ImgMediaFactory (354)
[2018.11.13-04.03.52:948][304]LogModuleManager: Shutting down and abandoning module AvfMediaFactory (352)
[2018.11.13-04.03.52:948][304]LogModuleManager: Shutting down and abandoning module MagicLeapCameraPreviewFactory (350)
[2018.11.13-04.03.52:948][304]LogModuleManager: Shutting down and abandoning module MagicLeapMediaFactory (348)
[2018.11.13-04.03.52:948][304]LogModuleManager: Shutting down and abandoning module CharacterAI (346)
[2018.11.13-04.03.52:948][304]LogModuleManager: Shutting down and abandoning module SessionServices (344)
[2018.11.13-04.03.52:948][304]LogModuleManager: Shutting down and abandoning module PIEPreviewDeviceProfileSelector (342)
[2018.11.13-04.03.52:948][304]LogModuleManager: Shutting down and abandoning module MovieSceneCapture (340)
[2018.11.13-04.03.52:948][304]LogModuleManager: Shutting down and abandoning module MovieSceneTracks (338)
[2018.11.13-04.03.52:948][304]LogModuleManager: Shutting down and abandoning module MovieScene (336)
[2018.11.13-04.03.52:948][304]LogModuleManager: Shutting down and abandoning module StreamingPauseRendering (334)
[2018.11.13-04.03.52:948][304]LogModuleManager: Shutting down and abandoning module PortalServices (332)
[2018.11.13-04.03.52:948][304]LogModuleManager: Shutting down and abandoning module PortalRpc (330)
[2018.11.13-04.03.52:948][304]LogModuleManager: Shutting down and abandoning module MessagingRpc (328)
[2018.11.13-04.03.52:948][304]LogModuleManager: Shutting down and abandoning module ProfilerService (326)
[2018.11.13-04.03.53:013][304]LogModuleManager: Shutting down and abandoning module TaskGraph (324)
[2018.11.13-04.03.53:013][304]LogModuleManager: Shutting down and abandoning module SteamVRController (322)
[2018.11.13-04.03.53:013][304]LogModuleManager: Shutting down and abandoning module ProceduralMeshComponent (320)
[2018.11.13-04.03.53:013][304]LogModuleManager: Shutting down and abandoning module OculusInput (318)
[2018.11.13-04.03.53:013][304]LogModuleManager: Shutting down and abandoning module MobilePatchingUtils (316)
[2018.11.13-04.03.53:013][304]LogModuleManager: Shutting down and abandoning module EditableMesh (314)
[2018.11.13-04.03.53:014][304]LogModuleManager: Shutting down and abandoning module CustomMeshComponent (312)
[2018.11.13-04.03.53:014][304]LogModuleManager: Shutting down and abandoning module CableComponent (310)
[2018.11.13-04.03.53:014][304]LogModuleManager: Shutting down and abandoning module AudioCapture (308)
[2018.11.13-04.03.53:014][304]LogModuleManager: Shutting down and abandoning module ArchVisCharacter (306)
[2018.11.13-04.03.53:014][304]LogModuleManager: Shutting down and abandoning module AndroidPermission (304)
[2018.11.13-04.03.53:014][304]LogModuleManager: Shutting down and abandoning module NUTUnrealEngine4 (302)
[2018.11.13-04.03.53:014][304]LogModuleManager: Shutting down and abandoning module NetcodeUnitTest (300)
[2018.11.13-04.03.53:014][304]LogModuleManager: Shutting down and abandoning module MediaCompositing (298)
[2018.11.13-04.03.53:014][304]LogModuleManager: Shutting down and abandoning module LinearTimecode (296)
[2018.11.13-04.03.53:014][304]LogModuleManager: Shutting down and abandoning module ImgMedia (294)
[2018.11.13-04.03.53:017][304]LogModuleManager: Shutting down and abandoning module HTML5Networking (292)
[2018.11.13-04.03.53:017][304]LogModuleManager: Shutting down and abandoning module GeometryCacheTracks (290)
[2018.11.13-04.03.53:017][304]LogModuleManager: Shutting down and abandoning module GeometryCacheSequencer (289)
[2018.11.13-04.03.53:017][304]LogModuleManager: Shutting down and abandoning module GeometryCache (286)
[2018.11.13-04.03.53:017][304]LogModuleManager: Shutting down and abandoning module GeometryCacheEd (285)
[2018.11.13-04.03.53:017][304]LogModuleManager: Shutting down and abandoning module BackChannel (282)
[2018.11.13-04.03.53:017][304]LogModuleManager: Shutting down and abandoning module AppleVision (280)
[2018.11.13-04.03.53:017][304]LogModuleManager: Shutting down and abandoning module AppleImageUtils (278)
[2018.11.13-04.03.53:018][304]LogModuleManager: Shutting down and abandoning module DatasmithContent (276)
[2018.11.13-04.03.53:018][304]LogModuleManager: Shutting down and abandoning module CryptoKeysOpenSSL (274)
[2018.11.13-04.03.53:018][304]LogModuleManager: Shutting down and abandoning module CryptoKeys (272)
[2018.11.13-04.03.53:018][304]LogModuleManager: Shutting down and abandoning module VisualStudioSourceCodeAccess (270)
[2018.11.13-04.03.53:018][304]LogModuleManager: Shutting down and abandoning module HotReload (269)
[2018.11.13-04.03.53:018][304]LogModuleManager: Shutting down and abandoning module DirectoryWatcher (268)
[2018.11.13-04.03.53:019][304]LogModuleManager: Shutting down and abandoning module VisualStudioCodeSourceCodeAccess (264)
[2018.11.13-04.03.53:019][304]LogModuleManager: Shutting down and abandoning module UObjectPlugin (262)
[2018.11.13-04.03.53:019][304]LogModuleManager: Shutting down and abandoning module SubversionSourceControl (260)
[2018.11.13-04.03.53:019][304]LogModuleManager: Shutting down and abandoning module PerforceSourceControl (258)
[2018.11.13-04.03.53:019][304]LogModuleManager: Shutting down and abandoning module SourceControl (257)
[2018.11.13-04.03.53:019][304]LogModuleManager: Shutting down and abandoning module CLionSourceCodeAccess (254)
[2018.11.13-04.03.53:019][304]LogModuleManager: Shutting down and abandoning module RuntimePhysXCooking (252)
[2018.11.13-04.03.53:019][304]LogModuleManager: Shutting down and abandoning module PhysXVehiclesEditor (250)
[2018.11.13-04.03.53:019][304]LogModuleManager: Shutting down and abandoning module PhysXVehicles (248)
[2018.11.13-04.03.53:019][304]LogModuleManager: Shutting down and abandoning module LocationServicesBPLibrary (246)
[2018.11.13-04.03.53:019][304]LogModuleManager: Shutting down and abandoning module ImmediatePhysicsEditor (244)
[2018.11.13-04.03.53:019][304]LogModuleManager: Shutting down and abandoning module ImmediatePhysics (242)
[2018.11.13-04.03.53:019][304]LogModuleManager: Shutting down and abandoning module ActorSequence (240)
[2018.11.13-04.03.53:019][304]LogModuleManager: Shutting down and abandoning module UdpMessaging (238)
[2018.11.13-04.03.53:120][304]LogModuleManager: Shutting down and abandoning module TcpMessaging (236)
[2018.11.13-04.03.53:221][304]LogModuleManager: Shutting down and abandoning module MagicLeapAudio (234)
[2018.11.13-04.03.53:221][304]LogModuleManager: Shutting down and abandoning module GameplayTagsEditor (232)
[2018.11.13-04.03.53:221][304]LogModuleManager: Shutting down and abandoning module FacialAnimation (230)
[2018.11.13-04.03.53:221][304]LogModuleManager: Shutting down and abandoning module DataValidation (228)
[2018.11.13-04.03.53:221][304]LogModuleManager: Shutting down and abandoning module AssetManagerEditor (226)
[2018.11.13-04.03.53:221][304]LogModuleManager: Shutting down and abandoning module TreeMap (225)
[2018.11.13-04.03.53:221][304]LogModuleManager: Shutting down and abandoning module LightPropagationVolumeRuntime (222)
[2018.11.13-04.03.53:221][304]LogModuleManager: Shutting down and abandoning module AISupportModule (220)
[2018.11.13-04.03.53:221][304]LogModuleManager: Shutting down and abandoning module Paper2D (218)
[2018.11.13-04.03.53:221][304]LogModuleManager: Shutting down and abandoning module WindowsMoviePlayer (216)
[2018.11.13-04.03.53:221][304]LogModuleManager: Shutting down and abandoning module WmfMedia (214)
[2018.11.13-04.03.53:223][304]LogModuleManager: Shutting down and abandoning module Media (213)
[2018.11.13-04.03.53:229][304]LogModuleManager: Shutting down and abandoning module PacketHandler (210)
[2018.11.13-04.03.53:229][304]LogModuleManager: Shutting down and abandoning module ClothingSystemEditor (208)
[2018.11.13-04.03.53:229][304]LogModuleManager: Shutting down and abandoning module ClothingSystemRuntime (206)
[2018.11.13-04.03.53:229][304]LogModuleManager: Shutting down and abandoning module MediaAssets (204)
[2018.11.13-04.03.53:229][304]LogModuleManager: Shutting down and abandoning module Overlay (202)
[2018.11.13-04.03.53:229][304]LogModuleManager: Shutting down and abandoning module OverlayEditor (201)
[2018.11.13-04.03.53:229][304]LogModuleManager: Shutting down and abandoning module VREditor (198)
[2018.11.13-04.03.53:229][304]LogModuleManager: Shutting down and abandoning module StringTableEditor (196)
[2018.11.13-04.03.53:229][304]LogModuleManager: Shutting down and abandoning module GameplayTasksEditor (194)
[2018.11.13-04.03.53:230][304]LogModuleManager: Shutting down and abandoning module BehaviorTreeEditor (192)
[2018.11.13-04.03.53:230][304]LogModuleManager: Shutting down and abandoning module FunctionalTesting (190)
[2018.11.13-04.03.53:230][304]LogModuleManager: Shutting down and abandoning module CollisionAnalyzer (188)
[2018.11.13-04.03.53:230][304]LogModuleManager: Shutting down and abandoning module WorkspaceMenuStructure (187)
[2018.11.13-04.03.53:230][304]LogModuleManager: Shutting down and abandoning module UMG (184)
[2018.11.13-04.03.53:230][304]LogModuleManager: Shutting down and abandoning module UMGEditor (183)
[2018.11.13-04.03.53:230][304]LogModuleManager: Shutting down and abandoning module Sequencer (182)
[2018.11.13-04.03.53:230][304]LogModuleManager: Shutting down and abandoning module MessageLog (179)
[2018.11.13-04.03.53:230][304]LogModuleManager: Shutting down and abandoning module SlateReflector (174)
[2018.11.13-04.03.53:230][304]LogModuleManager: Shutting down and abandoning module Slate (172)
[2018.11.13-04.03.53:230][304]LogModuleManager: Shutting down and abandoning module EditorStyle (170)
[2018.11.13-04.03.53:232][304]LogModuleManager: Shutting down and abandoning module MRMesh (168)
[2018.11.13-04.03.53:232][304]LogModuleManager: Shutting down and abandoning module Messaging (166)
[2018.11.13-04.03.53:232][304]LogModuleManager: Shutting down and abandoning module SourceCodeAccess (164)
[2018.11.13-04.03.53:232][304]LogModuleManager: Shutting down and abandoning module HeadMountedDisplay (162)
[2018.11.13-04.03.53:233][304]LogModuleManager: Shutting down and abandoning module XAudio2 (160)
[2018.11.13-04.03.53:233][304]LogModuleManager: Shutting down and abandoning module Networking (158)
[2018.11.13-04.03.53:233][304]LogModuleManager: Shutting down and abandoning module Core (156)
[2018.11.13-04.03.53:233][304]LogModuleManager: Shutting down and abandoning module LevelSequence (154)
[2018.11.13-04.03.53:233][304]LogModuleManager: Shutting down and abandoning module KismetCompiler (152)
[2018.11.13-04.03.53:233][304]LogModuleManager: Shutting down and abandoning module MeshUtilities (150)
[2018.11.13-04.03.53:233][304]LogModuleManager: Shutting down and abandoning module MeshMergeUtilities (149)
[2018.11.13-04.03.53:233][304]LogModuleManager: Shutting down and abandoning module MeshReductionInterface (148)
[2018.11.13-04.03.53:233][304]LogModuleManager: Shutting down and abandoning module SimplygonSwarm (147)
[2018.11.13-04.03.53:233][304]LogModuleManager: Shutting down and abandoning module ProxyLODMeshReduction (145)
[2018.11.13-04.03.53:233][304]LogModuleManager: Shutting down and abandoning module SimplygonMeshReduction (143)
[2018.11.13-04.03.53:233][304]LogModuleManager: Shutting down and abandoning module QuadricMeshReduction (141)
[2018.11.13-04.03.53:233][304]LogModuleManager: Shutting down and abandoning module MaterialBaking (137)
[2018.11.13-04.03.53:233][304]LogModuleManager: Shutting down and abandoning module DerivedDataCache (132)
[2018.11.13-04.03.53:673][304]LogDerivedDataCache: Shutdown
[2018.11.13-04.03.53:673][304]LogModuleManager: Shutting down and abandoning module XGEController (130)
[2018.11.13-04.03.53:673][304]LogModuleManager: Shutting down and abandoning module TargetPlatform (128)
[2018.11.13-04.03.53:673][304]LogModuleManager: Shutting down and abandoning module VulkanShaderFormat (127)
[2018.11.13-04.03.53:673][304]LogModuleManager: Shutting down and abandoning module ShaderFormatVectorVM (125)
[2018.11.13-04.03.53:673][304]LogModuleManager: Shutting down and abandoning module ShaderFormatOpenGL (123)
[2018.11.13-04.03.53:673][304]LogModuleManager: Shutting down and abandoning module ShaderFormatD3D (121)
[2018.11.13-04.03.53:673][304]LogModuleManager: Shutting down and abandoning module MetalShaderFormat (119)
[2018.11.13-04.03.53:673][304]LogModuleManager: Shutting down and abandoning module TextureFormatUncompressed (117)
[2018.11.13-04.03.53:673][304]LogModuleManager: Shutting down and abandoning module TextureFormatPVR (115)
[2018.11.13-04.03.53:673][304]LogModuleManager: Shutting down and abandoning module TextureFormatDXT (113)
[2018.11.13-04.03.53:673][304]LogModuleManager: Shutting down and abandoning module TextureFormatIntelISPCTexComp (111)
[2018.11.13-04.03.53:673][304]LogModuleManager: Shutting down and abandoning module TextureFormatASTC (109)
[2018.11.13-04.03.53:673][304]LogModuleManager: Shutting down and abandoning module ImageWrapper (108)
[2018.11.13-04.03.53:673][304]LogModuleManager: Shutting down and abandoning module TextureFormatAndroid (105)
[2018.11.13-04.03.53:674][304]LogModuleManager: Shutting down and abandoning module AudioFormatOpus (103)
[2018.11.13-04.03.53:674][304]LogModuleManager: Shutting down and abandoning module AudioFormatOgg (101)
[2018.11.13-04.03.53:674][304]LogModuleManager: Shutting down and abandoning module AudioFormatADPCM (99)
[2018.11.13-04.03.53:674][304]LogModuleManager: Shutting down and abandoning module WindowsTargetPlatform (97)
[2018.11.13-04.03.53:674][304]LogModuleManager: Shutting down and abandoning module WindowsServerTargetPlatform (95)
[2018.11.13-04.03.53:674][304]LogModuleManager: Shutting down and abandoning module WindowsNoEditorTargetPlatform (93)
[2018.11.13-04.03.53:674][304]LogModuleManager: Shutting down and abandoning module WindowsClientTargetPlatform (91)
[2018.11.13-04.03.53:674][304]LogModuleManager: Shutting down and abandoning module InputCore (88)
[2018.11.13-04.03.53:674][304]LogModuleManager: Shutting down and abandoning module Settings (86)
[2018.11.13-04.03.53:674][304]LogModuleManager: Shutting down and abandoning module PhysXCooking (84)
[2018.11.13-04.03.53:674][304]LogModuleManager: Shutting down and abandoning module SteamVR (82)
[2018.11.13-04.03.53:674][304]LogModuleManager: Shutting down and abandoning module OculusHMD (80)
[2018.11.13-04.03.53:674][304]LogModuleManager: Shutting down and abandoning module ExampleDeviceProfileSelector (78)
[2018.11.13-04.03.53:674][304]LogModuleManager: Shutting down and abandoning module LauncherChunkInstaller (76)
[2018.11.13-04.03.53:674][304]LogModuleManager: Shutting down and abandoning module OnlineBlueprintSupport (74)
[2018.11.13-04.03.53:674][304]LogModuleManager: Shutting down and abandoning module OnlineSubsystem (70)
[2018.11.13-04.03.53:675][304]LogModuleManager: Shutting down and abandoning module XMPP (65)
[2018.11.13-04.03.53:675][304]LogModuleManager: Shutting down and abandoning module WebSockets (64)
[2018.11.13-04.03.53:692][304]LogModuleManager: Shutting down and abandoning module HTTP (61)
[2018.11.13-04.03.53:703][304]LogModuleManager: Shutting down and abandoning module SSL (60)
[2018.11.13-04.03.53:705][304]LogModuleManager: Shutting down and abandoning module MagicLeapEmulator (56)
[2018.11.13-04.03.53:705][304]LogModuleManager: Shutting down and abandoning module MagicLeapPrivileges (54)
[2018.11.13-04.03.53:705][304]LogModuleManager: Shutting down and abandoning module MagicLeapIdentity (52)
[2018.11.13-04.03.53:705][304]LogModuleManager: Shutting down and abandoning module MagicLeapHelperVulkan (50)
[2018.11.13-04.03.53:705][304]LogModuleManager: Shutting down and abandoning module MagicLeapHelperOpenGL (48)
[2018.11.13-04.03.53:705][304]LogModuleManager: Shutting down and abandoning module MagicLeapSecureStorage (46)
[2018.11.13-04.03.53:705][304]LogModuleManager: Shutting down and abandoning module MagicLeapGestures (44)
[2018.11.13-04.03.53:705][304]LogModuleManager: Shutting down and abandoning module MagicLeapEyeTracker (42)
[2018.11.13-04.03.53:705][304]LogModuleManager: Shutting down and abandoning module MagicLeapController (40)
[2018.11.13-04.03.53:705][304]LogSlate: Slate User Destroyed.  User Index 0, Is Virtual User: 0
[2018.11.13-04.03.53:705][304]LogModuleManager: Shutting down and abandoning module MagicLeap (38)
[2018.11.13-04.03.53:706][304]LogModuleManager: Shutting down and abandoning module AnimationModifiers (36)
[2018.11.13-04.03.53:706][304]LogModuleManager: Shutting down and abandoning module PropertyEditor (35)
[2018.11.13-04.03.53:706][304]LogModuleManager: Shutting down and abandoning module AudioEditor (32)
[2018.11.13-04.03.53:706][304]LogModuleManager: Shutting down and abandoning module TextureCompressor (30)
[2018.11.13-04.03.53:706][304]LogModuleManager: Shutting down and abandoning module ShaderCore (28)
[2018.11.13-04.03.53:706][304]LogModuleManager: Shutting down and abandoning module Landscape (26)
[2018.11.13-04.03.53:706][304]LogModuleManager: Shutting down and abandoning module SlateRHIRenderer (24)
[2018.11.13-04.03.53:706][304]LogModuleManager: Shutting down and abandoning module OpenGLDrv (22)
[2018.11.13-04.03.53:706][304]LogModuleManager: Shutting down and abandoning module D3D11RHI (20)
[2018.11.13-04.03.53:706][304]LogModuleManager: Shutting down and abandoning module AnimGraphRuntime (18)
[2018.11.13-04.03.53:706][304]LogModuleManager: Shutting down and abandoning module Renderer (16)
[2018.11.13-04.03.53:706][304]LogModuleManager: Shutting down and abandoning module Engine (14)
[2018.11.13-04.03.53:706][304]LogModuleManager: Shutting down and abandoning module CoreUObject (12)
[2018.11.13-04.03.53:706][304]LogModuleManager: Shutting down and abandoning module NetworkFile (10)
[2018.11.13-04.03.53:706][304]LogModuleManager: Shutting down and abandoning module CookedIterativeFile (8)
[2018.11.13-04.03.53:706][304]LogModuleManager: Shutting down and abandoning module StreamingFile (6)
[2018.11.13-04.03.53:707][304]LogModuleManager: Shutting down and abandoning module SandboxFile (4)
[2018.11.13-04.03.53:707][304]LogModuleManager: Shutting down and abandoning module PakFile (2)
[2018.11.13-04.03.53:713][304]LogExit: Exiting.
[2018.11.13-04.03.53:723][304]Log file closed, 11/12/18 22:03:53
