Log file open, 11/12/18 23:32:15
LogWindows: Failed to load 'aqProf.dll' (GetLastError=126)
LogWindows: File 'aqProf.dll' does not exist
LogWindows: Failed to load 'VSPerf140.dll' (GetLastError=126)
LogWindows: File 'VSPerf140.dll' does not exist
LogWindows: Failed to load 'VtuneApi.dll' (GetLastError=126)
LogWindows: File 'VtuneApi.dll' does not exist
LogWindows: Failed to load 'VtuneApi32e.dll' (GetLastError=126)
LogWindows: File 'VtuneApi32e.dll' does not exist
LogInit: Display: Running engine for game: Bjourn
LogPlatformFile: Not using cached read wrapper
LogTaskGraph: Started task graph with 5 named threads and 17 total threads with 3 sets of task threads.
LogStats: Stats thread started at 0.493028
LogD3D11RHI: Loaded GFSDK_Aftermath_Lib.x64.dll
LogICUInternationalization: Display: ICU TimeZone Detection - Raw Offset: -6:00, Platform Override: ''
LogPluginManager: Mounting plugin Paper2D
LogPluginManager: Mounting plugin AISupport
LogPluginManager: Mounting plugin LightPropagationVolume
LogPluginManager: Mounting plugin CLionSourceCodeAccess
LogPluginManager: Mounting plugin CodeLiteSourceCodeAccess
LogPluginManager: Mounting plugin GitSourceControl
LogPluginManager: Mounting plugin KDevelopSourceCodeAccess
LogPluginManager: Mounting plugin NullSourceCodeAccess
LogPluginManager: Mounting plugin PerforceSourceControl
LogPluginManager: Mounting plugin SubversionSourceControl
LogPluginManager: Mounting plugin UObjectPlugin
LogPluginManager: Mounting plugin VisualStudioCodeSourceCodeAccess
LogPluginManager: Mounting plugin VisualStudioSourceCodeAccess
LogPluginManager: Mounting plugin XCodeSourceCodeAccess
LogPluginManager: Mounting plugin AssetManagerEditor
LogPluginManager: Mounting plugin CryptoKeys
LogPluginManager: Mounting plugin DataValidation
LogPluginManager: Mounting plugin FacialAnimation
LogPluginManager: Mounting plugin GameplayTagsEditor
LogPluginManager: Mounting plugin MacGraphicsSwitching
LogPluginManager: Mounting plugin MeshEditor
LogPluginManager: Mounting plugin MobileLauncherProfileWizard
LogPluginManager: Mounting plugin PluginBrowser
LogPluginManager: Mounting plugin SpeedTreeImporter
LogPluginManager: Mounting plugin DatasmithContent
LogPluginManager: Mounting plugin AlembicImporter
LogPluginManager: Mounting plugin AppleImageUtils
LogPluginManager: Mounting plugin AppleVision
LogPluginManager: Mounting plugin BackChannel
LogPluginManager: Mounting plugin CharacterAI
LogPluginManager: Mounting plugin GeometryCache
LogPluginManager: Mounting plugin HTML5Networking
LogPluginManager: Mounting plugin ProxyLODPlugin
LogPluginManager: Mounting plugin MagicLeap
LogPluginManager: Mounting plugin MagicLeapEmulator
LogPluginManager: Mounting plugin MagicLeapMedia
LogPluginManager: Mounting plugin AndroidMedia
LogPluginManager: Mounting plugin AvfMedia
LogPluginManager: Mounting plugin ImgMedia
LogPluginManager: Mounting plugin LinearTimecode
LogPluginManager: Mounting plugin MediaCompositing
LogPluginManager: Mounting plugin MediaPlayerEditor
LogPluginManager: Mounting plugin WmfMedia
LogPluginManager: Mounting plugin TcpMessaging
LogPluginManager: Mounting plugin UdpMessaging
LogPluginManager: Mounting plugin ActorSequence
LogPluginManager: Mounting plugin LevelSequenceEditor
LogPluginManager: Mounting plugin MatineeToLevelSequence
LogPluginManager: Mounting plugin NetcodeUnitTest
LogPluginManager: Mounting plugin NUTUnrealEngine4
LogPluginManager: Mounting plugin OnlineSubsystemGooglePlay
LogPluginManager: Mounting plugin OnlineSubsystemIOS
LogPluginManager: Mounting plugin OnlineSubsystem
LogPluginManager: Mounting plugin OnlineSubsystemNull
LogPluginManager: Mounting plugin OnlineSubsystemUtils
LogPluginManager: Mounting plugin LauncherChunkInstaller
LogPluginManager: Mounting plugin AndroidDeviceProfileSelector
LogPluginManager: Mounting plugin AndroidMoviePlayer
LogPluginManager: Mounting plugin AndroidPermission
LogPluginManager: Mounting plugin AppleMoviePlayer
LogPluginManager: Mounting plugin ArchVisCharacter
LogPluginManager: Mounting plugin AudioCapture
LogPluginManager: Mounting plugin CableComponent
LogPluginManager: Mounting plugin CustomMeshComponent
LogPluginManager: Mounting plugin EditableMesh
LogPluginManager: Mounting plugin ExampleDeviceProfileSelector
LogPluginManager: Mounting plugin GoogleCloudMessaging
LogPluginManager: Mounting plugin ImmediatePhysics
LogPluginManager: Mounting plugin IOSDeviceProfileSelector
LogPluginManager: Mounting plugin LinuxDeviceProfileSelector
LogPluginManager: Mounting plugin LocationServicesBPLibrary
LogPluginManager: Mounting plugin MobilePatchingUtils
LogPluginManager: Mounting plugin OculusVR
LogPluginManager: Plugin shader directory ../../../Engine/Plugins/Runtime/Oculus/OculusVR/Shaders found
LogPluginManager: Mapping shader source directory ../../../Engine/Plugins/Runtime/Oculus/OculusVR/Shaders to virtual directory /Plugin/OculusVR
LogPluginManager: Mounting plugin PhysXVehicles
LogPluginManager: Mounting plugin ProceduralMeshComponent
LogPluginManager: Mounting plugin RuntimePhysXCooking
LogPluginManager: Mounting plugin SteamVR
LogPluginManager: Mounting plugin WindowsMoviePlayer
LogStreaming: Display: Took  0.165s to configure plugins.
LogInit: Using libcurl 7.55.1-DEV
LogInit:  - built for x86_64-pc-win32
LogInit:  - supports SSL with OpenSSL/1.0.2h
LogInit:  - supports HTTP deflate (compression) using libz 1.2.8
LogInit:  - other features:
LogInit:      CURL_VERSION_SSL
LogInit:      CURL_VERSION_LIBZ
LogInit:      CURL_VERSION_IPV6
LogInit:      CURL_VERSION_ASYNCHDNS
LogInit:      CURL_VERSION_LARGEFILE
LogInit:      CURL_VERSION_IDN
LogInit:  CurlRequestOptions (configurable via config and command line):
LogInit:  - bVerifyPeer = false  - Libcurl will NOT verify peer certificate
LogInit:  - bUseHttpProxy = false  - Libcurl will NOT use HTTP proxy
LogInit:  - bDontReuseConnections = false  - Libcurl will reuse connections
LogInit:  - CertBundlePath = nullptr  - Libcurl will use whatever was configured at build time.
LogInit:  - MaxHostConnections = 16  - Libcurl will limit the number of connections to a host
LogInit:  - LocalHostAddr = Default
LogInit:  - BufferSize = 65536
LogInit: WinSock: version 1.1 (2.2), MaxSocks=32767, MaxUdp=65467
LogInit: Build: ++UE4+Release-4.20-CL-4369336
LogInit: Engine Version: 4.20.3-4369336+++UE4+Release-4.20
LogInit: Compatible Engine Version: 4.20.0-4212847+++UE4+Release-4.20
LogInit: Net CL: 4212847
LogInit: OS: Windows 10 (), CPU: AMD FX(tm)-6120 Six-Core Processor             , GPU: NVIDIA GeForce GTX 660 Ti
LogInit: Compiled (64-bit): Sep 17 2018 12:26:19
LogInit: Compiled with Visual C++: 19.13.26129.00
LogInit: Build Configuration: Development
LogInit: Branch Name: ++UE4+Release-4.20
LogInit: Command Line:  /Game/ThirdPersonBP/Maps/Starting_Area -game -PIEVIACONSOLE -ResX=1280 -ResY=720  -Multiprocess -messaging -SessionName="Play in Standalone Game" -windowed 
LogInit: Base Directory: C:/Program Files/Epic Games/UE_4.20/Engine/Binaries/Win64/
LogInit: Installed Engine Build: 1
LogDevObjectVersion: Number of dev versions registered: 20
LogDevObjectVersion:   Dev-Blueprints (B0D832E4-1F89-4F0D-ACCF-7EB736FD4AA2): 10
LogDevObjectVersion:   Dev-Build (E1C64328-A22C-4D53-A36C-8E866417BD8C): 0
LogDevObjectVersion:   Dev-Core (375EC13C-06E4-48FB-B500-84F0262A717E): 2
LogDevObjectVersion:   Dev-Editor (E4B068ED-F494-42E9-A231-DA0B2E46BB41): 24
LogDevObjectVersion:   Dev-Framework (CFFC743F-43B0-4480-9391-14DF171D2073): 34
LogDevObjectVersion:   Dev-Mobile (B02B49B5-BB20-44E9-A304-32B752E40360): 2
LogDevObjectVersion:   Dev-Networking (A4E4105C-59A1-49B5-A7C5-40C4547EDFEE): 0
LogDevObjectVersion:   Dev-Online (39C831C9-5AE6-47DC-9A44-9C173E1C8E7C): 0
LogDevObjectVersion:   Dev-Physics (78F01B33-EBEA-4F98-B9B4-84EACCB95AA2): 0
LogDevObjectVersion:   Dev-Platform (6631380F-2D4D-43E0-8009-CF276956A95A): 0
LogDevObjectVersion:   Dev-Rendering (12F88B9F-8875-4AFC-A67C-D90C383ABD29): 26
LogDevObjectVersion:   Dev-Sequencer (7B5AE74C-D270-4C10-A958-57980B212A5A): 9
LogDevObjectVersion:   Dev-VR (D7296918-1DD6-4BDD-9DE2-64A83CC13884): 2
LogDevObjectVersion:   Dev-LoadTimes (C2A15278-BFE7-4AFE-6C17-90FF531DF755): 1
LogDevObjectVersion:   Private-Geometry (6EACA3D4-40EC-4CC1-B786-8BED09428FC5): 3
LogDevObjectVersion:   Dev-AnimPhys (29E575DD-E0A3-4627-9D10-D276232CDCEA): 17
LogDevObjectVersion:   Dev-ReflectionCapture (6B266CEC-1EC7-4B8F-A30B-E4D90942FC07): 1
LogDevObjectVersion:   Dev-Automation (0DF73D61-A23F-47EA-B727-89E90C41499A): 1
LogDevObjectVersion:   FortniteMain (601D1886-AC64-4F84-AA16-D3DE0DEAC7D6): 12
LogDevObjectVersion:   Dev-Enterprise (9DFFBCD6-494F-0158-E221-12823C92A888): 1
LogStreaming: Display: Took  0.008s to delete old logs.
LogInit: Presizing for max 8388607 objects, including 0 objects not considered by GC, pre-allocating 0 bytes for permanent pool.
LogInit: Object subsystem initialized
[2018.11.13-05.32.15:963][  0]LogInit: Selected Device Profile: [Windows]
[2018.11.13-05.32.15:963][  0]LogInit: Applying CVar settings loaded from the selected device profile: [Windows]
[2018.11.13-05.32.15:995][  0]LogHAL: Display: Platform has ~ 10 GB [10491457536 / 17179869184 / 10], which maps to Default [LargestMinGB=32, LargerMinGB=12, DefaultMinGB=8, SmallerMinGB=6, SmallestMinGB=0)
[2018.11.13-05.32.15:995][  0]LogInit: Setting Device Profile CVar: [[r.Vulkan.UseRealUBs:1]]
[2018.11.13-05.32.15:995][  0]LogInit: Going up to parent DeviceProfile []
[2018.11.13-05.32.15:997][  0]LogInit: Computer: DESKTOP-RPLIV76
[2018.11.13-05.32.15:997][  0]LogInit: User: mytho
[2018.11.13-05.32.15:997][  0]LogInit: CPU Page size=4096, Cores=3
[2018.11.13-05.32.15:997][  0]LogInit: High frequency timer resolution =3.409436 MHz
[2018.11.13-05.32.15:998][  0]LogMemory: Memory total: Physical=9.8GB (10GB approx)
[2018.11.13-05.32.15:998][  0]LogMemory: Platform Memory Stats for Windows
[2018.11.13-05.32.15:998][  0]LogMemory: Process Physical Memory: 101.51 MB used, 101.51 MB peak
[2018.11.13-05.32.15:998][  0]LogMemory: Process Virtual Memory: 95.05 MB used, 95.05 MB peak
[2018.11.13-05.32.15:998][  0]LogMemory: Physical Memory: 6179.66 MB used,  3825.78 MB free, 10005.43 MB total
[2018.11.13-05.32.15:998][  0]LogMemory: Virtual Memory: 4636.37 MB used,  3825.78 MB free, 134217728.00 MB total
[2018.11.13-05.32.16:036][  0]LogInit: Using OS detected language (en-US).
[2018.11.13-05.32.16:036][  0]LogInit: Using OS detected locale (en-US).
[2018.11.13-05.32.16:038][  0]LogTextLocalizationManager: No specific localization for 'en-US' exists, so the 'en' localization will be used.
[2018.11.13-05.32.16:848][  0]LogStreaming: Display: Took  0.812s to InitEngineTextLocalization.
[2018.11.13-05.32.16:981][  0]LogSlate: New Slate User Created.  User Index 0, Is Virtual User: 0
[2018.11.13-05.32.16:981][  0]LogSlate: Slate User Registered.  User Index 0, Is Virtual User: 0
[2018.11.13-05.32.16:996][  0]LogHMD: Failed to initialize OpenVR with code 110
[2018.11.13-05.32.16:996][  0]LogD3D11RHI: D3D11 adapters:
[2018.11.13-05.32.17:078][  0]LogD3D11RHI:    0. 'NVIDIA GeForce GTX 660 Ti' (Feature Level 11_0)
[2018.11.13-05.32.17:078][  0]LogD3D11RHI:       2015/0/5002 MB DedicatedVideo/DedicatedSystem/SharedSystem, Outputs:1, VendorId:0x10de
[2018.11.13-05.32.17:081][  0]LogD3D11RHI:    1. 'Microsoft Basic Render Driver' (Feature Level 11_0)
[2018.11.13-05.32.17:081][  0]LogD3D11RHI:       0/0/5002 MB DedicatedVideo/DedicatedSystem/SharedSystem, Outputs:0, VendorId:0x1414
[2018.11.13-05.32.17:081][  0]LogD3D11RHI: Chosen D3D11 Adapter: 0
[2018.11.13-05.32.17:095][  0]LogD3D11RHI: Creating new Direct3DDevice
[2018.11.13-05.32.17:095][  0]LogD3D11RHI:     GPU DeviceId: 0x1183 (for the marketing name, search the web for "GPU Device Id")
[2018.11.13-05.32.17:095][  0]LogWindows: EnumDisplayDevices:
[2018.11.13-05.32.17:095][  0]LogWindows:    0. 'NVIDIA GeForce GTX 660 Ti' (P:1 D:1)
[2018.11.13-05.32.17:095][  0]LogWindows:    1. 'NVIDIA GeForce GTX 660 Ti' (P:0 D:0)
[2018.11.13-05.32.17:096][  0]LogWindows:    2. 'NVIDIA GeForce GTX 660 Ti' (P:0 D:0)
[2018.11.13-05.32.17:096][  0]LogWindows:    3. 'NVIDIA GeForce GTX 660 Ti' (P:0 D:0)
[2018.11.13-05.32.17:096][  0]LogWindows: DebugString: FoundDriverCount:4 
[2018.11.13-05.32.17:096][  0]LogD3D11RHI:     Adapter Name: NVIDIA GeForce GTX 660 Ti
[2018.11.13-05.32.17:097][  0]LogD3D11RHI:   Driver Version: 388.13 (internal:23.21.13.8813, unified:388.13)
[2018.11.13-05.32.17:097][  0]LogD3D11RHI:      Driver Date: 10-27-2017
[2018.11.13-05.32.17:097][  0]LogRHI: Texture pool is 1410 MB (70% of 2015 MB)
[2018.11.13-05.32.17:158][  0]LogD3D11RHI: Async texture creation enabled
[2018.11.13-05.32.17:173][  0]LogD3D11RHI: GPU Timing Frequency: 1000.000000 (Debug: 2 1)
[2018.11.13-05.32.17:177][  0]LogShaderCompilers: Guid format shader working directory is -1 characters bigger than the processId version (../../../../../../Users/mytho/Documents/Bjourn/Intermediate/Shaders/WorkingDirectory/11612/).
[2018.11.13-05.32.17:177][  0]LogShaderCompilers: Cleaned the shader compiler working directory 'C:/Users/mytho/AppData/Local/Temp/UnrealShaderWorkingDir/4E00B9D34EF979D9683B0BB32E124A2B/'.
[2018.11.13-05.32.17:719][  0]LogTemp: Display: Loaded TP WindowsClientTargetPlatform
[2018.11.13-05.32.17:755][  0]LogTemp: Display: Loaded TP WindowsNoEditorTargetPlatform
[2018.11.13-05.32.17:785][  0]LogTemp: Display: Loaded TP WindowsServerTargetPlatform
[2018.11.13-05.32.17:818][  0]LogTemp: Display: Loaded TP WindowsTargetPlatform
[2018.11.13-05.32.17:818][  0]LogTargetPlatformManager: Display: Building Assets For Windows
[2018.11.13-05.32.17:941][  0]LogXGEController: Cannot use XGE Controller as Incredibuild is not installed on this machine.
[2018.11.13-05.32.17:941][  0]LogShaderCompilers: Cannot use XGE Shader Compiler as Incredibuild is not installed on this machine.
[2018.11.13-05.32.17:941][  0]LogShaderCompilers: Display: Using Local Shader Compiler.
[2018.11.13-05.32.19:585][  0]LogDerivedDataCache: Display: Max Cache Size: 512 MB
[2018.11.13-05.32.19:701][  0]LogDerivedDataCache: Loaded boot cache 0.12s 71MB C:/Users/mytho/AppData/Local/UnrealEngine/4.20/DerivedDataCache/Boot.ddc.
[2018.11.13-05.32.19:702][  0]LogDerivedDataCache: Display: Loaded Boot cache: C:/Users/mytho/AppData/Local/UnrealEngine/4.20/DerivedDataCache/Boot.ddc
[2018.11.13-05.32.19:702][  0]LogDerivedDataCache: FDerivedDataBackendGraph:  Pak pak cache file ../../../../../../Users/mytho/Documents/Bjourn/DerivedDataCache/DDC.ddp not found, will not use a pak cache.
[2018.11.13-05.32.19:702][  0]LogDerivedDataCache: Unable to find inner node Pak for hierarchical cache Hierarchy.
[2018.11.13-05.32.19:702][  0]LogDerivedDataCache: FDerivedDataBackendGraph:  CompressedPak pak cache file ../../../../../../Users/mytho/Documents/Bjourn/DerivedDataCache/Compressed.ddp not found, will not use a pak cache.
[2018.11.13-05.32.19:702][  0]LogDerivedDataCache: Unable to find inner node CompressedPak for hierarchical cache Hierarchy.
[2018.11.13-05.32.19:729][  0]LogDerivedDataCache: Display: Pak cache opened for reading ../../../Engine/DerivedDataCache/Compressed.ddp.
[2018.11.13-05.32.19:743][  0]LogDerivedDataCache: Using Local data cache path C:/Users/mytho/AppData/Local/UnrealEngine/Common/DerivedDataCache: Writable
[2018.11.13-05.32.19:743][  0]LogDerivedDataCache: Shared data cache path not found in *engine.ini, will not use an Shared cache.
[2018.11.13-05.32.19:743][  0]LogDerivedDataCache: Unable to find inner node Shared for hierarchical cache Hierarchy.
[2018.11.13-05.32.19:781][  0]LogMaterial: Verifying Global Shaders for PCD3D_SM5
[2018.11.13-05.32.19:784][  0]LogSlate: Using FreeType 2.6.0
[2018.11.13-05.32.19:817][  0]LogSlate: SlateFontServices - WITH_FREETYPE: 1, WITH_HARFBUZZ: 1
[2018.11.13-05.32.21:345][  0]LogInit: Using OS detected language (en-US).
[2018.11.13-05.32.21:345][  0]LogInit: Using OS detected locale (en-US).
[2018.11.13-05.32.21:345][  0]LogTextLocalizationManager: No localization for 'en-US' exists, so 'en' will be used for the language.
[2018.11.13-05.32.21:345][  0]LogTextLocalizationManager: No localization for 'en-US' exists, so 'en' will be used for the locale.
[2018.11.13-05.32.21:889][  0]LogStreaming: Display: Took  0.544s to InitGameTextLocalization.
[2018.11.13-05.32.21:908][  0]LogAssetRegistry: FAssetRegistry took 0.0113 seconds to start up
[2018.11.13-05.32.22:330][  0]LogPackageLocalizationCache: Processed 11 localized package path(s) for 1 prioritized culture(s) in 0.019446 seconds
[2018.11.13-05.32.22:557][  0]LogInit: Selected Device Profile: [Windows]
[2018.11.13-05.32.22:772][  0]LogSimplygon: Simplygon DLL not present - disabling.
[2018.11.13-05.32.22:780][  0]LogMeshReduction: Using SimplygonSwarm for distributed automatic mesh merging
[2018.11.13-05.32.22:780][  0]LogMeshReduction: Using ProxyLODMeshReduction for automatic mesh merging
[2018.11.13-05.32.22:780][  0]LogMeshReduction: Using QuadricMeshReduction for automatic static mesh reduction
[2018.11.13-05.32.22:780][  0]LogMeshReduction: No automatic skeletal mesh reduction module available
[2018.11.13-05.32.22:810][  0]LogNetVersion: Bjourn 1.0.0, NetCL: 4212847, EngineNetVer: 5, GameNetVer: 0 (Checksum: 2510388400)
[2018.11.13-05.32.23:715][  0]LogMoviePlayer: Initializing movie player
[2018.11.13-05.32.23:961][  0]LogTcpMessaging: Initializing TcpMessaging bridge
[2018.11.13-05.32.23:975][  0]LogUdpMessaging: Initializing bridge on interface 0.0.0.0:0 to multicast group 230.0.0.1:6666.
[2018.11.13-05.32.24:093][  0]SourceControl: Source control is disabled
[2018.11.13-05.32.24:094][  0]SourceControl: Source control is disabled
[2018.11.13-05.32.24:095][  0]SourceControl: Source control is disabled
[2018.11.13-05.32.24:254][  0]LogAndroidPermission: UAndroidPermissionCallbackProxy::GetInstance
[2018.11.13-05.32.24:319][  0]LogOcInput: OculusInput pre-init called
[2018.11.13-05.32.24:337][  0]LogUObjectArray: 42168 objects as part of root set at end of initial load.
[2018.11.13-05.32.24:337][  0]LogUObjectAllocator: 7432352 out of 0 bytes used by permanent object pool.
[2018.11.13-05.32.24:337][  0]LogUObjectArray: CloseDisregardForGC: 0/0 objects in disregard for GC pool
[2018.11.13-05.32.24:522][  0]LogEngine: Initializing Engine...
[2018.11.13-05.32.24:524][  0]LogHMD: Failed to initialize OpenVR with code 110
[2018.11.13-05.32.24:538][  0]LogStats: UGameplayTagsManager::ConstructGameplayTagTree: ImportINI prefixes -  0.000 s
[2018.11.13-05.32.24:538][  0]LogStats: UGameplayTagsManager::ConstructGameplayTagTree: Construct from data asset -  0.000 s
[2018.11.13-05.32.24:538][  0]LogStats: UGameplayTagsManager::ConstructGameplayTagTree: ImportINI -  0.000 s
[2018.11.13-05.32.24:538][  0]LogStats: UGameplayTagsManager::ConstructGameplayTagTree: GameplayTagTreeChangedEvent.Broadcast -  0.000 s
[2018.11.13-05.32.24:815][  0]LogInit: Initializing FReadOnlyCVARCache
[2018.11.13-05.32.24:825][  0]LogInit: XAudio2 using '332-B11-4 (NVIDIA High Definition Audio)' : 2 channels at 48 kHz using 16 bits per sample (channel mask 0x3)
[2018.11.13-05.32.24:846][  0]LogInit: FAudioDevice initialized.
[2018.11.13-05.32.24:858][  0]LogNetVersion: Set ProjectVersion to 1.0.0.0. Version Checksum will be recalculated on next use.
[2018.11.13-05.32.24:859][  0]LogInit: Texture streaming: Enabled
[2018.11.13-05.32.25:092][  0]LogSlate: Updating window title bar state: overlay mode, drag disabled, window buttons hidden, title bar hidden
[2018.11.13-05.32.25:092][  0]LogInit: Display: Game Engine Initialized.
[2018.11.13-05.32.25:092][  0]LogGameplayTags: Display: UGameplayTagsManager::DoneAddingNativeTags. DelegateIsBound: 0
[2018.11.13-05.32.25:092][  0]LogStats: UGameplayTagsManager::ConstructGameplayTagTree: ImportINI prefixes -  0.000 s
[2018.11.13-05.32.25:092][  0]LogStats: UGameplayTagsManager::ConstructGameplayTagTree: Construct from data asset -  0.000 s
[2018.11.13-05.32.25:092][  0]LogStats: UGameplayTagsManager::ConstructGameplayTagTree: ImportINI -  0.000 s
[2018.11.13-05.32.25:092][  0]LogStats: UGameplayTagsManager::ConstructGameplayTagTree: GameplayTagTreeChangedEvent.Broadcast -  0.000 s
[2018.11.13-05.32.25:123][  0]LogInit: Display: Starting Game.
[2018.11.13-05.32.25:123][  0]LogNet: Browse: /Game/ThirdPersonBP/Maps/Starting_Area?Name=Player
[2018.11.13-05.32.25:124][  0]LogLoad: LoadMap: /Game/ThirdPersonBP/Maps/Starting_Area?Name=Player
[2018.11.13-05.32.56:763][  0]LogMaterial: Display: Missing cached shader map for material tree_tree_trunk, compiling. 
[2018.11.13-05.32.56:764][  0]LogMaterial: Warning: C:\Users\mytho\Documents\Bjourn\Content\Imports\Environment\Trees\Leafed\tree_tree_trunk.uasset: Failed to compile Material for platform PCD3D_SM5, Default Material will be used in game.
[2018.11.13-05.32.56:764][  0]LogMaterial: 	(Node TextureSample) TextureSample> Sampler type is Normal, should be Color for /Game/Imports/Environment/Trees/Leafed/TexturesCom_BarkPine0012_1_M_bump.TexturesCom_BarkPine0012_1_M_bump
[2018.11.13-05.32.57:646][  0]LogAIModule: Creating AISystem for world Starting_Area
[2018.11.13-05.32.57:649][  0]LogLoad: Game class is 'BjournGameState_C'
[2018.11.13-05.32.57:844][  0]LogWorld: Bringing World /Game/ThirdPersonBP/Maps/Starting_Area.Starting_Area up for play (max tick rate 0) at 2018.11.12-23.32.57
[2018.11.13-05.32.57:859][  0]LogWorld: Bringing up level for play took: 0.208262
[2018.11.13-05.32.58:089][  0]LogLoad: Took 32.966344 seconds to LoadMap(/Game/ThirdPersonBP/Maps/Starting_Area)
[2018.11.13-05.32.58:223][  0]LogRenderer: Reallocating scene render targets to support 1280x720 Format 10 NumSamples 1 (Frame:1).
[2018.11.13-05.32.58:224][  0]LogLoad: (Engine Initialization) Total time: 49.77 seconds
[2018.11.13-05.32.58:224][  0]LogLoad: (Engine Initialization) Total Blueprint compile time: 0.00 seconds
[2018.11.13-05.32.58:253][  0]LogContentStreaming: Texture pool size now 1000 MB
[2018.11.13-05.33.18:618][ 84]LogSlate: Window 'Bjourn (64-bit Development PCD3D_SM5) ' being destroyed
[2018.11.13-05.33.18:619][ 84]LogWindowsTextInputMethodSystem: Display: IME system now deactivated.
[2018.11.13-05.33.18:622][ 85]LogSlate: Updating window title bar state: overlay mode, drag disabled, window buttons hidden, title bar hidden
[2018.11.13-05.33.18:622][ 85]LogEngine: All Windows Closed
[2018.11.13-05.33.18:622][ 85]LogWindows: FPlatformMisc::RequestExit(0)
[2018.11.13-05.33.19:574][ 86]LogExit: Preparing to exit.
[2018.11.13-05.33.19:574][ 86]LogMoviePlayer: Shutting down movie player
[2018.11.13-05.33.20:044][ 86]LogSlate: Updating window title bar state: overlay mode, drag disabled, window buttons hidden, title bar hidden
[2018.11.13-05.33.20:130][ 86]LogExit: Game engine shut down
[2018.11.13-05.33.20:600][ 86]LogExit: Object subsystem successfully closed.
[2018.11.13-05.33.20:619][ 86]LogShaderCompilers: Display: Shaders left to compile 0
[2018.11.13-05.33.20:631][ 86]LogD3D11RHI: Shutdown
[2018.11.13-05.33.20:632][ 86]LogD3D11RHI: CleanupD3DDevice
[2018.11.13-05.33.20:642][ 86]LogD3D11RHI: ~FD3D11DynamicRHI
[2018.11.13-05.33.20:672][ 86]LogModuleManager: Shutting down and abandoning module SequenceRecorderSections (376)
[2018.11.13-05.33.20:673][ 86]LogModuleManager: Shutting down and abandoning module SequenceRecorder (374)
[2018.11.13-05.33.20:673][ 86]LogModuleManager: Shutting down and abandoning module AutomationController (372)
[2018.11.13-05.33.20:673][ 86]LogModuleManager: Shutting down and abandoning module AutomationWorker (370)
[2018.11.13-05.33.20:673][ 86]LogModuleManager: Shutting down and abandoning module Voice (368)
[2018.11.13-05.33.20:673][ 86]LogModuleManager: Shutting down and abandoning module AIModule (366)
[2018.11.13-05.33.20:673][ 86]LogModuleManager: Shutting down and abandoning module GameplayDebugger (365)
[2018.11.13-05.33.20:673][ 86]LogModuleManager: Shutting down and abandoning module AITestSuite (363)
[2018.11.13-05.33.20:673][ 86]LogModuleManager: Shutting down and abandoning module NavigationSystem (361)
[2018.11.13-05.33.20:673][ 86]LogModuleManager: Shutting down and abandoning module WmfMediaFactory (358)
[2018.11.13-05.33.20:673][ 86]LogModuleManager: Shutting down and abandoning module OpenExrWrapper (356)
[2018.11.13-05.33.20:673][ 86]LogModuleManager: Shutting down and abandoning module ImgMediaFactory (354)
[2018.11.13-05.33.20:673][ 86]LogModuleManager: Shutting down and abandoning module AvfMediaFactory (352)
[2018.11.13-05.33.20:673][ 86]LogModuleManager: Shutting down and abandoning module MagicLeapCameraPreviewFactory (350)
[2018.11.13-05.33.20:673][ 86]LogModuleManager: Shutting down and abandoning module MagicLeapMediaFactory (348)
[2018.11.13-05.33.20:673][ 86]LogModuleManager: Shutting down and abandoning module CharacterAI (346)
[2018.11.13-05.33.20:673][ 86]LogModuleManager: Shutting down and abandoning module SessionServices (344)
[2018.11.13-05.33.20:673][ 86]LogModuleManager: Shutting down and abandoning module MovieSceneCapture (342)
[2018.11.13-05.33.20:673][ 86]LogModuleManager: Shutting down and abandoning module MovieSceneTracks (340)
[2018.11.13-05.33.20:673][ 86]LogModuleManager: Shutting down and abandoning module MovieScene (338)
[2018.11.13-05.33.20:673][ 86]LogModuleManager: Shutting down and abandoning module StreamingPauseRendering (336)
[2018.11.13-05.33.20:673][ 86]LogModuleManager: Shutting down and abandoning module PortalServices (334)
[2018.11.13-05.33.20:673][ 86]LogModuleManager: Shutting down and abandoning module PortalRpc (332)
[2018.11.13-05.33.20:674][ 86]LogModuleManager: Shutting down and abandoning module MessagingRpc (330)
[2018.11.13-05.33.20:674][ 86]LogModuleManager: Shutting down and abandoning module ProfilerService (328)
[2018.11.13-05.33.20:681][ 86]LogModuleManager: Shutting down and abandoning module TaskGraph (326)
[2018.11.13-05.33.20:681][ 86]LogModuleManager: Shutting down and abandoning module SteamVRController (324)
[2018.11.13-05.33.20:682][ 86]LogModuleManager: Shutting down and abandoning module ProceduralMeshComponent (322)
[2018.11.13-05.33.20:682][ 86]LogModuleManager: Shutting down and abandoning module OculusInput (320)
[2018.11.13-05.33.20:682][ 86]LogModuleManager: Shutting down and abandoning module MobilePatchingUtils (318)
[2018.11.13-05.33.20:682][ 86]LogModuleManager: Shutting down and abandoning module EditableMesh (316)
[2018.11.13-05.33.20:682][ 86]LogModuleManager: Shutting down and abandoning module CustomMeshComponent (314)
[2018.11.13-05.33.20:682][ 86]LogModuleManager: Shutting down and abandoning module CableComponent (312)
[2018.11.13-05.33.20:682][ 86]LogModuleManager: Shutting down and abandoning module AudioCapture (310)
[2018.11.13-05.33.20:682][ 86]LogModuleManager: Shutting down and abandoning module ArchVisCharacter (308)
[2018.11.13-05.33.20:682][ 86]LogModuleManager: Shutting down and abandoning module AndroidPermission (306)
[2018.11.13-05.33.20:682][ 86]LogModuleManager: Shutting down and abandoning module NUTUnrealEngine4 (304)
[2018.11.13-05.33.20:682][ 86]LogModuleManager: Shutting down and abandoning module NetcodeUnitTest (302)
[2018.11.13-05.33.20:682][ 86]LogModuleManager: Shutting down and abandoning module MediaCompositing (300)
[2018.11.13-05.33.20:682][ 86]LogModuleManager: Shutting down and abandoning module LinearTimecode (298)
[2018.11.13-05.33.20:682][ 86]LogModuleManager: Shutting down and abandoning module ImgMedia (296)
[2018.11.13-05.33.20:686][ 86]LogModuleManager: Shutting down and abandoning module HTML5Networking (294)
[2018.11.13-05.33.20:686][ 86]LogModuleManager: Shutting down and abandoning module GeometryCacheTracks (292)
[2018.11.13-05.33.20:686][ 86]LogModuleManager: Shutting down and abandoning module GeometryCacheSequencer (291)
[2018.11.13-05.33.20:686][ 86]LogModuleManager: Shutting down and abandoning module GeometryCache (288)
[2018.11.13-05.33.20:686][ 86]LogModuleManager: Shutting down and abandoning module GeometryCacheEd (287)
[2018.11.13-05.33.20:686][ 86]LogModuleManager: Shutting down and abandoning module BackChannel (284)
[2018.11.13-05.33.20:686][ 86]LogModuleManager: Shutting down and abandoning module AppleVision (282)
[2018.11.13-05.33.20:686][ 86]LogModuleManager: Shutting down and abandoning module AppleImageUtils (280)
[2018.11.13-05.33.20:686][ 86]LogModuleManager: Shutting down and abandoning module DatasmithContent (278)
[2018.11.13-05.33.20:687][ 86]LogModuleManager: Shutting down and abandoning module CryptoKeysOpenSSL (276)
[2018.11.13-05.33.20:687][ 86]LogModuleManager: Shutting down and abandoning module CryptoKeys (274)
[2018.11.13-05.33.20:687][ 86]LogModuleManager: Shutting down and abandoning module VisualStudioSourceCodeAccess (272)
[2018.11.13-05.33.20:688][ 86]LogModuleManager: Shutting down and abandoning module HotReload (271)
[2018.11.13-05.33.20:688][ 86]LogModuleManager: Shutting down and abandoning module DirectoryWatcher (270)
[2018.11.13-05.33.20:688][ 86]LogModuleManager: Shutting down and abandoning module VisualStudioCodeSourceCodeAccess (266)
[2018.11.13-05.33.20:688][ 86]LogModuleManager: Shutting down and abandoning module UObjectPlugin (264)
[2018.11.13-05.33.20:688][ 86]LogModuleManager: Shutting down and abandoning module SubversionSourceControl (262)
[2018.11.13-05.33.20:688][ 86]LogModuleManager: Shutting down and abandoning module PerforceSourceControl (260)
[2018.11.13-05.33.20:688][ 86]LogModuleManager: Shutting down and abandoning module SourceControl (259)
[2018.11.13-05.33.20:688][ 86]LogModuleManager: Shutting down and abandoning module CLionSourceCodeAccess (256)
[2018.11.13-05.33.20:688][ 86]LogModuleManager: Shutting down and abandoning module RuntimePhysXCooking (254)
[2018.11.13-05.33.20:688][ 86]LogModuleManager: Shutting down and abandoning module PhysXVehiclesEditor (252)
[2018.11.13-05.33.20:688][ 86]LogModuleManager: Shutting down and abandoning module PhysXVehicles (250)
[2018.11.13-05.33.20:688][ 86]LogModuleManager: Shutting down and abandoning module LocationServicesBPLibrary (248)
[2018.11.13-05.33.20:688][ 86]LogModuleManager: Shutting down and abandoning module ImmediatePhysicsEditor (246)
[2018.11.13-05.33.20:688][ 86]LogModuleManager: Shutting down and abandoning module ImmediatePhysics (244)
[2018.11.13-05.33.20:688][ 86]LogModuleManager: Shutting down and abandoning module ActorSequence (242)
[2018.11.13-05.33.20:688][ 86]LogModuleManager: Shutting down and abandoning module UdpMessaging (240)
[2018.11.13-05.33.20:789][ 86]LogModuleManager: Shutting down and abandoning module TcpMessaging (238)
[2018.11.13-05.33.21:012][ 86]LogModuleManager: Shutting down and abandoning module MagicLeapAudio (236)
[2018.11.13-05.33.21:012][ 86]LogModuleManager: Shutting down and abandoning module GameplayTagsEditor (234)
[2018.11.13-05.33.21:012][ 86]LogModuleManager: Shutting down and abandoning module FacialAnimation (232)
[2018.11.13-05.33.21:012][ 86]LogModuleManager: Shutting down and abandoning module DataValidation (230)
[2018.11.13-05.33.21:012][ 86]LogModuleManager: Shutting down and abandoning module AssetManagerEditor (228)
[2018.11.13-05.33.21:013][ 86]LogModuleManager: Shutting down and abandoning module TreeMap (227)
[2018.11.13-05.33.21:013][ 86]LogModuleManager: Shutting down and abandoning module LightPropagationVolumeRuntime (224)
[2018.11.13-05.33.21:013][ 86]LogModuleManager: Shutting down and abandoning module AISupportModule (222)
[2018.11.13-05.33.21:013][ 86]LogModuleManager: Shutting down and abandoning module Paper2D (220)
[2018.11.13-05.33.21:013][ 86]LogModuleManager: Shutting down and abandoning module PIEPreviewDeviceProfileSelector (218)
[2018.11.13-05.33.21:013][ 86]LogModuleManager: Shutting down and abandoning module WindowsMoviePlayer (216)
[2018.11.13-05.33.21:013][ 86]LogModuleManager: Shutting down and abandoning module WmfMedia (214)
[2018.11.13-05.33.21:014][ 86]LogModuleManager: Shutting down and abandoning module Media (213)
[2018.11.13-05.33.21:020][ 86]LogModuleManager: Shutting down and abandoning module PacketHandler (210)
[2018.11.13-05.33.21:020][ 86]LogModuleManager: Shutting down and abandoning module ClothingSystemEditor (208)
[2018.11.13-05.33.21:020][ 86]LogModuleManager: Shutting down and abandoning module ClothingSystemRuntime (206)
[2018.11.13-05.33.21:020][ 86]LogModuleManager: Shutting down and abandoning module MediaAssets (204)
[2018.11.13-05.33.21:020][ 86]LogModuleManager: Shutting down and abandoning module Overlay (202)
[2018.11.13-05.33.21:020][ 86]LogModuleManager: Shutting down and abandoning module OverlayEditor (201)
[2018.11.13-05.33.21:020][ 86]LogModuleManager: Shutting down and abandoning module VREditor (198)
[2018.11.13-05.33.21:020][ 86]LogModuleManager: Shutting down and abandoning module StringTableEditor (196)
[2018.11.13-05.33.21:020][ 86]LogModuleManager: Shutting down and abandoning module GameplayTasksEditor (194)
[2018.11.13-05.33.21:020][ 86]LogModuleManager: Shutting down and abandoning module BehaviorTreeEditor (192)
[2018.11.13-05.33.21:020][ 86]LogModuleManager: Shutting down and abandoning module FunctionalTesting (190)
[2018.11.13-05.33.21:021][ 86]LogModuleManager: Shutting down and abandoning module CollisionAnalyzer (188)
[2018.11.13-05.33.21:021][ 86]LogModuleManager: Shutting down and abandoning module WorkspaceMenuStructure (187)
[2018.11.13-05.33.21:021][ 86]LogModuleManager: Shutting down and abandoning module UMG (184)
[2018.11.13-05.33.21:021][ 86]LogModuleManager: Shutting down and abandoning module UMGEditor (183)
[2018.11.13-05.33.21:021][ 86]LogModuleManager: Shutting down and abandoning module Sequencer (182)
[2018.11.13-05.33.21:021][ 86]LogModuleManager: Shutting down and abandoning module MessageLog (179)
[2018.11.13-05.33.21:021][ 86]LogModuleManager: Shutting down and abandoning module SlateReflector (174)
[2018.11.13-05.33.21:021][ 86]LogModuleManager: Shutting down and abandoning module Slate (172)
[2018.11.13-05.33.21:021][ 86]LogModuleManager: Shutting down and abandoning module EditorStyle (170)
[2018.11.13-05.33.21:023][ 86]LogModuleManager: Shutting down and abandoning module MRMesh (168)
[2018.11.13-05.33.21:023][ 86]LogModuleManager: Shutting down and abandoning module Messaging (166)
[2018.11.13-05.33.21:023][ 86]LogModuleManager: Shutting down and abandoning module SourceCodeAccess (164)
[2018.11.13-05.33.21:023][ 86]LogModuleManager: Shutting down and abandoning module HeadMountedDisplay (162)
[2018.11.13-05.33.21:023][ 86]LogModuleManager: Shutting down and abandoning module XAudio2 (160)
[2018.11.13-05.33.21:023][ 86]LogModuleManager: Shutting down and abandoning modu